{"numTotalTestSuites":803,"numPassedTestSuites":784,"numFailedTestSuites":19,"numPendingTestSuites":0,"numTotalTests":1639,"numPassedTests":1602,"numFailedTests":2,"numPendingTests":35,"numTodoTests":0,"snapshot":{"added":0,"failure":false,"filesAdded":0,"filesRemoved":0,"filesRemovedList":[],"filesUnmatched":0,"filesUpdated":0,"matched":0,"total":0,"unchecked":0,"uncheckedKeysByFile":[],"unmatched":0,"updated":0,"didUpdate":false},"startTime":1772010144390,"success":false,"testResults":[{"assertionResults":[{"ancestorTitles":["AppShell role sync"],"fullName":"AppShell role sync sets role only when role changes","status":"passed","title":"sets role only when role changes","duration":1025.4004000000004,"failureMessages":[],"meta":{}},{"ancestorTitles":["AppShell role sync"],"fullName":"AppShell role sync does not loop when pathname changes multiple times","status":"passed","title":"does not loop when pathname changes multiple times","duration":377.46500000000015,"failureMessages":[],"meta":{}}],"startTime":1772010160854,"endTime":1772010162256.465,"status":"passed","message":"","name":"C:/Users/安武/.vscode/workspace/audit-management-system/src/app/AppShell.role-sync.spec.tsx"},{"assertionResults":[{"ancestorTitles":["canonicalJSONStringify"],"fullName":"canonicalJSONStringify produces same string for different key orders","status":"passed","title":"produces same string for different key orders","duration":4.675799999999981,"failureMessages":[],"meta":{}},{"ancestorTitles":["canonicalJSONStringify"],"fullName":"canonicalJSONStringify distinguishes different values","status":"passed","title":"distinguishes different values","duration":1.2445999999999913,"failureMessages":[],"meta":{}},{"ancestorTitles":["canonicalJSONStringify"],"fullName":"canonicalJSONStringify is stable with arrays (order matters inside arrays)","status":"passed","title":"is stable with arrays (order matters inside arrays)","duration":1.1059000000000196,"failureMessages":[],"meta":{}},{"ancestorTitles":["computeEntryHash"],"fullName":"computeEntryHash same logical payload yields same hash regardless of key order","status":"passed","title":"same logical payload yields same hash regardless of key order","duration":3.434900000000198,"failureMessages":[],"meta":{}},{"ancestorTitles":["computeEntryHash"],"fullName":"computeEntryHash different payload yields different hash","status":"passed","title":"different payload yields different hash","duration":1.3795000000000073,"failureMessages":[],"meta":{}}],"startTime":1772010224807,"endTime":1772010224819.3794,"status":"passed","message":"","name":"C:/Users/安武/.vscode/workspace/audit-management-system/src/lib/hashUtil.spec.ts"},{"assertionResults":[{"ancestorTitles":["ensureConfig"],"fullName":"ensureConfig builds baseUrl correctly with valid env","status":"passed","title":"builds baseUrl correctly with valid env","duration":1599.3598000000002,"failureMessages":[],"meta":{}},{"ancestorTitles":["ensureConfig"],"fullName":"ensureConfig normalizes slashes","status":"passed","title":"normalizes slashes","duration":16.16210000000001,"failureMessages":[],"meta":{}},{"ancestorTitles":["ensureConfig"],"fullName":"ensureConfig throws when placeholders remain","status":"passed","title":"throws when placeholders remain","duration":15.790500000000065,"failureMessages":[],"meta":{}},{"ancestorTitles":["ensureConfig"],"fullName":"ensureConfig throws when clearly invalid hosts are provided","status":"passed","title":"throws when clearly invalid hosts are provided","duration":15.147400000000289,"failureMessages":[],"meta":{}}],"startTime":1772010154581,"endTime":1772010156228.1475,"status":"passed","message":"","name":"C:/Users/安武/.vscode/workspace/audit-management-system/src/lib/spClient.spec.ts"},{"assertionResults":[{"ancestorTitles":["shouldResetNotified","初回作成（prev === null）"],"fullName":"shouldResetNotified 初回作成（prev === null） overall=fail の場合、Notified = false (Flow が拾う)","status":"passed","title":"overall=fail の場合、Notified = false (Flow が拾う)","duration":4.555199999999786,"failureMessages":[],"meta":{}},{"ancestorTitles":["shouldResetNotified","初回作成（prev === null）"],"fullName":"shouldResetNotified 初回作成（prev === null） overall=warn の場合、Notified = false (Flow が拾う)","status":"passed","title":"overall=warn の場合、Notified = false (Flow が拾う)","duration":1.2536000000000058,"failureMessages":[],"meta":{}},{"ancestorTitles":["shouldResetNotified","初回作成（prev === null）"],"fullName":"shouldResetNotified 初回作成（prev === null） overall=pass の場合、Notified = true (Flow が拾わない)","status":"passed","title":"overall=pass の場合、Notified = true (Flow が拾わない)","duration":1.030999999999949,"failureMessages":[],"meta":{}},{"ancestorTitles":["shouldResetNotified","更新時：Overall が変わった"],"fullName":"shouldResetNotified 更新時：Overall が変わった pass → fail：Notified = false (再通知)","status":"passed","title":"pass → fail：Notified = false (再通知)","duration":1.3578999999999724,"failureMessages":[],"meta":{}},{"ancestorTitles":["shouldResetNotified","更新時：Overall が変わった"],"fullName":"shouldResetNotified 更新時：Overall が変わった warn → pass：Notified = true (通知不要)","status":"passed","title":"warn → pass：Notified = true (通知不要)","duration":1.1334999999999127,"failureMessages":[],"meta":{}},{"ancestorTitles":["shouldResetNotified","更新時：Overall が変わった"],"fullName":"shouldResetNotified 更新時：Overall が変わった fail → warn：Notified = false (再通知)","status":"passed","title":"fail → warn：Notified = false (再通知)","duration":0.9945999999999913,"failureMessages":[],"meta":{}},{"ancestorTitles":["shouldResetNotified","更新時：TopIssue が変わった"],"fullName":"shouldResetNotified 更新時：TopIssue が変わった TopIssue が新規 → Notified = false (再通知)","status":"passed","title":"TopIssue が新規 → Notified = false (再通知)","duration":0.9429000000000087,"failureMessages":[],"meta":{}},{"ancestorTitles":["shouldResetNotified","更新時：TopIssue が変わった"],"fullName":"shouldResetNotified 更新時：TopIssue が変わった TopIssue が削除 → Notified = false (再通知)","status":"passed","title":"TopIssue が削除 → Notified = false (再通知)","duration":1.021600000000035,"failureMessages":[],"meta":{}},{"ancestorTitles":["shouldResetNotified","更新時：TopIssue が変わった"],"fullName":"shouldResetNotified 更新時：TopIssue が変わった TopIssue が同じ & overall が fail → Notified = undefined (変更なし)","status":"passed","title":"TopIssue が同じ & overall が fail → Notified = undefined (変更なし)","duration":1.11200000000008,"failureMessages":[],"meta":{}},{"ancestorTitles":["shouldResetNotified","更新時：SummaryText が変わった"],"fullName":"shouldResetNotified 更新時：SummaryText が変わった SummaryText が新規 → Notified = false (再通知)","status":"passed","title":"SummaryText が新規 → Notified = false (再通知)","duration":1.0363999999999578,"failureMessages":[],"meta":{}},{"ancestorTitles":["shouldResetNotified","更新時：SummaryText が変わった"],"fullName":"shouldResetNotified 更新時：SummaryText が変わった SummaryText が削除 → Notified = false (再通知)","status":"passed","title":"SummaryText が削除 → Notified = false (再通知)","duration":0.9265000000000327,"failureMessages":[],"meta":{}},{"ancestorTitles":["shouldResetNotified","更新時：SummaryText が変わった"],"fullName":"shouldResetNotified 更新時：SummaryText が変わった SummaryText が同じ & overall が warn → Notified = undefined (変更なし)","status":"passed","title":"SummaryText が同じ & overall が warn → Notified = undefined (変更なし)","duration":0.8775000000000546,"failureMessages":[],"meta":{}},{"ancestorTitles":["shouldResetNotified","更新時：すべて同じ（Notified を保持）"],"fullName":"shouldResetNotified 更新時：すべて同じ（Notified を保持） Notified=true のまま保持（undefined返却）","status":"passed","title":"Notified=true のまま保持（undefined返却）","duration":0.8881000000001222,"failureMessages":[],"meta":{}},{"ancestorTitles":["shouldResetNotified","更新時：すべて同じ（Notified を保持）"],"fullName":"shouldResetNotified 更新時：すべて同じ（Notified を保持） Notified=false のまま保持（undefined返却）","status":"passed","title":"Notified=false のまま保持（undefined返却）","duration":0.923399999999674,"failureMessages":[],"meta":{}},{"ancestorTitles":["shouldResetNotified","更新時：すべて同じ（Notified を保持）"],"fullName":"shouldResetNotified 更新時：すべて同じ（Notified を保持） ReportLink が変わっても内容が同じなら Notified を変更しない","status":"passed","title":"ReportLink が変わっても内容が同じなら Notified を変更しない","duration":0.94399999999996,"failureMessages":[],"meta":{}},{"ancestorTitles":["shouldResetNotified","エッジケース：Choice フィールド形式"],"fullName":"shouldResetNotified エッジケース：Choice フィールド形式 Overall が文字列形式（SharePoint返却）の場合、正規化して比較 → undefined","status":"passed","title":"Overall が文字列形式（SharePoint返却）の場合、正規化して比較 → undefined","duration":0.9623999999998887,"failureMessages":[],"meta":{}},{"ancestorTitles":["shouldResetNotified","エッジケース：Choice フィールド形式"],"fullName":"shouldResetNotified エッジケース：Choice フィールド形式 Overall が { Value: \"...\" } 形式の場合、正規化して比較 → undefined","status":"passed","title":"Overall が { Value: \"...\" } 形式の場合、正規化して比較 → undefined","duration":0.9307999999996355,"failureMessages":[],"meta":{}},{"ancestorTitles":["shouldResetNotified","エッジケース：Choice フィールド形式"],"fullName":"shouldResetNotified エッジケース：Choice フィールド形式 Overall が変わった（文字列 → { Value: \"...\" }） → false","status":"passed","title":"Overall が変わった（文字列 → { Value: \"...\" }） → false","duration":1.0294000000003507,"failureMessages":[],"meta":{}},{"ancestorTitles":["shouldResetNotified","複合ケース：複数フィールドが同時に変わった"],"fullName":"shouldResetNotified 複合ケース：複数フィールドが同時に変わった Overall と TopIssue が両方変わった(pass→fail) → Notified = false","status":"passed","title":"Overall と TopIssue が両方変わった(pass→fail) → Notified = false","duration":0.990099999999984,"failureMessages":[],"meta":{}},{"ancestorTitles":["shouldResetNotified","複合ケース：複数フィールドが同時に変わった"],"fullName":"shouldResetNotified 複合ケース：複数フィールドが同時に変わった TopIssue と SummaryText が両方変わった(fail継続) → Notified = false","status":"passed","title":"TopIssue と SummaryText が両方変わった(fail継続) → Notified = false","duration":1.011700000000019,"failureMessages":[],"meta":{}},{"ancestorTitles":["shouldResetNotified","Null / Undefined 安全性"],"fullName":"shouldResetNotified Null / Undefined 安全性 prev の TopIssue が undefined の場合、null として扱う → undefined","status":"passed","title":"prev の TopIssue が undefined の場合、null として扱う → undefined","duration":1.1990000000000691,"failureMessages":[],"meta":{}},{"ancestorTitles":["shouldResetNotified","Null / Undefined 安全性"],"fullName":"shouldResetNotified Null / Undefined 安全性 next の TopIssue が undefined の場合、null として扱う → false","status":"passed","title":"next の TopIssue が undefined の場合、null として扱う → false","duration":1.147899999999936,"failureMessages":[],"meta":{}}],"startTime":1772010208400,"endTime":1772010208428.148,"status":"passed","message":"","name":"C:/Users/安武/.vscode/workspace/audit-management-system/src/sharepoint/diagnosticsReports.spec.ts"},{"assertionResults":[{"ancestorTitles":["App.tsx Feature Flag Integration"],"fullName":"App.tsx Feature Flag Integration 🔍 HydrationHud表示制御の検証（テスト環境制約によりロジック重視）","status":"passed","title":"🔍 HydrationHud表示制御の検証（テスト環境制約によりロジック重視）","duration":6.3215000000000146,"failureMessages":[],"meta":{}},{"ancestorTitles":["App.tsx Feature Flag Integration"],"fullName":"App.tsx Feature Flag Integration 📅 Graph/Demo Port 切り替え制御の検証","status":"passed","title":"📅 Graph/Demo Port 切り替え制御の検証","duration":1.5644000000002052,"failureMessages":[],"meta":{}},{"ancestorTitles":["App.tsx Feature Flag Integration"],"fullName":"App.tsx Feature Flag Integration 🎛️ Feature Flag の安全なデフォルト動作","status":"passed","title":"🎛️ Feature Flag の安全なデフォルト動作","duration":1.1428999999998268,"failureMessages":[],"meta":{}},{"ancestorTitles":["App.tsx Feature Flag Integration"],"fullName":"App.tsx Feature Flag Integration � Feature Flag 環境設定の整合性","status":"passed","title":"� Feature Flag 環境設定の整合性","duration":1.4883999999997286,"failureMessages":[],"meta":{}},{"ancestorTitles":["App.tsx Feature Flag Integration"],"fullName":"App.tsx Feature Flag Integration 💡 App.tsx 層構造の確認（概念検証）","status":"passed","title":"💡 App.tsx 層構造の確認（概念検証）","duration":1.9389999999998508,"failureMessages":[],"meta":{}}],"startTime":1772010224096,"endTime":1772010224107.939,"status":"passed","message":"","name":"C:/Users/安武/.vscode/workspace/audit-management-system/src/__tests__/App.test.tsx"},{"assertionResults":[{"ancestorTitles":["AppShell navigation smoke test"],"fullName":"AppShell navigation smoke test exposes nav and footer test IDs","status":"passed","title":"exposes nav and footer test IDs","duration":957.4927000000007,"failureMessages":[],"meta":{}},{"ancestorTitles":["AppShell navigation smoke test"],"fullName":"AppShell navigation smoke test hides Iceberg PDCA nav when feature flag is off","status":"passed","title":"hides Iceberg PDCA nav when feature flag is off","duration":214.21209999999974,"failureMessages":[],"meta":{}},{"ancestorTitles":["AppShell navigation smoke test"],"fullName":"AppShell navigation smoke test shows Iceberg PDCA nav when feature flag is on","status":"passed","title":"shows Iceberg PDCA nav when feature flag is on","duration":186.84630000000016,"failureMessages":[],"meta":{}}],"startTime":1772010163756,"endTime":1772010165113.8462,"status":"passed","message":"","name":"C:/Users/安武/.vscode/workspace/audit-management-system/tests/rtl/AppShell.nav.test.tsx"},{"assertionResults":[{"ancestorTitles":["/daily/table route"],"fullName":"/daily/table route renders the table daily record form immediately","status":"passed","title":"renders the table daily record form immediately","duration":90.95610000000033,"failureMessages":[],"meta":{}}],"startTime":1772010191818,"endTime":1772010191908.956,"status":"passed","message":"","name":"C:/Users/安武/.vscode/workspace/audit-management-system/tests/rtl/daily.table-route.test.tsx"},{"assertionResults":[{"ancestorTitles":["useWeekPageRouteState"],"fullName":"useWeekPageRouteState falls back to All when cat is unknown","status":"passed","title":"falls back to All when cat is unknown","duration":41.01640000000043,"failureMessages":[],"meta":{}},{"ancestorTitles":["useWeekPageRouteState"],"fullName":"useWeekPageRouteState normalizes invalid date to yyyy-mm-dd","status":"passed","title":"normalizes invalid date to yyyy-mm-dd","duration":16.80319999999847,"failureMessages":[],"meta":{}},{"ancestorTitles":["useWeekPageRouteState"],"fullName":"useWeekPageRouteState does not update URL when filter values are unchanged","status":"passed","title":"does not update URL when filter values are unchanged","duration":154.91200000000026,"failureMessages":[],"meta":{}},{"ancestorTitles":["useWeekPageRouteState"],"fullName":"useWeekPageRouteState clears q/cat params when filter is reset","status":"passed","title":"clears q/cat params when filter is reset","duration":36.76559999999881,"failureMessages":[],"meta":{}}],"startTime":1772010201601,"endTime":1772010201850.7656,"status":"passed","message":"","name":"C:/Users/安武/.vscode/workspace/audit-management-system/tests/rtl/schedules-week-route-state.test.tsx"},{"assertionResults":[{"ancestorTitles":["smoke"],"fullName":"smoke works","status":"passed","title":"works","duration":4.168700000000172,"failureMessages":[],"meta":{}}],"startTime":1772010238645,"endTime":1772010238649.1687,"status":"passed","message":"","name":"C:/Users/安武/.vscode/workspace/audit-management-system/tests/smoke/hello.spec.ts"},{"assertionResults":[{"ancestorTitles":["IntegratedResourceCalendar smoke tests"],"fullName":"IntegratedResourceCalendar smoke tests renders without crashing","status":"passed","title":"renders without crashing","duration":303.076,"failureMessages":[],"meta":{}},{"ancestorTitles":["IntegratedResourceCalendar smoke tests"],"fullName":"IntegratedResourceCalendar smoke tests displays the page title","status":"passed","title":"displays the page title","duration":68.59459999999945,"failureMessages":[],"meta":{}},{"ancestorTitles":["IntegratedResourceCalendar smoke tests"],"fullName":"IntegratedResourceCalendar smoke tests shows Sprint 3 implementation notice","status":"passed","title":"shows Sprint 3 implementation notice","duration":62.741399999999885,"failureMessages":[],"meta":{}},{"ancestorTitles":["IntegratedResourceCalendar smoke tests"],"fullName":"IntegratedResourceCalendar smoke tests renders FullCalendar component","status":"passed","title":"renders FullCalendar component","duration":67.6857,"failureMessages":[],"meta":{}},{"ancestorTitles":["IntegratedResourceCalendar smoke tests"],"fullName":"IntegratedResourceCalendar smoke tests contains mock resource data","status":"passed","title":"contains mock resource data","duration":64.97459999999955,"failureMessages":[],"meta":{}},{"ancestorTitles":["IntegratedResourceCalendar smoke tests"],"fullName":"IntegratedResourceCalendar smoke tests displays mock events","status":"passed","title":"displays mock events","duration":88.79089999999997,"failureMessages":[],"meta":{}},{"ancestorTitles":["IntegratedResourceCalendar smoke tests"],"fullName":"IntegratedResourceCalendar smoke tests shows PvsA status indicators","status":"passed","title":"shows PvsA status indicators","duration":60.288000000000466,"failureMessages":[],"meta":{}},{"ancestorTitles":["IntegratedResourceCalendar smoke tests"],"fullName":"IntegratedResourceCalendar smoke tests imports types without errors","status":"passed","title":"imports types without errors","duration":12.417000000000371,"failureMessages":[],"meta":{}}],"startTime":1772010166057,"endTime":1772010166786.417,"status":"passed","message":"","name":"C:/Users/安武/.vscode/workspace/audit-management-system/tests/smoke/integrated-resource-calendar.spec.tsx"},{"assertionResults":[],"startTime":1772010144390,"endTime":1772010144390,"status":"failed","message":"window.localStorage.getItem is not a function","name":"C:/Users/安武/.vscode/workspace/audit-management-system/tests/smoke/router.flags.spec.tsx"},{"assertionResults":[{"ancestorTitles":["Composite accessibility smoke (records + users)"],"fullName":"Composite accessibility smoke (records + users) has no detectable violations when RecordList and UsersPanel render together","status":"passed","title":"has no detectable violations when RecordList and UsersPanel render together","duration":557.3670000000002,"failureMessages":[],"meta":{}}],"startTime":1772010180470,"endTime":1772010181027.367,"status":"passed","message":"","name":"C:/Users/安武/.vscode/workspace/audit-management-system/tests/unit/a11y.records-users.composite.spec.tsx"},{"assertionResults":[{"ancestorTitles":["schedules demo adapter"],"fullName":"schedules demo adapter lists schedules with optional day filtering without mutating store","status":"passed","title":"lists schedules with optional day filtering without mutating store","duration":6.8663000000001375,"failureMessages":[],"meta":{}},{"ancestorTitles":["schedules demo adapter"],"fullName":"schedules demo adapter creates schedules with defaults, updates fields, and removes entries","status":"passed","title":"creates schedules with defaults, updates fields, and removes entries","duration":1.95049999999992,"failureMessages":[],"meta":{}},{"ancestorTitles":["schedules demo adapter"],"fullName":"schedules demo adapter detects conflicts only for overlapping assignments","status":"passed","title":"detects conflicts only for overlapping assignments","duration":1.5769000000000233,"failureMessages":[],"meta":{}},{"ancestorTitles":["schedules demo adapter"],"fullName":"schedules demo adapter honors abort signals across operations","status":"passed","title":"honors abort signals across operations","duration":3.5291000000001986,"failureMessages":[],"meta":{}}],"startTime":1772010220655,"endTime":1772010220668.529,"status":"passed","message":"","name":"C:/Users/安武/.vscode/workspace/audit-management-system/tests/unit/adapters.schedules.demo.spec.ts"},{"assertionResults":[{"ancestorTitles":["schedules adapter index"],"fullName":"schedules adapter index returns demo data immediately in demo mode","status":"passed","title":"returns demo data immediately in demo mode","duration":8.475300000000061,"failureMessages":[],"meta":{}},{"ancestorTitles":["schedules adapter index"],"fullName":"schedules adapter index throws on invalid day ISO input before calling SharePoint","status":"passed","title":"throws on invalid day ISO input before calling SharePoint","duration":3.933100000000195,"failureMessages":[],"meta":{}},{"ancestorTitles":["schedules adapter index"],"fullName":"schedules adapter index falls back to demo data on SharePoint list failure and classifies error","status":"passed","title":"falls back to demo data on SharePoint list failure and classifies error","duration":4.316699999999855,"failureMessages":[],"meta":{}},{"ancestorTitles":["schedules adapter index"],"fullName":"schedules adapter index rethrows safe error when abort signal is already aborted","status":"passed","title":"rethrows safe error when abort signal is already aborted","duration":2.9000999999998385,"failureMessages":[],"meta":{}},{"ancestorTitles":["schedules adapter index"],"fullName":"schedules adapter index falls back to demo create when SharePoint create fails and write fallback allowed","status":"passed","title":"falls back to demo create when SharePoint create fails and write fallback allowed","duration":3.058599999999842,"failureMessages":[],"meta":{}},{"ancestorTitles":["schedules adapter index"],"fullName":"schedules adapter index propagates error when write fallback is disabled","status":"passed","title":"propagates error when write fallback is disabled","duration":1.70049999999992,"failureMessages":[],"meta":{}},{"ancestorTitles":["schedules adapter index"],"fullName":"schedules adapter index emits warning only once for repeated SharePoint create failures","status":"passed","title":"emits warning only once for repeated SharePoint create failures","duration":1.8715000000001965,"failureMessages":[],"meta":{}},{"ancestorTitles":["schedules adapter index"],"fullName":"schedules adapter index throws safe error when create signal is aborted before fallback","status":"passed","title":"throws safe error when create signal is aborted before fallback","duration":2.019999999999982,"failureMessages":[],"meta":{}},{"ancestorTitles":["schedules adapter index"],"fullName":"schedules adapter index falls back to demo update and remove flows based on allowWriteFallback","status":"passed","title":"falls back to demo update and remove flows based on allowWriteFallback","duration":28.51740000000018,"failureMessages":[],"meta":{}},{"ancestorTitles":["schedules adapter index"],"fullName":"schedules adapter index throws safe error when update signal is aborted before fallback runs","status":"passed","title":"throws safe error when update signal is aborted before fallback runs","duration":5.018299999999726,"failureMessages":[],"meta":{}},{"ancestorTitles":["schedules adapter index"],"fullName":"schedules adapter index throws safe error when remove signal is aborted before fallback runs","status":"passed","title":"throws safe error when remove signal is aborted before fallback runs","duration":3.9097999999999047,"failureMessages":[],"meta":{}},{"ancestorTitles":["schedules adapter index"],"fullName":"schedules adapter index falls back to demo conflict check if SharePoint rejects","status":"passed","title":"falls back to demo conflict check if SharePoint rejects","duration":1.645100000000184,"failureMessages":[],"meta":{}},{"ancestorTitles":["schedules adapter index"],"fullName":"schedules adapter index throws safe error when conflict check signal is aborted","status":"passed","title":"throws safe error when conflict check signal is aborted","duration":2.36869999999999,"failureMessages":[],"meta":{}},{"ancestorTitles":["schedules adapter index"],"fullName":"schedules adapter index classifies unrecognized SharePoint failures as unknown fallback kind","status":"passed","title":"classifies unrecognized SharePoint failures as unknown fallback kind","duration":3.8617000000003827,"failureMessages":[],"meta":{}},{"ancestorTitles":["schedules adapter index"],"fullName":"schedules adapter index falls back to legacy staff identifiers and names when modern lookups are empty","status":"passed","title":"falls back to legacy staff identifiers and names when modern lookups are empty","duration":8.061400000000049,"failureMessages":[],"meta":{}}],"startTime":1772010189199,"endTime":1772010189281.0613,"status":"passed","message":"","name":"C:/Users/安武/.vscode/workspace/audit-management-system/tests/unit/adapters.schedules.index.spec.ts"},{"assertionResults":[{"ancestorTitles":["schedules service"],"fullName":"schedules service routes all operations to demo adapter when demo mode is enabled","status":"passed","title":"routes all operations to demo adapter when demo mode is enabled","duration":8.559700000000248,"failureMessages":[],"meta":{}},{"ancestorTitles":["schedules service"],"fullName":"schedules service throws on invalid day ISO before reaching SharePoint","status":"passed","title":"throws on invalid day ISO before reaching SharePoint","duration":3.8499000000001615,"failureMessages":[],"meta":{}},{"ancestorTitles":["schedules service"],"fullName":"schedules service falls back to demo list when SharePoint fails and classifies network errors","status":"passed","title":"falls back to demo list when SharePoint fails and classifies network errors","duration":2.146099999999933,"failureMessages":[],"meta":{}},{"ancestorTitles":["schedules service"],"fullName":"schedules service throws immediately when the abort signal is already cancelled","status":"passed","title":"throws immediately when the abort signal is already cancelled","duration":2.3983000000002903,"failureMessages":[],"meta":{}},{"ancestorTitles":["schedules service"],"fullName":"schedules service falls back to demo create when write fallback is allowed and classifies schema errors","status":"passed","title":"falls back to demo create when write fallback is allowed and classifies schema errors","duration":1.728399999999965,"failureMessages":[],"meta":{}},{"ancestorTitles":["schedules service"],"fullName":"schedules service propagates SharePoint errors when write fallback is disabled","status":"passed","title":"propagates SharePoint errors when write fallback is disabled","duration":1.4392000000002554,"failureMessages":[],"meta":{}},{"ancestorTitles":["schedules service"],"fullName":"schedules service falls back for update, remove, and conflict checks when SharePoint fails","status":"passed","title":"falls back for update, remove, and conflict checks when SharePoint fails","duration":2.4791999999997643,"failureMessages":[],"meta":{}},{"ancestorTitles":["schedules service"],"fullName":"schedules service returns appropriate fallbackKind classifications","status":"passed","title":"returns appropriate fallbackKind classifications","duration":1.6797999999998865,"failureMessages":[],"meta":{}},{"ancestorTitles":["schedules service"],"fullName":"schedules service warns only once per message-classification pair and resets after clearing cache","status":"passed","title":"warns only once per message-classification pair and resets after clearing cache","duration":1.3683000000000902,"failureMessages":[],"meta":{}}],"startTime":1772010201503,"endTime":1772010201528.3684,"status":"passed","message":"","name":"C:/Users/安武/.vscode/workspace/audit-management-system/tests/unit/adapters.schedules.service.spec.ts"},{"assertionResults":[{"ancestorTitles":["adapters/schedules/sharepoint"],"fullName":"adapters/schedules/sharepoint delegates list calls to the demo adapter","status":"passed","title":"delegates list calls to the demo adapter","duration":13.359100000000126,"failureMessages":[],"meta":{}},{"ancestorTitles":["adapters/schedules/sharepoint"],"fullName":"adapters/schedules/sharepoint delegates create calls","status":"passed","title":"delegates create calls","duration":2.408300000000054,"failureMessages":[],"meta":{}},{"ancestorTitles":["adapters/schedules/sharepoint"],"fullName":"adapters/schedules/sharepoint delegates update calls","status":"passed","title":"delegates update calls","duration":1.5716000000002168,"failureMessages":[],"meta":{}},{"ancestorTitles":["adapters/schedules/sharepoint"],"fullName":"adapters/schedules/sharepoint delegates remove calls","status":"passed","title":"delegates remove calls","duration":2.9528000000000247,"failureMessages":[],"meta":{}},{"ancestorTitles":["adapters/schedules/sharepoint"],"fullName":"adapters/schedules/sharepoint delegates conflict checks","status":"passed","title":"delegates conflict checks","duration":1.8706999999999425,"failureMessages":[],"meta":{}}],"startTime":1772010217779,"endTime":1772010217801.8706,"status":"passed","message":"","name":"C:/Users/安武/.vscode/workspace/audit-management-system/tests/unit/adapters.schedules.sharepoint.spec.ts"},{"assertionResults":[],"startTime":1772010144390,"endTime":1772010144390,"status":"failed","message":"window.localStorage.getItem is not a function","name":"C:/Users/安武/.vscode/workspace/audit-management-system/tests/unit/app.a11y.spec.tsx"},{"assertionResults":[],"startTime":1772010144390,"endTime":1772010144390,"status":"failed","message":"window.localStorage.getItem is not a function","name":"C:/Users/安武/.vscode/workspace/audit-management-system/tests/unit/app.feature-flags.spec.tsx"},{"assertionResults":[],"startTime":1772010144390,"endTime":1772010144390,"status":"failed","message":"window.localStorage.getItem is not a function","name":"C:/Users/安武/.vscode/workspace/audit-management-system/tests/unit/App.notifier.spec.tsx"},{"assertionResults":[{"ancestorTitles":["SchedulesGate"],"fullName":"SchedulesGate redirects when schedules feature is disabled and path matches schedule routes","status":"passed","title":"redirects when schedules feature is disabled and path matches schedule routes","duration":37.98689999999988,"failureMessages":[],"meta":{}},{"ancestorTitles":["SchedulesGate"],"fullName":"SchedulesGate redirects when nested schedules route is accessed without flag","status":"passed","title":"redirects when nested schedules route is accessed without flag","duration":6.766699999999673,"failureMessages":[],"meta":{}},{"ancestorTitles":["SchedulesGate"],"fullName":"SchedulesGate renders children when schedules flag is enabled","status":"passed","title":"renders children when schedules flag is enabled","duration":10.268499999999676,"failureMessages":[],"meta":{}},{"ancestorTitles":["SchedulesGate"],"fullName":"SchedulesGate renders children when schedules flag is disabled but route does not match","status":"passed","title":"renders children when schedules flag is disabled but route does not match","duration":7.21080000000029,"failureMessages":[],"meta":{}}],"startTime":1772010194482,"endTime":1772010194544.2107,"status":"passed","message":"","name":"C:/Users/安武/.vscode/workspace/audit-management-system/tests/unit/app.SchedulesGate.spec.tsx"},{"assertionResults":[],"startTime":1772010144390,"endTime":1772010144390,"status":"failed","message":"window.localStorage.getItem is not a function","name":"C:/Users/安武/.vscode/workspace/audit-management-system/tests/unit/AppShell.nav.spec.tsx"},{"assertionResults":[],"startTime":1772010144390,"endTime":1772010144390,"status":"failed","message":"window.localStorage.getItem is not a function","name":"C:/Users/安武/.vscode/workspace/audit-management-system/tests/unit/AppShell.theme-toggle.spec.tsx"},{"assertionResults":[{"ancestorTitles":["Attendance Business Logic","computeAbsenceEligibility - 欠席加算算定条件"],"fullName":"Attendance Business Logic computeAbsenceEligibility - 欠席加算算定条件 朝連絡 or 夕方確認が欠けていると false","status":"passed","title":"朝連絡 or 夕方確認が欠けていると false","duration":4.770599999999831,"failureMessages":[],"meta":{}},{"ancestorTitles":["Attendance Business Logic","computeAbsenceEligibility - 欠席加算算定条件"],"fullName":"Attendance Business Logic computeAbsenceEligibility - 欠席加算算定条件 回数上限未満なら true, 上限以上なら false","status":"passed","title":"回数上限未満なら true, 上限以上なら false","duration":1.317700000000059,"failureMessages":[],"meta":{}},{"ancestorTitles":["Attendance Business Logic","computeAbsenceEligibility - 欠席加算算定条件"],"fullName":"Attendance Business Logic computeAbsenceEligibility - 欠席加算算定条件 カスタム上限での判定","status":"passed","title":"カスタム上限での判定","duration":1.1136000000001332,"failureMessages":[],"meta":{}},{"ancestorTitles":["Attendance Business Logic","computeAbsenceEligibility - 欠席加算算定条件"],"fullName":"Attendance Business Logic computeAbsenceEligibility - 欠席加算算定条件 両方の条件を満たす場合のみ true","status":"passed","title":"両方の条件を満たす場合のみ true","duration":0.9747000000002117,"failureMessages":[],"meta":{}},{"ancestorTitles":["Attendance Business Logic","buildAbsentVisit - 欠席用記録構築"],"fullName":"Attendance Business Logic buildAbsentVisit - 欠席用記録構築 欠席用の状態に正しくマッピングされる","status":"passed","title":"欠席用の状態に正しくマッピングされる","duration":1.70049999999992,"failureMessages":[],"meta":{}},{"ancestorTitles":["Attendance Business Logic","buildAbsentVisit - 欠席用記録構築"],"fullName":"Attendance Business Logic buildAbsentVisit - 欠席用記録構築 加算対象外の場合","status":"passed","title":"加算対象外の場合","duration":1.0619999999998981,"failureMessages":[],"meta":{}},{"ancestorTitles":["Attendance Business Logic","buildAbsentVisit - 欠席用記録構築"],"fullName":"Attendance Business Logic buildAbsentVisit - 欠席用記録構築 ベースの recordDate や userCode は保持される","status":"passed","title":"ベースの recordDate や userCode は保持される","duration":0.8996999999999389,"failureMessages":[],"meta":{}},{"ancestorTitles":["Attendance Business Logic","diffMinutes - 実提供時間計算"],"fullName":"Attendance Business Logic diffMinutes - 実提供時間計算 start/end が未指定なら 0","status":"passed","title":"start/end が未指定なら 0","duration":0.9391000000000531,"failureMessages":[],"meta":{}},{"ancestorTitles":["Attendance Business Logic","diffMinutes - 実提供時間計算"],"fullName":"Attendance Business Logic diffMinutes - 実提供時間計算 正しく分単位の差を返す（切り捨て）","status":"passed","title":"正しく分単位の差を返す（切り捨て）","duration":0.8562000000001717,"failureMessages":[],"meta":{}},{"ancestorTitles":["Attendance Business Logic","diffMinutes - 実提供時間計算"],"fullName":"Attendance Business Logic diffMinutes - 実提供時間計算 1時間ちょうど","status":"passed","title":"1時間ちょうど","duration":0.8510999999998603,"failureMessages":[],"meta":{}},{"ancestorTitles":["Attendance Business Logic","diffMinutes - 実提供時間計算"],"fullName":"Attendance Business Logic diffMinutes - 実提供時間計算 短時間（15分）","status":"passed","title":"短時間（15分）","duration":0.6938000000000102,"failureMessages":[],"meta":{}},{"ancestorTitles":["Attendance Business Logic","diffMinutes - 実提供時間計算"],"fullName":"Attendance Business Logic diffMinutes - 実提供時間計算 差分がマイナスになり得る場合でも 0 で下限カット","status":"passed","title":"差分がマイナスになり得る場合でも 0 で下限カット","duration":0.9279999999998836,"failureMessages":[],"meta":{}},{"ancestorTitles":["Attendance Business Logic","diffMinutes - 実提供時間計算"],"fullName":"Attendance Business Logic diffMinutes - 実提供時間計算 秒単位は切り捨て","status":"passed","title":"秒単位は切り捨て","duration":1.0419000000001688,"failureMessages":[],"meta":{}},{"ancestorTitles":["Attendance Business Logic","canCheckOut - 退所可否判定"],"fullName":"Attendance Business Logic canCheckOut - 退所可否判定 通所中 かつ cntAttendOut=0 のとき true","status":"passed","title":"通所中 かつ cntAttendOut=0 のとき true","duration":1.0502999999998792,"failureMessages":[],"meta":{}},{"ancestorTitles":["Attendance Business Logic","canCheckOut - 退所可否判定"],"fullName":"Attendance Business Logic canCheckOut - 退所可否判定 ステータスが通所中でない場合は false","status":"passed","title":"ステータスが通所中でない場合は false","duration":1.1285000000002583,"failureMessages":[],"meta":{}},{"ancestorTitles":["Attendance Business Logic","canCheckOut - 退所可否判定"],"fullName":"Attendance Business Logic canCheckOut - 退所可否判定 cntAttendOut が 1 の場合は false（既に退所済み）","status":"passed","title":"cntAttendOut が 1 の場合は false（既に退所済み）","duration":1.2302999999997155,"failureMessages":[],"meta":{}},{"ancestorTitles":["Attendance Business Logic","canCheckOut - 退所可否判定"],"fullName":"Attendance Business Logic canCheckOut - 退所可否判定 undefined を渡したときは false","status":"passed","title":"undefined を渡したときは false","duration":1.0722000000000662,"failureMessages":[],"meta":{}},{"ancestorTitles":["Attendance Business Logic","canCheckOut - 退所可否判定"],"fullName":"Attendance Business Logic canCheckOut - 退所可否判定 cntAttendIn が 0 でも、ステータスが通所中で cntAttendOut が 0 なら true","status":"passed","title":"cntAttendIn が 0 でも、ステータスが通所中で cntAttendOut が 0 なら true","duration":1.050000000000182,"failureMessages":[],"meta":{}},{"ancestorTitles":["Attendance Business Logic","getDiscrepancyCount - 乖離件数カウント"],"fullName":"Attendance Business Logic getDiscrepancyCount - 乖離件数カウント visits または users が空なら 0","status":"passed","title":"visits または users が空なら 0","duration":1.3735000000001492,"failureMessages":[],"meta":{}},{"ancestorTitles":["Attendance Business Logic","getDiscrepancyCount - 乖離件数カウント"],"fullName":"Attendance Business Logic getDiscrepancyCount - 乖離件数カウント providedMinutes が 0 の行はカウントしない","status":"passed","title":"providedMinutes が 0 の行はカウントしない","duration":1.0914000000002488,"failureMessages":[],"meta":{}},{"ancestorTitles":["Attendance Business Logic","getDiscrepancyCount - 乖離件数カウント"],"fullName":"Attendance Business Logic getDiscrepancyCount - 乖離件数カウント providedMinutes < standardMinutes * threshold の行をカウント","status":"passed","title":"providedMinutes < standardMinutes * threshold の行をカウント","duration":1.2714999999998327,"failureMessages":[],"meta":{}},{"ancestorTitles":["Attendance Business Logic","getDiscrepancyCount - 乖離件数カウント"],"fullName":"Attendance Business Logic getDiscrepancyCount - 乖離件数カウント ユーザー一覧に存在しない userCode の visit は無視","status":"passed","title":"ユーザー一覧に存在しない userCode の visit は無視","duration":1.1541000000001986,"failureMessages":[],"meta":{}},{"ancestorTitles":["Attendance Business Logic","getDiscrepancyCount - 乖離件数カウント"],"fullName":"Attendance Business Logic getDiscrepancyCount - 乖離件数カウント 閾値ギリギリのケース","status":"passed","title":"閾値ギリギリのケース","duration":1.1105000000002292,"failureMessages":[],"meta":{}},{"ancestorTitles":["Attendance Business Logic","buildInitialVisits - 初期記録構築"],"fullName":"Attendance Business Logic buildInitialVisits - 初期記録構築 ユーザー一覧に対応する初期 Visit を構築する","status":"passed","title":"ユーザー一覧に対応する初期 Visit を構築する","duration":2.6786999999999352,"failureMessages":[],"meta":{}},{"ancestorTitles":["Attendance Business Logic","buildInitialVisits - 初期記録構築"],"fullName":"Attendance Business Logic buildInitialVisits - 初期記録構築 空のユーザー配列の場合は空オブジェクト","status":"passed","title":"空のユーザー配列の場合は空オブジェクト","duration":0.9210000000002765,"failureMessages":[],"meta":{}},{"ancestorTitles":["Attendance Business Logic","buildInitialVisits - 初期記録構築"],"fullName":"Attendance Business Logic buildInitialVisits - 初期記録構築 単一ユーザーの場合","status":"passed","title":"単一ユーザーの場合","duration":1.0489999999999782,"failureMessages":[],"meta":{}},{"ancestorTitles":["Attendance Business Logic","isBeforeCloseTime - 閉所時間前判定"],"fullName":"Attendance Business Logic isBeforeCloseTime - 閉所時間前判定 閉所時間前の場合は true","status":"passed","title":"閉所時間前の場合は true","duration":1.0432000000000698,"failureMessages":[],"meta":{}},{"ancestorTitles":["Attendance Business Logic","isBeforeCloseTime - 閉所時間前判定"],"fullName":"Attendance Business Logic isBeforeCloseTime - 閉所時間前判定 閉所時間ちょうど・以後の場合は false","status":"passed","title":"閉所時間ちょうど・以後の場合は false","duration":0.9877000000001317,"failureMessages":[],"meta":{}},{"ancestorTitles":["Attendance Business Logic","isBeforeCloseTime - 閉所時間前判定"],"fullName":"Attendance Business Logic isBeforeCloseTime - 閉所時間前判定 デフォルトの閉所時間（FACILITY_CLOSE_TIME）が使用される","status":"passed","title":"デフォルトの閉所時間（FACILITY_CLOSE_TIME）が使用される","duration":0.9873000000002321,"failureMessages":[],"meta":{}},{"ancestorTitles":["Attendance Business Logic","isBeforeCloseTime - 閉所時間前判定"],"fullName":"Attendance Business Logic isBeforeCloseTime - 閉所時間前判定 異なる閉所時間での判定","status":"passed","title":"異なる閉所時間での判定","duration":1.1158000000000357,"failureMessages":[],"meta":{}},{"ancestorTitles":["Attendance Business Logic","isBeforeCloseTime - 閉所時間前判定"],"fullName":"Attendance Business Logic isBeforeCloseTime - 閉所時間前判定 分単位の精密な判定","status":"passed","title":"分単位の精密な判定","duration":0.8971999999998843,"failureMessages":[],"meta":{}},{"ancestorTitles":["Attendance Business Logic","formatTime - 時刻フォーマット"],"fullName":"Attendance Business Logic formatTime - 時刻フォーマット 有効なISO文字列をHH:mm形式に変換","status":"passed","title":"有効なISO文字列をHH:mm形式に変換","duration":1.6757000000002336,"failureMessages":[],"meta":{}},{"ancestorTitles":["Attendance Business Logic","formatTime - 時刻フォーマット"],"fullName":"Attendance Business Logic formatTime - 時刻フォーマット undefined や null の場合は \"--:--\"","status":"passed","title":"undefined や null の場合は \"--:--\"","duration":0.8908999999998741,"failureMessages":[],"meta":{}},{"ancestorTitles":["Attendance Business Logic","formatTime - 時刻フォーマット"],"fullName":"Attendance Business Logic formatTime - 時刻フォーマット 無効な日付文字列の場合","status":"passed","title":"無効な日付文字列の場合","duration":0.957300000000032,"failureMessages":[],"meta":{}}],"startTime":1772010199167,"endTime":1772010199210.9573,"status":"passed","message":"","name":"C:/Users/安武/.vscode/workspace/audit-management-system/tests/unit/attendance.logic.spec.ts"},{"assertionResults":[{"ancestorTitles":["attendance utils (placeholder)"],"fullName":"attendance utils (placeholder) marks pending migration from Jest suites","status":"passed","title":"marks pending migration from Jest suites","duration":4.028400000000147,"failureMessages":[],"meta":{}}],"startTime":1772010239294,"endTime":1772010239298.0283,"status":"passed","message":"","name":"C:/Users/安武/.vscode/workspace/audit-management-system/tests/unit/attendance.utils.spec.ts"},{"assertionResults":[{"ancestorTitles":["audit localStorage error branches"],"fullName":"audit localStorage error branches readAudit handles malformed JSON and clears corrupt entry","status":"passed","title":"readAudit handles malformed JSON and clears corrupt entry","duration":6.472899999999754,"failureMessages":[],"meta":{}},{"ancestorTitles":["audit localStorage error branches"],"fullName":"audit localStorage error branches pushAudit swallows write errors after reading existing logs","status":"passed","title":"pushAudit swallows write errors after reading existing logs","duration":5.469200000000001,"failureMessages":[],"meta":{}},{"ancestorTitles":["audit localStorage error branches"],"fullName":"audit localStorage error branches retainAuditWhere removes all entries when predicate filters everything out","status":"passed","title":"retainAuditWhere removes all entries when predicate filters everything out","duration":1.5029999999997017,"failureMessages":[],"meta":{}}],"startTime":1772010224096,"endTime":1772010224109.503,"status":"passed","message":"","name":"C:/Users/安武/.vscode/workspace/audit-management-system/tests/unit/audit.branches.spec.ts"},{"assertionResults":[{"ancestorTitles":["audit catch paths"],"fullName":"audit catch paths logs and swallows errors when localStorage.setItem throws during pushAudit","status":"passed","title":"logs and swallows errors when localStorage.setItem throws during pushAudit","duration":8.809799999999996,"failureMessages":[],"meta":{}},{"ancestorTitles":["audit catch paths"],"fullName":"audit catch paths logs when retainAuditWhere cannot persist filtered audit log","status":"passed","title":"logs when retainAuditWhere cannot persist filtered audit log","duration":2.0509000000001834,"failureMessages":[],"meta":{}}],"startTime":1772010232485,"endTime":1772010232496.0508,"status":"passed","message":"","name":"C:/Users/安武/.vscode/workspace/audit-management-system/tests/unit/audit.catch-paths.spec.ts"},{"assertionResults":[{"ancestorTitles":["audit final catch branches"],"fullName":"audit final catch branches swallows write failures when pushing audit events","status":"passed","title":"swallows write failures when pushing audit events","duration":11.414499999999862,"failureMessages":[],"meta":{}},{"ancestorTitles":["audit final catch branches"],"fullName":"audit final catch branches handles retain failures when localStorage.removeItem throws","status":"passed","title":"handles retain failures when localStorage.removeItem throws","duration":2.6766999999999825,"failureMessages":[],"meta":{}}],"startTime":1772010218414,"endTime":1772010218428.6768,"status":"passed","message":"","name":"C:/Users/安武/.vscode/workspace/audit-management-system/tests/unit/audit.final-catches.spec.ts"},{"assertionResults":[{"ancestorTitles":["audit helpers additional branches"],"fullName":"audit helpers additional branches truncates audit log when exceeding MAX_LOGS and prepends new event","status":"passed","title":"truncates audit log when exceeding MAX_LOGS and prepends new event","duration":6.934700000000248,"failureMessages":[],"meta":{}},{"ancestorTitles":["audit helpers additional branches"],"fullName":"audit helpers additional branches retainAuditWhere keeps filtered subset and persists to storage","status":"passed","title":"retainAuditWhere keeps filtered subset and persists to storage","duration":3.1978000000003703,"failureMessages":[],"meta":{}},{"ancestorTitles":["audit helpers additional branches"],"fullName":"audit helpers additional branches retainAuditWhere handles storage errors gracefully","status":"passed","title":"retainAuditWhere handles storage errors gracefully","duration":2.82529999999997,"failureMessages":[],"meta":{}},{"ancestorTitles":["audit helpers additional branches"],"fullName":"audit helpers additional branches addAuditLog forwards to pushAudit with legacy shape","status":"passed","title":"addAuditLog forwards to pushAudit with legacy shape","duration":2.6152000000001863,"failureMessages":[],"meta":{}}],"startTime":1772010220902,"endTime":1772010220918.6152,"status":"passed","message":"","name":"C:/Users/安武/.vscode/workspace/audit-management-system/tests/unit/audit.more-branches.spec.ts"},{"assertionResults":[{"ancestorTitles":["retainAuditWhere"],"fullName":"retainAuditWhere keeps matching audit events and discards others","status":"passed","title":"keeps matching audit events and discards others","duration":8.024799999999686,"failureMessages":[],"meta":{}},{"ancestorTitles":["retainAuditWhere"],"fullName":"retainAuditWhere handles storage failures when removing filtered logs","status":"passed","title":"handles storage failures when removing filtered logs","duration":5.04320000000007,"failureMessages":[],"meta":{}}],"startTime":1772010222151,"endTime":1772010222164.0432,"status":"passed","message":"","name":"C:/Users/安武/.vscode/workspace/audit-management-system/tests/unit/audit.retain.spec.ts"},{"assertionResults":[{"ancestorTitles":["audit localStorage helpers"],"fullName":"audit localStorage helpers pushAudit and readAudit round-trip","status":"passed","title":"pushAudit and readAudit round-trip","duration":4.90520000000015,"failureMessages":[],"meta":{}},{"ancestorTitles":["audit localStorage helpers"],"fullName":"audit localStorage helpers clearAudit removes stored logs","status":"passed","title":"clearAudit removes stored logs","duration":1.2652000000002772,"failureMessages":[],"meta":{}},{"ancestorTitles":["audit localStorage helpers"],"fullName":"audit localStorage helpers retainAuditWhere keeps only matching logs","status":"passed","title":"retainAuditWhere keeps only matching logs","duration":1.205199999999877,"failureMessages":[],"meta":{}}],"startTime":1772010234823,"endTime":1772010234830.205,"status":"passed","message":"","name":"C:/Users/安武/.vscode/workspace/audit-management-system/tests/unit/audit.spec.ts"},{"assertionResults":[{"ancestorTitles":["AuditPanel action handlers"],"fullName":"AuditPanel action handlers CSV export enabled when logs exist and triggers createObjectURL","status":"passed","title":"CSV export enabled when logs exist and triggers createObjectURL","duration":194.23990000000003,"failureMessages":[],"meta":{}},{"ancestorTitles":["AuditPanel action handlers"],"fullName":"AuditPanel action handlers syncAll success path sets message","status":"passed","title":"syncAll success path sets message","duration":66.41260000000011,"failureMessages":[],"meta":{}},{"ancestorTitles":["AuditPanel action handlers"],"fullName":"AuditPanel action handlers syncAll failure path shows error","status":"passed","title":"syncAll failure path shows error","duration":52.43179999999984,"failureMessages":[],"meta":{}},{"ancestorTitles":["AuditPanel action handlers"],"fullName":"AuditPanel action handlers batch sync failure then resend failed path","status":"passed","title":"batch sync failure then resend failed path","duration":95.92599999999993,"failureMessages":[],"meta":{}},{"ancestorTitles":["AuditPanel action handlers"],"fullName":"AuditPanel action handlers batch sync error catch path sets failure message","status":"passed","title":"batch sync error catch path sets failure message","duration":46.9674,"failureMessages":[],"meta":{}},{"ancestorTitles":["AuditPanel action handlers"],"fullName":"AuditPanel action handlers action filter reduces visible rows","status":"passed","title":"action filter reduces visible rows","duration":24.6863000000003,"failureMessages":[],"meta":{}}],"startTime":1772010176984,"endTime":1772010177464.6863,"status":"passed","message":"","name":"C:/Users/安武/.vscode/workspace/audit-management-system/tests/unit/AuditPanel.actions.spec.tsx"},{"assertionResults":[{"ancestorTitles":["AuditPanel dev mode interactions"],"fullName":"AuditPanel dev mode interactions exposes dev metrics overlay and debug attributes","status":"passed","title":"exposes dev metrics overlay and debug attributes","duration":324.20470000000023,"failureMessages":[],"meta":{}}],"startTime":1772010179811,"endTime":1772010180135.2046,"status":"passed","message":"","name":"C:/Users/安武/.vscode/workspace/audit-management-system/tests/unit/AuditPanel.dev.spec.tsx"},{"assertionResults":[{"ancestorTitles":["AuditPanel metrics attributes"],"fullName":"AuditPanel metrics attributes no logs -> no metrics container","status":"passed","title":"no logs -> no metrics container","duration":105.1563000000001,"failureMessages":[],"meta":{}},{"ancestorTitles":["AuditPanel metrics attributes"],"fullName":"AuditPanel metrics attributes mixed results (new + duplicates + failed)","status":"passed","title":"mixed results (new + duplicates + failed)","duration":165.1878999999999,"failureMessages":[],"meta":{}},{"ancestorTitles":["AuditPanel metrics attributes"],"fullName":"AuditPanel metrics attributes all duplicates (no new failures)","status":"passed","title":"all duplicates (no new failures)","duration":68.4076,"failureMessages":[],"meta":{}},{"ancestorTitles":["AuditPanel metrics attributes"],"fullName":"AuditPanel metrics attributes all failed","status":"passed","title":"all failed","duration":72.23459999999977,"failureMessages":[],"meta":{}}],"startTime":1772010169315,"endTime":1772010169726.2346,"status":"passed","message":"","name":"C:/Users/安武/.vscode/workspace/audit-management-system/tests/unit/AuditPanel.metrics.spec.tsx"},{"assertionResults":[{"ancestorTitles":["AuditPanel metrics overlay (DEV button)"],"fullName":"AuditPanel metrics overlay (DEV button) opens and closes overlay","status":"passed","title":"opens and closes overlay","duration":217.54210000000012,"failureMessages":[],"meta":{}}],"startTime":1772010182387,"endTime":1772010182604.542,"status":"passed","message":"","name":"C:/Users/安武/.vscode/workspace/audit-management-system/tests/unit/AuditPanel.overlay.spec.tsx"},{"assertionResults":[{"ancestorTitles":["msalConfig fallbacks"],"fullName":"msalConfig fallbacks uses provided config values and runtime origin redirect","status":"passed","title":"uses provided config values and runtime origin redirect","duration":13.658800000000156,"failureMessages":[],"meta":{}},{"ancestorTitles":["msalConfig fallbacks"],"fullName":"msalConfig fallbacks falls back to dummy values and localhost redirect when window is absent","status":"passed","title":"falls back to dummy values and localhost redirect when window is absent","duration":4.815599999999904,"failureMessages":[],"meta":{}}],"startTime":1772010218808,"endTime":1772010218826.8157,"status":"passed","message":"","name":"C:/Users/安武/.vscode/workspace/audit-management-system/tests/unit/auth.msalConfig.branches.spec.ts"},{"assertionResults":[{"ancestorTitles":["msal mock helpers"],"fullName":"msal mock helpers exposes initMsalMock without throwing","status":"passed","title":"exposes initMsalMock without throwing","duration":5.015100000000075,"failureMessages":[],"meta":{}},{"ancestorTitles":["msal mock helpers"],"fullName":"msal mock helpers exposes resetMsalMockSignal without throwing","status":"passed","title":"exposes resetMsalMockSignal without throwing","duration":1.337800000000243,"failureMessages":[],"meta":{}}],"startTime":1772010236489,"endTime":1772010236496.338,"status":"passed","message":"","name":"C:/Users/安武/.vscode/workspace/audit-management-system/tests/unit/auth.msalMock.spec.ts"},{"assertionResults":[{"ancestorTitles":["useAuth hook"],"fullName":"useAuth hook returns mock account when E2E msal mock is enabled","status":"passed","title":"returns mock account when E2E msal mock is enabled","duration":1819.7215999999999,"failureMessages":[],"meta":{}},{"ancestorTitles":["useAuth hook"],"fullName":"useAuth hook refreshes token when remaining lifetime is below threshold","status":"passed","title":"refreshes token when remaining lifetime is below threshold","duration":20.35400000000027,"failureMessages":[],"meta":{}},{"ancestorTitles":["useAuth hook"],"fullName":"useAuth hook returns cached token when refresh is not required","status":"passed","title":"returns cached token when refresh is not required","duration":18.89910000000009,"failureMessages":[],"meta":{}},{"ancestorTitles":["useAuth hook"],"fullName":"useAuth hook handles missing expiration gracefully","status":"passed","title":"handles missing expiration gracefully","duration":20.362199999999575,"failureMessages":[],"meta":{}},{"ancestorTitles":["useAuth hook"],"fullName":"useAuth hook records metrics in debug mode even without refresh","status":"passed","title":"records metrics in debug mode even without refresh","duration":17.29740000000038,"failureMessages":[],"meta":{}},{"ancestorTitles":["useAuth hook"],"fullName":"useAuth hook returns null when silent acquisition fails without redirect","status":"passed","title":"returns null when silent acquisition fails without redirect","duration":23.297999999999774,"failureMessages":[],"meta":{}},{"ancestorTitles":["useAuth hook"],"fullName":"useAuth hook returns unauthenticated state when no accounts are present","status":"passed","title":"returns unauthenticated state when no accounts are present","duration":18.925100000000384,"failureMessages":[],"meta":{}}],"startTime":1772010157533,"endTime":1772010159472.925,"status":"passed","message":"","name":"C:/Users/安武/.vscode/workspace/audit-management-system/tests/unit/auth.useAuth.spec.ts"},{"assertionResults":[{"ancestorTitles":["buildAuthDiagCopyText"],"fullName":"buildAuthDiagCopyText builds copy text with defaults","status":"passed","title":"builds copy text with defaults","duration":5.088400000000092,"failureMessages":[],"meta":{}},{"ancestorTitles":["buildAuthDiagCopyText"],"fullName":"buildAuthDiagCopyText uses provided metadata","status":"passed","title":"uses provided metadata","duration":1.5059999999998581,"failureMessages":[],"meta":{}}],"startTime":1772010237768,"endTime":1772010237774.506,"status":"passed","message":"","name":"C:/Users/安武/.vscode/workspace/audit-management-system/tests/unit/authDiag.spec.ts"},{"assertionResults":[{"ancestorTitles":["Azure Functions - calculateWorkingDays"],"fullName":"Azure Functions - calculateWorkingDays 2025年1月の稼働日数計算（祝日・土日除く）","status":"passed","title":"2025年1月の稼働日数計算（祝日・土日除く）","duration":5.811000000000149,"failureMessages":[],"meta":{}},{"ancestorTitles":["Azure Functions - calculateWorkingDays"],"fullName":"Azure Functions - calculateWorkingDays 2025年11月の稼働日数計算（文化の日・勤労感謝の日含む）","status":"passed","title":"2025年11月の稼働日数計算（文化の日・勤労感謝の日含む）","duration":1.6442999999999302,"failureMessages":[],"meta":{}},{"ancestorTitles":["Azure Functions - calculateWorkingDays"],"fullName":"Azure Functions - calculateWorkingDays 土日を除外しない場合の計算","status":"passed","title":"土日を除外しない場合の計算","duration":1.0803000000000793,"failureMessages":[],"meta":{}},{"ancestorTitles":["Azure Functions - calculateWorkingDays"],"fullName":"Azure Functions - calculateWorkingDays 祝日を除外しない場合の計算","status":"passed","title":"祝日を除外しない場合の計算","duration":1.0518000000001848,"failureMessages":[],"meta":{}},{"ancestorTitles":["Azure Functions - calculateWorkingDays"],"fullName":"Azure Functions - calculateWorkingDays 祝日のない月の計算（2025年6月）","status":"passed","title":"祝日のない月の計算（2025年6月）","duration":1.1985999999997148,"failureMessages":[],"meta":{}},{"ancestorTitles":["Azure Functions - calculateWorkingDays"],"fullName":"Azure Functions - calculateWorkingDays ゴールデンウィーク（2025年5月）の計算","status":"passed","title":"ゴールデンウィーク（2025年5月）の計算","duration":1.3571000000001732,"failureMessages":[],"meta":{}}],"startTime":1772010225542,"endTime":1772010225554.3572,"status":"passed","message":"","name":"C:/Users/安武/.vscode/workspace/audit-management-system/tests/unit/azure-functions.working-days.spec.ts"},{"assertionResults":[{"ancestorTitles":["batchUtil fallback parser (more malformed bodies)"],"fullName":"batchUtil fallback parser (more malformed bodies) handles mixed LF-only endings and missing Content-ID lines","status":"passed","title":"handles mixed LF-only endings and missing Content-ID lines","duration":7.012500000000273,"failureMessages":[],"meta":{}},{"ancestorTitles":["batchUtil fallback parser (more malformed bodies)"],"fullName":"batchUtil fallback parser (more malformed bodies) ignores extra blank lines and odd casing for headers","status":"passed","title":"ignores extra blank lines and odd casing for headers","duration":2.023200000000088,"failureMessages":[],"meta":{}}],"startTime":1772010233198,"endTime":1772010233207.0232,"status":"passed","message":"","name":"C:/Users/安武/.vscode/workspace/audit-management-system/tests/unit/batchUtil.fallback.malformed.spec.ts"},{"assertionResults":[{"ancestorTitles":["batch parser single HTTP line fallback trigger"],"fullName":"batch parser single HTTP line fallback trigger fallback activates when only one HTTP line and boundary mismatch","status":"passed","title":"fallback activates when only one HTTP line and boundary mismatch","duration":6.135200000000168,"failureMessages":[],"meta":{}}],"startTime":1772010237267,"endTime":1772010237273.1353,"status":"passed","message":"","name":"C:/Users/安武/.vscode/workspace/audit-management-system/tests/unit/batchUtil.fallback.single.spec.ts"},{"assertionResults":[{"ancestorTitles":["batch parser fallback"],"fullName":"batch parser fallback parses without boundary (mixed newlines) but with HTTP lines","status":"passed","title":"parses without boundary (mixed newlines) but with HTTP lines","duration":8.025700000000143,"failureMessages":[],"meta":{}},{"ancestorTitles":["batch parser fallback"],"fullName":"batch parser fallback finds Content-Id case-insensitively & within 6 lines","status":"passed","title":"finds Content-Id case-insensitively & within 6 lines","duration":2.116599999999835,"failureMessages":[],"meta":{}}],"startTime":1772010232725,"endTime":1772010232735.1167,"status":"passed","message":"","name":"C:/Users/安武/.vscode/workspace/audit-management-system/tests/unit/batchUtil.fallback.spec.ts"},{"assertionResults":[],"startTime":1772010144390,"endTime":1772010144390,"status":"failed","message":"window.localStorage.getItem is not a function","name":"C:/Users/安武/.vscode/workspace/audit-management-system/tests/unit/calculateStaffConflicts.spec.ts"},{"assertionResults":[{"ancestorTitles":["checklist list 401 refresh flow"],"fullName":"checklist list 401 refresh flow 401 then refreshed token returns data","status":"passed","title":"401 then refreshed token returns data","duration":10.005999999999858,"failureMessages":[],"meta":{}}],"startTime":1772010233132,"endTime":1772010233142.006,"status":"passed","message":"","name":"C:/Users/安武/.vscode/workspace/audit-management-system/tests/unit/checklist.api.spec.ts"},{"assertionResults":[{"ancestorTitles":["useChecklistApi"],"fullName":"useChecklistApi list maps DTO to domain shape","status":"passed","title":"list maps DTO to domain shape","duration":20.65159999999969,"failureMessages":[],"meta":{}},{"ancestorTitles":["useChecklistApi"],"fullName":"useChecklistApi add returns mapped created item","status":"passed","title":"add returns mapped created item","duration":4.176500000000033,"failureMessages":[],"meta":{}}],"startTime":1772010206730,"endTime":1772010206755.1765,"status":"passed","message":"","name":"C:/Users/安武/.vscode/workspace/audit-management-system/tests/unit/checklist.hook.spec.ts"},{"assertionResults":[{"ancestorTitles":["ChecklistPage"],"fullName":"ChecklistPage renders empty state when API returns no items","status":"passed","title":"renders empty state when API returns no items","duration":417.17009999999937,"failureMessages":[],"meta":{}},{"ancestorTitles":["ChecklistPage"],"fullName":"ChecklistPage submits new checklist item and logs audit entry","status":"passed","title":"submits new checklist item and logs audit entry","duration":381.3615,"failureMessages":[],"meta":{}}],"startTime":1772010160427,"endTime":1772010161225.3616,"status":"passed","message":"","name":"C:/Users/安武/.vscode/workspace/audit-management-system/tests/unit/ChecklistPage.smoke.spec.tsx"},{"assertionResults":[{"ancestorTitles":["TableDailyRecordTable Support Hints"],"fullName":"TableDailyRecordTable Support Hints displays support icons when highlights exist","status":"passed","title":"displays support icons when highlights exist","duration":426.70019999999977,"failureMessages":[],"meta":{}},{"ancestorTitles":["TableDailyRecordTable Support Hints"],"fullName":"TableDailyRecordTable Support Hints shows the correct tooltip text on hover","status":"passed","title":"shows the correct tooltip text on hover","duration":374.60899999999947,"failureMessages":[],"meta":{}},{"ancestorTitles":["TableDailyRecordTable Support Hints"],"fullName":"TableDailyRecordTable Support Hints displays helper text and hint icon in TextField","status":"passed","title":"displays helper text and hint icon in TextField","duration":89.3739999999998,"failureMessages":[],"meta":{}},{"ancestorTitles":["TableDailyRecordTable Support Hints"],"fullName":"TableDailyRecordTable Support Hints does not include hint data in the onRowDataChange payload","status":"passed","title":"does not include hint data in the onRowDataChange payload","duration":91.42409999999927,"failureMessages":[],"meta":{}}],"startTime":1772010170169,"endTime":1772010171151.424,"status":"passed","message":"","name":"C:/Users/安武/.vscode/workspace/audit-management-system/tests/unit/DailyTableSupportHint.spec.tsx"},{"assertionResults":[{"ancestorTitles":["dashboard v3 utils (placeholder)"],"fullName":"dashboard v3 utils (placeholder) awaits concrete test coverage","status":"passed","title":"awaits concrete test coverage","duration":4.030099999999948,"failureMessages":[],"meta":{}}],"startTime":1772010239345,"endTime":1772010239349.03,"status":"passed","message":"","name":"C:/Users/安武/.vscode/workspace/audit-management-system/tests/unit/dashboard.v3.utils.spec.ts"},{"assertionResults":[{"ancestorTitles":["formatRangeLocal"],"fullName":"formatRangeLocal returns fallback when both start and end values are invalid","status":"passed","title":"returns fallback when both start and end values are invalid","duration":4.284200000000055,"failureMessages":[],"meta":{}},{"ancestorTitles":["formatRangeLocal"],"fullName":"formatRangeLocal formats a rounded range with timezone suffix","status":"passed","title":"formats a rounded range with timezone suffix","duration":2.1254000000003543,"failureMessages":[],"meta":{}},{"ancestorTitles":["formatRangeLocal"],"fullName":"formatRangeLocal handles invalid end values and omits the range separator","status":"passed","title":"handles invalid end values and omits the range separator","duration":1.3432000000002517,"failureMessages":[],"meta":{}},{"ancestorTitles":["formatRangeLocal"],"fullName":"formatRangeLocal accepts options as the second argument","status":"passed","title":"accepts options as the second argument","duration":1.9196999999999207,"failureMessages":[],"meta":{}},{"ancestorTitles":["formatRangeLocal"],"fullName":"formatRangeLocal skips rounding when the step is non-positive and handles numeric inputs","status":"passed","title":"skips rounding when the step is non-positive and handles numeric inputs","duration":1.6471999999998843,"failureMessages":[],"meta":{}},{"ancestorTitles":["formatRangeLocal"],"fullName":"formatRangeLocal uses fallback text when start is invalid and respects provided timezone","status":"passed","title":"uses fallback text when start is invalid and respects provided timezone","duration":1.3447999999998501,"failureMessages":[],"meta":{}}],"startTime":1772010227830,"endTime":1772010227843.3447,"status":"passed","message":"","name":"C:/Users/安武/.vscode/workspace/audit-management-system/tests/unit/datetime.extra.spec.ts"},{"assertionResults":[{"ancestorTitles":["formatRangeLocal"],"fullName":"formatRangeLocal returns fallback when both start and end values are invalid","status":"passed","title":"returns fallback when both start and end values are invalid","duration":4.584200000000237,"failureMessages":[],"meta":{}},{"ancestorTitles":["formatRangeLocal"],"fullName":"formatRangeLocal formats a rounded range with timezone suffix","status":"passed","title":"formats a rounded range with timezone suffix","duration":2.321899999999914,"failureMessages":[],"meta":{}},{"ancestorTitles":["formatRangeLocal"],"fullName":"formatRangeLocal handles invalid end values and omits the range separator","status":"passed","title":"handles invalid end values and omits the range separator","duration":1.816899999999805,"failureMessages":[],"meta":{}},{"ancestorTitles":["formatRangeLocal"],"fullName":"formatRangeLocal accepts options as the second argument","status":"passed","title":"accepts options as the second argument","duration":1.709400000000187,"failureMessages":[],"meta":{}}],"startTime":1772010232485,"endTime":1772010232495.7095,"status":"passed","message":"","name":"C:/Users/安武/.vscode/workspace/audit-management-system/tests/unit/datetime.spec.ts"},{"assertionResults":[{"ancestorTitles":["auditLog"],"fullName":"auditLog suppresses debug logs when debug mode disabled but forwards others","status":"passed","title":"suppresses debug logs when debug mode disabled but forwards others","duration":12.067199999999957,"failureMessages":[],"meta":{}},{"ancestorTitles":["auditLog"],"fullName":"auditLog emits debug logs when audit debug flag enabled","status":"passed","title":"emits debug logs when audit debug flag enabled","duration":3.388999999999669,"failureMessages":[],"meta":{}}],"startTime":1772010220790,"endTime":1772010220805.389,"status":"passed","message":"","name":"C:/Users/安武/.vscode/workspace/audit-management-system/tests/unit/debugLogger.spec.ts"},{"assertionResults":[{"ancestorTitles":["ensureConfig"],"fullName":"ensureConfig throws on placeholder values","status":"passed","title":"throws on placeholder values","duration":6.880099999999857,"failureMessages":[],"meta":{}},{"ancestorTitles":["ensureConfig"],"fullName":"ensureConfig throws on invalid resource domain","status":"passed","title":"throws on invalid resource domain","duration":1.9720000000002074,"failureMessages":[],"meta":{}},{"ancestorTitles":["ensureConfig"],"fullName":"ensureConfig normalizes trailing/leading slashes and builds baseUrl","status":"passed","title":"normalizes trailing/leading slashes and builds baseUrl","duration":1.7247999999999593,"failureMessages":[],"meta":{}}],"startTime":1772010233691,"endTime":1772010233701.7249,"status":"passed","message":"","name":"C:/Users/安武/.vscode/workspace/audit-management-system/tests/unit/ensureConfig.spec.ts"},{"assertionResults":[{"ancestorTitles":["isSchedulesFeatureEnabled via process env toggles"],"fullName":"isSchedulesFeatureEnabled via process env toggles coerces VITE_FEATURE_SCHEDULES=\"1\"","status":"passed","title":"coerces VITE_FEATURE_SCHEDULES=\"1\"","duration":14.6878999999999,"failureMessages":[],"meta":{}},{"ancestorTitles":["isSchedulesFeatureEnabled via process env toggles"],"fullName":"isSchedulesFeatureEnabled via process env toggles coerces VITE_FEATURE_SCHEDULES=\"0\"","status":"passed","title":"coerces VITE_FEATURE_SCHEDULES=\"0\"","duration":5.6965000000000146,"failureMessages":[],"meta":{}},{"ancestorTitles":["isSchedulesFeatureEnabled via process env toggles"],"fullName":"isSchedulesFeatureEnabled via process env toggles coerces VITE_FEATURE_SCHEDULES=\"true\"","status":"passed","title":"coerces VITE_FEATURE_SCHEDULES=\"true\"","duration":5.261500000000069,"failureMessages":[],"meta":{}},{"ancestorTitles":["isSchedulesFeatureEnabled via process env toggles"],"fullName":"isSchedulesFeatureEnabled via process env toggles coerces VITE_FEATURE_SCHEDULES=\"false\"","status":"passed","title":"coerces VITE_FEATURE_SCHEDULES=\"false\"","duration":5.3991000000000895,"failureMessages":[],"meta":{}},{"ancestorTitles":["isSchedulesFeatureEnabled via process env toggles"],"fullName":"isSchedulesFeatureEnabled via process env toggles coerces VITE_FEATURE_SCHEDULES=\"yes\"","status":"passed","title":"coerces VITE_FEATURE_SCHEDULES=\"yes\"","duration":5.815799999999854,"failureMessages":[],"meta":{}},{"ancestorTitles":["isSchedulesFeatureEnabled via process env toggles"],"fullName":"isSchedulesFeatureEnabled via process env toggles coerces VITE_FEATURE_SCHEDULES=\"no\"","status":"passed","title":"coerces VITE_FEATURE_SCHEDULES=\"no\"","duration":4.955500000000029,"failureMessages":[],"meta":{}},{"ancestorTitles":["isSchedulesFeatureEnabled via process env toggles"],"fullName":"isSchedulesFeatureEnabled via process env toggles coerces VITE_FEATURE_SCHEDULES=\"\"","status":"passed","title":"coerces VITE_FEATURE_SCHEDULES=\"\"","duration":7.481700000000274,"failureMessages":[],"meta":{}},{"ancestorTitles":["isSchedulesFeatureEnabled via process env toggles"],"fullName":"isSchedulesFeatureEnabled via process env toggles coerces VITE_FEATURE_SCHEDULES=undefined","status":"passed","title":"coerces VITE_FEATURE_SCHEDULES=undefined","duration":4.947200000000066,"failureMessages":[],"meta":{}},{"ancestorTitles":["SharePoint scope precedence"],"fullName":"SharePoint scope precedence derives scope from resource when default is blank","status":"passed","title":"derives scope from resource when default is blank","duration":8.262699999999768,"failureMessages":[],"meta":{}},{"ancestorTitles":["SharePoint scope precedence"],"fullName":"SharePoint scope precedence returns explicit default without emitting warnings","status":"passed","title":"returns explicit default without emitting warnings","duration":6.277299999999741,"failureMessages":[],"meta":{}},{"ancestorTitles":["SharePoint scope precedence"],"fullName":"SharePoint scope precedence throws when neither scope nor valid resource is provided","status":"passed","title":"throws when neither scope nor valid resource is provided","duration":11.36850000000004,"failureMessages":[],"meta":{}},{"ancestorTitles":["SharePoint scope precedence"],"fullName":"SharePoint scope precedence uses placeholder scope when skip login is enabled","status":"passed","title":"uses placeholder scope when skip login is enabled","duration":4.797399999999925,"failureMessages":[],"meta":{}},{"ancestorTitles":["SharePoint scope precedence"],"fullName":"SharePoint scope precedence reuses SharePoint scope from MSAL scopes when default missing","status":"passed","title":"reuses SharePoint scope from MSAL scopes when default missing","duration":4.970499999999902,"failureMessages":[],"meta":{}},{"ancestorTitles":["scope helpers and identity sanitization"],"fullName":"scope helpers and identity sanitization logs parse errors when scope value cannot be tokenized","status":"passed","title":"logs parse errors when scope value cannot be tokenized","duration":5.907900000000154,"failureMessages":[],"meta":{}},{"ancestorTitles":["scope helpers and identity sanitization"],"fullName":"scope helpers and identity sanitization dedupes identity scopes and ignores unsupported ones","status":"passed","title":"dedupes identity scopes and ignores unsupported ones","duration":5.7468000000003485,"failureMessages":[],"meta":{}}],"startTime":1772010190080,"endTime":1772010190182.7468,"status":"passed","message":"","name":"C:/Users/安武/.vscode/workspace/audit-management-system/tests/unit/env.coercion.more.spec.ts"},{"assertionResults":[{"ancestorTitles":["env boolean coercion via readBool"],"fullName":"env boolean coercion via readBool treats undefined, null, and blanks as fallback","status":"passed","title":"treats undefined, null, and blanks as fallback","duration":16.64949999999999,"failureMessages":[],"meta":{}},{"ancestorTitles":["env boolean coercion via readBool"],"fullName":"env boolean coercion via readBool recognises assorted truthy and falsy string values","status":"passed","title":"recognises assorted truthy and falsy string values","duration":6.085000000000036,"failureMessages":[],"meta":{}},{"ancestorTitles":["scope sanitisation helpers"],"fullName":"scope sanitisation helpers deduplicates configured MSAL scopes while preserving original casing","status":"passed","title":"deduplicates configured MSAL scopes while preserving original casing","duration":7.546599999999671,"failureMessages":[],"meta":{}},{"ancestorTitles":["scope sanitisation helpers"],"fullName":"scope sanitisation helpers filters login scopes down to identity set and warns on extras","status":"passed","title":"filters login scopes down to identity set and warns on extras","duration":7.448499999999967,"failureMessages":[],"meta":{}},{"ancestorTitles":["getSharePointDefaultScope fallbacks"],"fullName":"getSharePointDefaultScope fallbacks derives scope from resource when explicit value is missing","status":"passed","title":"derives scope from resource when explicit value is missing","duration":6.028899999999794,"failureMessages":[],"meta":{}},{"ancestorTitles":["getSharePointDefaultScope fallbacks"],"fullName":"getSharePointDefaultScope fallbacks throws for invalid SharePoint scope formats","status":"passed","title":"throws for invalid SharePoint scope formats","duration":7.3279999999999745,"failureMessages":[],"meta":{}},{"ancestorTitles":["getSharePointDefaultScope fallbacks"],"fullName":"getSharePointDefaultScope fallbacks reuses SharePoint scope from MSAL configuration when present","status":"passed","title":"reuses SharePoint scope from MSAL configuration when present","duration":43.98869999999988,"failureMessages":[],"meta":{}}],"startTime":1772010193843,"endTime":1772010193938.9888,"status":"passed","message":"","name":"C:/Users/安武/.vscode/workspace/audit-management-system/tests/unit/env.coercion.spec.ts"},{"assertionResults":[{"ancestorTitles":["feature toggles backed by env/localStorage"],"fullName":"feature toggles backed by env/localStorage prefers localStorage overrides for schedules feature flags","status":"passed","title":"prefers localStorage overrides for schedules feature flags","duration":16.629500000000007,"failureMessages":[],"meta":{}},{"ancestorTitles":["feature toggles backed by env/localStorage"],"fullName":"feature toggles backed by env/localStorage tolerates storage access failures and falls back to disabled flags","status":"passed","title":"tolerates storage access failures and falls back to disabled flags","duration":7.005799999999908,"failureMessages":[],"meta":{}},{"ancestorTitles":["feature toggles backed by env/localStorage"],"fullName":"feature toggles backed by env/localStorage honors demo mode and localStorage hints when skipping login","status":"passed","title":"honors demo mode and localStorage hints when skipping login","duration":6.456899999999678,"failureMessages":[],"meta":{}},{"ancestorTitles":["getSharePointDefaultScope"],"fullName":"getSharePointDefaultScope returns demo scope when login is skipped","status":"passed","title":"returns demo scope when login is skipped","duration":7.126700000000255,"failureMessages":[],"meta":{}},{"ancestorTitles":["getSharePointDefaultScope"],"fullName":"getSharePointDefaultScope reuses SharePoint scope from configured MSAL scopes when default missing","status":"passed","title":"reuses SharePoint scope from configured MSAL scopes when default missing","duration":5.907100000000355,"failureMessages":[],"meta":{}},{"ancestorTitles":["getSharePointDefaultScope"],"fullName":"getSharePointDefaultScope derives SharePoint scope from resource when nothing else provided","status":"passed","title":"derives SharePoint scope from resource when nothing else provided","duration":5.227499999999964,"failureMessages":[],"meta":{}},{"ancestorTitles":["getSharePointDefaultScope"],"fullName":"getSharePointDefaultScope rejects invalid SharePoint scopes","status":"passed","title":"rejects invalid SharePoint scopes","duration":5.982300000000123,"failureMessages":[],"meta":{}}],"startTime":1772010191348,"endTime":1772010191402.9824,"status":"passed","message":"","name":"C:/Users/安武/.vscode/workspace/audit-management-system/tests/unit/env.feature-flags.spec.ts"},{"assertionResults":[{"ancestorTitles":["env feature toggles"],"fullName":"env feature toggles returns true when env overrides enable schedules feature flags","status":"passed","title":"returns true when env overrides enable schedules feature flags","duration":5.6621000000000095,"failureMessages":[],"meta":{}},{"ancestorTitles":["env feature toggles"],"fullName":"env feature toggles falls back to localStorage flag values when env values are falsey","status":"passed","title":"falls back to localStorage flag values when env values are falsey","duration":1.636199999999917,"failureMessages":[],"meta":{}},{"ancestorTitles":["env feature toggles"],"fullName":"env feature toggles shouldSkipLogin respects env toggles and localStorage overrides","status":"passed","title":"shouldSkipLogin respects env toggles and localStorage overrides","duration":1.6993000000002212,"failureMessages":[],"meta":{}},{"ancestorTitles":["env feature toggles"],"fullName":"env feature toggles getMsalLoginScopes keeps only identity scopes and warns on extras","status":"passed","title":"getMsalLoginScopes keeps only identity scopes and warns on extras","duration":5.120900000000347,"failureMessages":[],"meta":{}}],"startTime":1772010226504,"endTime":1772010226518.1208,"status":"passed","message":"","name":"C:/Users/安武/.vscode/workspace/audit-management-system/tests/unit/env.featureFlags.spec.ts"},{"assertionResults":[{"ancestorTitles":["MSAL env guard"],"fullName":"MSAL env guard throws on invalid authority (http instead of https)","status":"passed","title":"throws on invalid authority (http instead of https)","duration":8.934499999999844,"failureMessages":[],"meta":{}},{"ancestorTitles":["MSAL env guard"],"fullName":"MSAL env guard accepts valid MSAL environment values","status":"passed","title":"accepts valid MSAL environment values","duration":2.484200000000328,"failureMessages":[],"meta":{}}],"startTime":1772010228449,"endTime":1772010228460.4841,"status":"passed","message":"","name":"C:/Users/安武/.vscode/workspace/audit-management-system/tests/unit/env.msal.spec.ts"},{"assertionResults":[{"ancestorTitles":["env parsing fallbacks"],"fullName":"env parsing fallbacks treats various truthy/falsy feature toggle values consistently","status":"passed","title":"treats various truthy/falsy feature toggle values consistently","duration":5.662399999999707,"failureMessages":[],"meta":{}},{"ancestorTitles":["env parsing fallbacks"],"fullName":"env parsing fallbacks parses numeric env values with safe fallbacks","status":"passed","title":"parses numeric env values with safe fallbacks","duration":1.3633999999997286,"failureMessages":[],"meta":{}},{"ancestorTitles":["env parsing fallbacks"],"fullName":"env parsing fallbacks normalizes SharePoint resource and relative site paths","status":"passed","title":"normalizes SharePoint resource and relative site paths","duration":1.5610000000001492,"failureMessages":[],"meta":{}},{"ancestorTitles":["env parsing fallbacks"],"fullNa
[...]
tles":["ColorPresetControl","Accessibility"],"fullName":"ColorPresetControl Accessibility should maintain label associations","status":"passed","title":"should maintain label associations","duration":38.12710000000061,"failureMessages":[],"meta":{}},{"ancestorTitles":["ColorPresetControl","Accessibility"],"fullName":"ColorPresetControl Accessibility should have ARIA labels for accessibility","status":"passed","title":"should have ARIA labels for accessibility","duration":71.61929999999938,"failureMessages":[],"meta":{}},{"ancestorTitles":["ColorPresetControl","Visual States"],"fullName":"ColorPresetControl Visual States should render selected preset option","status":"passed","title":"should render selected preset option","duration":18.508200000000215,"failureMessages":[],"meta":{}},{"ancestorTitles":["ColorPresetControl","Visual States"],"fullName":"ColorPresetControl Visual States should display different selected preset","status":"passed","title":"should display different selected preset","duration":26.191100000000006,"failureMessages":[],"meta":{}},{"ancestorTitles":["ColorPresetControl","Edge Cases"],"fullName":"ColorPresetControl Edge Cases should handle preset change","status":"passed","title":"should handle preset change","duration":83.01770000000033,"failureMessages":[],"meta":{}},{"ancestorTitles":["ColorPresetControl","Edge Cases"],"fullName":"ColorPresetControl Edge Cases should maintain onChange callback reference","status":"passed","title":"should maintain onChange callback reference","duration":14.906100000000151,"failureMessages":[],"meta":{}}],"startTime":1772010164266,"endTime":1772010165422.906,"status":"passed","message":"","name":"C:/Users/安武/.vscode/workspace/audit-management-system/src/features/settings/components/__tests__/ColorPresetControl.spec.tsx"},{"assertionResults":[{"ancestorTitles":["DensityControl Component"],"fullName":"DensityControl Component renders all three density options","status":"passed","title":"renders all three density options","duration":160.3851999999997,"failureMessages":[],"meta":{}},{"ancestorTitles":["DensityControl Component"],"fullName":"DensityControl Component renders descriptions for each option","status":"passed","title":"renders descriptions for each option","duration":42.160899999999856,"failureMessages":[],"meta":{}},{"ancestorTitles":["DensityControl Component"],"fullName":"DensityControl Component displays the correct radio button as checked","status":"passed","title":"displays the correct radio button as checked","duration":340.19140000000016,"failureMessages":[],"meta":{}},{"ancestorTitles":["DensityControl Component"],"fullName":"DensityControl Component calls onChange when a different density option is selected","status":"passed","title":"calls onChange when a different density option is selected","duration":228.47029999999995,"failureMessages":[],"meta":{}},{"ancestorTitles":["DensityControl Component"],"fullName":"DensityControl Component calls onChange with spacious when spacious option is selected","status":"passed","title":"calls onChange with spacious when spacious option is selected","duration":231.95739999999978,"failureMessages":[],"meta":{}},{"ancestorTitles":["DensityControl Component"],"fullName":"DensityControl Component has proper accessibility labels","status":"passed","title":"has proper accessibility labels","duration":30.569300000000112,"failureMessages":[],"meta":{}},{"ancestorTitles":["DensityControl Component"],"fullName":"DensityControl Component renders all radio buttons without errors","status":"passed","title":"renders all radio buttons without errors","duration":53.09310000000005,"failureMessages":[],"meta":{}},{"ancestorTitles":["DensityControl Component"],"fullName":"DensityControl Component maintains selection state when onChange is called","status":"passed","title":"maintains selection state when onChange is called","duration":173.8843999999999,"failureMessages":[],"meta":{}}],"startTime":1772010165052,"endTime":1772010166312.8845,"status":"passed","message":"","name":"C:/Users/安武/.vscode/workspace/audit-management-system/src/features/settings/components/__tests__/DensityControl.spec.tsx"},{"assertionResults":[{"ancestorTitles":["FontSizeControl","Rendering"],"fullName":"FontSizeControl Rendering should render the font size control with all options","status":"passed","title":"should render the font size control with all options","duration":180.70760000000064,"failureMessages":[],"meta":{}},{"ancestorTitles":["FontSizeControl","Rendering"],"fullName":"FontSizeControl Rendering should render radio buttons for each font size option","status":"passed","title":"should render radio buttons for each font size option","duration":38.16980000000058,"failureMessages":[],"meta":{}},{"ancestorTitles":["FontSizeControl","Rendering"],"fullName":"FontSizeControl Rendering should render descriptions for each font size option","status":"passed","title":"should render descriptions for each font size option","duration":36.454900000000634,"failureMessages":[],"meta":{}},{"ancestorTitles":["FontSizeControl","Rendering"],"fullName":"FontSizeControl Rendering should render preview examples","status":"passed","title":"should render preview examples","duration":49.78369999999995,"failureMessages":[],"meta":{}},{"ancestorTitles":["FontSizeControl","Selection State"],"fullName":"FontSizeControl Selection State should have radio buttons with correct values","status":"passed","title":"should have radio buttons with correct values","duration":153.9337000000005,"failureMessages":[],"meta":{}},{"ancestorTitles":["FontSizeControl","Interactions"],"fullName":"FontSizeControl Interactions should call onChange when selecting a different font size","status":"passed","title":"should call onChange when selecting a different font size","duration":126.45899999999983,"failureMessages":[],"meta":{}},{"ancestorTitles":["FontSizeControl","Interactions"],"fullName":"FontSizeControl Interactions should call onChange with correct value for each option","status":"passed","title":"should call onChange with correct value for each option","duration":145.27430000000004,"failureMessages":[],"meta":{}},{"ancestorTitles":["FontSizeControl","Interactions"],"fullName":"FontSizeControl Interactions should handle rapid changes between font sizes","status":"passed","title":"should handle rapid changes between font sizes","duration":155.72879999999986,"failureMessages":[],"meta":{}},{"ancestorTitles":["FontSizeControl","Accessibility"],"fullName":"FontSizeControl Accessibility should have proper form control labels","status":"passed","title":"should have proper form control labels","duration":31.160499999999956,"failureMessages":[],"meta":{}},{"ancestorTitles":["FontSizeControl","Accessibility"],"fullName":"FontSizeControl Accessibility should have proper radio button roles","status":"passed","title":"should have proper radio button roles","duration":50.12199999999939,"failureMessages":[],"meta":{}},{"ancestorTitles":["FontSizeControl","Accessibility"],"fullName":"FontSizeControl Accessibility should support keyboard navigation","status":"passed","title":"should support keyboard navigation","duration":29.20010000000002,"failureMessages":[],"meta":{}},{"ancestorTitles":["FontSizeControl","Accessibility"],"fullName":"FontSizeControl Accessibility should maintain label associations","status":"passed","title":"should maintain label associations","duration":53.24459999999999,"failureMessages":[],"meta":{}}],"startTime":1772010164023,"endTime":1772010165074.2446,"status":"passed","message":"","name":"C:/Users/安武/.vscode/workspace/audit-management-system/src/features/settings/components/__tests__/FontSizeControl.spec.tsx"},{"assertionResults":[{"ancestorTitles":["useAppTheme"],"fullName":"useAppTheme returns a theme instance with spacing function","status":"passed","title":"returns a theme instance with spacing function","duration":27.809700000000248,"failureMessages":[],"meta":{}},{"ancestorTitles":["useAppTheme"],"fullName":"useAppTheme calls applyDensityToDocument on mount","status":"passed","title":"calls applyDensityToDocument on mount","duration":5.074500000000171,"failureMessages":[],"meta":{}},{"ancestorTitles":["useAppTheme"],"fullName":"useAppTheme theme spacing returns px formatted string","status":"passed","title":"theme spacing returns px formatted string","duration":4.8539999999998145,"failureMessages":[],"meta":{}},{"ancestorTitles":["useAppTheme"],"fullName":"useAppTheme theme has components property","status":"passed","title":"theme has components property","duration":4.2456999999999425,"failureMessages":[],"meta":{}}],"startTime":1772010195825,"endTime":1772010195867.2456,"status":"passed","message":"","name":"C:/Users/安武/.vscode/workspace/audit-management-system/src/features/settings/hooks/__tests__/useAppTheme.spec.ts"},{"assertionResults":[{"ancestorTitles":["aggregateMonthlyKpi - 基本集計テスト"],"fullName":"aggregateMonthlyKpi - 基本集計テスト 完全入力月（31件全完了）→ KPI計算確認","status":"passed","title":"完全入力月（31件全完了）→ KPI計算確認","duration":5.047699999999622,"failureMessages":[],"meta":{}},{"ancestorTitles":["aggregateMonthlyKpi - 基本集計テスト"],"fullName":"aggregateMonthlyKpi - 基本集計テスト 部分完了月（完了5件・進行中3件・空2件）→ KPI分布確認","status":"passed","title":"部分完了月（完了5件・進行中3件・空2件）→ KPI分布確認","duration":1.5601999999998952,"failureMessages":[],"meta":{}},{"ancestorTitles":["aggregateMonthlyKpi - 基本集計テスト"],"fullName":"aggregateMonthlyKpi - 基本集計テスト 特記事項・事故ありケース → カウント確認","status":"passed","title":"特記事項・事故ありケース → カウント確認","duration":1.2059999999996762,"failureMessages":[],"meta":{}},{"ancestorTitles":["aggregateMonthlyKpi - 基本集計テスト"],"fullName":"aggregateMonthlyKpi - 基本集計テスト 空データ → デフォルト値設定","status":"passed","title":"空データ → デフォルト値設定","duration":1.2592999999997119,"failureMessages":[],"meta":{}},{"ancestorTitles":["calculateCompletionRate - 完了率計算テスト"],"fullName":"calculateCompletionRate - 完了率計算テスト 正常ケース：完了率50% → 50.00%","status":"passed","title":"正常ケース：完了率50% → 50.00%","duration":1.0363000000002103,"failureMessages":[],"meta":{}},{"ancestorTitles":["calculateCompletionRate - 完了率計算テスト"],"fullName":"calculateCompletionRate - 完了率計算テスト 100%完了 → 100.00%","status":"passed","title":"100%完了 → 100.00%","duration":0.9074999999997999,"failureMessages":[],"meta":{}},{"ancestorTitles":["calculateCompletionRate - 完了率計算テスト"],"fullName":"calculateCompletionRate - 完了率計算テスト 予定0の場合 → 0%","status":"passed","title":"予定0の場合 → 0%","duration":0.8835000000003674,"failureMessages":[],"meta":{}},{"ancestorTitles":["calculateCompletionRate - 完了率計算テスト"],"fullName":"calculateCompletionRate - 完了率計算テスト 部分完了 → 小数点2桁精度","status":"passed","title":"部分完了 → 小数点2桁精度","duration":1.0520000000001346,"failureMessages":[],"meta":{}},{"ancestorTitles":["aggregateMonthlySummary - 月次サマリー生成テスト"],"fullName":"aggregateMonthlySummary - 月次サマリー生成テスト 完全月次サマリー生成（完了率計算含む）","status":"passed","title":"完全月次サマリー生成（完了率計算含む）","duration":2.048699999999826,"failureMessages":[],"meta":{}},{"ancestorTitles":["getWorkingDaysInMonth - 営業日数計算テスト"],"fullName":"getWorkingDaysInMonth - 営業日数計算テスト 2024年1月の営業日数 → 23日","status":"passed","title":"2024年1月の営業日数 → 23日","duration":1.034400000000005,"failureMessages":[],"meta":{}},{"ancestorTitles":["getWorkingDaysInMonth - 営業日数計算テスト"],"fullName":"getWorkingDaysInMonth - 営業日数計算テスト 2024年2月（うるう年）の営業日数 → 21日","status":"passed","title":"2024年2月（うるう年）の営業日数 → 21日","duration":0.8728000000000975,"failureMessages":[],"meta":{}},{"ancestorTitles":["getWorkingDaysInMonth - 営業日数計算テスト"],"fullName":"getWorkingDaysInMonth - 営業日数計算テスト 2024年5月の営業日数 → 23日","status":"passed","title":"2024年5月の営業日数 → 23日","duration":0.8020000000001346,"failureMessages":[],"meta":{}},{"ancestorTitles":["getWorkingDaysInMonth - 営業日数計算テスト"],"fullName":"getWorkingDaysInMonth - 営業日数計算テスト 2024年6月の営業日数 → 20日","status":"passed","title":"2024年6月の営業日数 → 20日","duration":0.8472000000001572,"failureMessages":[],"meta":{}},{"ancestorTitles":["getTotalDaysInMonth - 月総日数計算テスト"],"fullName":"getTotalDaysInMonth - 月総日数計算テスト 2024年1月の総日数 → 31日","status":"passed","title":"2024年1月の総日数 → 31日","duration":0.9057999999999993,"failureMessages":[],"meta":{}},{"ancestorTitles":["getTotalDaysInMonth - 月総日数計算テスト"],"fullName":"getTotalDaysInMonth - 月総日数計算テスト 2024年2月（うるう年）の総日数 → 29日","status":"passed","title":"2024年2月（うるう年）の総日数 → 29日","duration":0.8902000000002772,"failureMessages":[],"meta":{}},{"ancestorTitles":["getTotalDaysInMonth - 月総日数計算テスト"],"fullName":"getTotalDaysInMonth - 月総日数計算テスト 2023年2月（平年）の総日数 → 28日","status":"passed","title":"2023年2月（平年）の総日数 → 28日","duration":0.8609000000001288,"failureMessages":[],"meta":{}},{"ancestorTitles":["getTotalDaysInMonth - 月総日数計算テスト"],"fullName":"getTotalDaysInMonth - 月総日数計算テスト 2024年4月の総日数 → 30日","status":"passed","title":"2024年4月の総日数 → 30日","duration":0.8322000000002845,"failureMessages":[],"meta":{}},{"ancestorTitles":["aggregateMultipleUsers - 複数ユーザー集計テスト"],"fullName":"aggregateMultipleUsers - 複数ユーザー集計テスト 2ユーザーの2024年6月集計","status":"passed","title":"2ユーザーの2024年6月集計","duration":2.9672999999997955,"failureMessages":[],"meta":{}},{"ancestorTitles":["aggregateMultipleUsers - 複数ユーザー集計テスト"],"fullName":"aggregateMultipleUsers - 複数ユーザー集計テスト 記録のないユーザー → 空のサマリー","status":"passed","title":"記録のないユーザー → 空のサマリー","duration":1.2703999999998814,"failureMessages":[],"meta":{}}],"startTime":1772010205477,"endTime":1772010205504.2705,"status":"passed","message":"","name":"C:/Users/安武/.vscode/workspace/audit-management-system/src/features/records/monthly/__tests__/aggregate.basic.spec.ts"},{"assertionResults":[{"ancestorTitles":["getWorkingDaysInMonth - 営業日計算テスト"],"fullName":"getWorkingDaysInMonth - 営業日計算テスト 2024年1月 → 23営業日（土日除外）","status":"passed","title":"2024年1月 → 23営業日（土日除外）","duration":4.769600000000082,"failureMessages":[],"meta":{}},{"ancestorTitles":["getWorkingDaysInMonth - 営業日計算テスト"],"fullName":"getWorkingDaysInMonth - 営業日計算テスト 2024年2月（閏年）→ 21営業日","status":"passed","title":"2024年2月（閏年）→ 21営業日","duration":1.6035999999999149,"failureMessages":[],"meta":{}},{"ancestorTitles":["getWorkingDaysInMonth - 営業日計算テスト"],"fullName":"getWorkingDaysInMonth - 営業日計算テスト 2024年11月 → 21営業日","status":"passed","title":"2024年11月 → 21営業日","duration":1.2775000000001455,"failureMessages":[],"meta":{}},{"ancestorTitles":["getWorkingDaysInMonth - 営業日計算テスト"],"fullName":"getWorkingDaysInMonth - 営業日計算テスト 2024年12月 → 22営業日","status":"passed","title":"2024年12月 → 22営業日","duration":0.9818000000000211,"failureMessages":[],"meta":{}},{"ancestorTitles":["getTotalDaysInMonth - 暦日計算テスト"],"fullName":"getTotalDaysInMonth - 暦日計算テスト 2024年1月 → 31日","status":"passed","title":"2024年1月 → 31日","duration":1.0410000000001673,"failureMessages":[],"meta":{}},{"ancestorTitles":["getTotalDaysInMonth - 暦日計算テスト"],"fullName":"getTotalDaysInMonth - 暦日計算テスト 2024年2月（閏年）→ 29日","status":"passed","title":"2024年2月（閏年）→ 29日","duration":1.139299999999821,"failureMessages":[],"meta":{}},{"ancestorTitles":["getTotalDaysInMonth - 暦日計算テスト"],"fullName":"getTotalDaysInMonth - 暦日計算テスト 2023年2月（平年）→ 28日","status":"passed","title":"2023年2月（平年）→ 28日","duration":1.1482999999998356,"failureMessages":[],"meta":{}},{"ancestorTitles":["getTotalDaysInMonth - 暦日計算テスト"],"fullName":"getTotalDaysInMonth - 暦日計算テスト 2024年4月 → 30日","status":"passed","title":"2024年4月 → 30日","duration":1.1523000000001957,"failureMessages":[],"meta":{}},{"ancestorTitles":["aggregateMonthlyKpi - 営業日vs暦日オプション"],"fullName":"aggregateMonthlyKpi - 営業日vs暦日オプション 営業日ベース（デフォルト）→ 土日除外で計算","status":"passed","title":"営業日ベース（デフォルト）→ 土日除外で計算","duration":1.7846999999997024,"failureMessages":[],"meta":{}},{"ancestorTitles":["aggregateMonthlyKpi - 営業日vs暦日オプション"],"fullName":"aggregateMonthlyKpi - 営業日vs暦日オプション 暦日ベース → 全日数で計算","status":"passed","title":"暦日ベース → 全日数で計算","duration":1.3708999999998923,"failureMessages":[],"meta":{}},{"ancestorTitles":["aggregateMonthlyKpi - 営業日vs暦日オプション"],"fullName":"aggregateMonthlyKpi - 営業日vs暦日オプション 1日あたり行数カスタマイズ → 25行/日","status":"passed","title":"1日あたり行数カスタマイズ → 25行/日","duration":1.3329000000003361,"failureMessages":[],"meta":{}},{"ancestorTitles":["月跨ぎ・境界ケーステスト"],"fullName":"月跨ぎ・境界ケーステスト 月初のみ記録 → 月の途中から開始","status":"passed","title":"月初のみ記録 → 月の途中から開始","duration":1.289299999999912,"failureMessages":[],"meta":{}},{"ancestorTitles":["月跨ぎ・境界ケーステスト"],"fullName":"月跨ぎ・境界ケーステスト 月末のみ記録 → 月の最後だけ活動","status":"passed","title":"月末のみ記録 → 月の最後だけ活動","duration":1.5873999999998887,"failureMessages":[],"meta":{}},{"ancestorTitles":["月跨ぎ・境界ケーステスト"],"fullName":"月跨ぎ・境界ケーステスト 異なる月の記録が混在 → 現在の実装は全記録をカウント","status":"passed","title":"異なる月の記録が混在 → 現在の実装は全記録をカウント","duration":1.7260999999998603,"failureMessages":[],"meta":{}},{"ancestorTitles":["月跨ぎ・境界ケーステスト"],"fullName":"月跨ぎ・境界ケーステスト 閏年2月 → 29日対応確認","status":"passed","title":"閏年2月 → 29日対応確認","duration":1.3180999999999585,"failureMessages":[],"meta":{}}],"startTime":1772010216430,"endTime":1772010216455.318,"status":"passed","message":"","name":"C:/Users/安武/.vscode/workspace/audit-management-system/src/features/records/monthly/__tests__/aggregate.holiday.spec.ts"},{"assertionResults":[{"ancestorTitles":["部分入力・未完了ケーステスト"],"fullName":"部分入力・未完了ケーステスト 完全未入力月 → 全てemptyRows","status":"passed","title":"完全未入力月 → 全てemptyRows","duration":5.332499999999982,"failureMessages":[],"meta":{}},{"ancestorTitles":["部分入力・未完了ケーステスト"],"fullName":"部分入力・未完了ケーステスト 開始途中月 → 月の15日から開始","status":"passed","title":"開始途中月 → 月の15日から開始","duration":1.7826000000000022,"failureMessages":[],"meta":{}},{"ancestorTitles":["部分入力・未完了ケーステスト"],"fullName":"部分入力・未完了ケーステスト 断続的記録 → 飛び飛びの日付","status":"passed","title":"断続的記録 → 飛び飛びの日付","duration":1.306300000000192,"failureMessages":[],"meta":{}},{"ancestorTitles":["部分入力・未完了ケーステスト"],"fullName":"部分入力・未完了ケーステスト 月末追い込み → 最終日に集中記録","status":"passed","title":"月末追い込み → 最終日に集中記録","duration":1.3227999999999156,"failureMessages":[],"meta":{}},{"ancestorTitles":["extractRecordDateRange - 記録日範囲抽出テスト"],"fullName":"extractRecordDateRange - 記録日範囲抽出テスト 正常ケース → 最初と最後の記録日を抽出","status":"passed","title":"正常ケース → 最初と最後の記録日を抽出","duration":1.6817000000000917,"failureMessages":[],"meta":{}},{"ancestorTitles":["extractRecordDateRange - 記録日範囲抽出テスト"],"fullName":"extractRecordDateRange - 記録日範囲抽出テスト 空記録除外 → 実際の記録のみから抽出","status":"passed","title":"空記録除外 → 実際の記録のみから抽出","duration":1.302299999999832,"failureMessages":[],"meta":{}},{"ancestorTitles":["extractRecordDateRange - 記録日範囲抽出テスト"],"fullName":"extractRecordDateRange - 記録日範囲抽出テスト 全て空記録 → undefined返却","status":"passed","title":"全て空記録 → undefined返却","duration":0.9825999999998203,"failureMessages":[],"meta":{}},{"ancestorTitles":["extractRecordDateRange - 記録日範囲抽出テスト"],"fullName":"extractRecordDateRange - 記録日範囲抽出テスト 単一記録 → 同じ日付が返却","status":"passed","title":"単一記録 → 同じ日付が返却","duration":0.949500000000171,"failureMessages":[],"meta":{}},{"ancestorTitles":["shouldUpdateSummary - 差分更新判定テスト"],"fullName":"shouldUpdateSummary - 差分更新判定テスト KPI変更あり → 更新必要","status":"passed","title":"KPI変更あり → 更新必要","duration":1.138300000000072,"failureMessages":[],"meta":{}},{"ancestorTitles":["shouldUpdateSummary - 差分更新判定テスト"],"fullName":"shouldUpdateSummary - 差分更新判定テスト 完了率変更あり → 更新必要","status":"passed","title":"完了率変更あり → 更新必要","duration":0.9375,"failureMessages":[],"meta":{}},{"ancestorTitles":["shouldUpdateSummary - 差分更新判定テスト"],"fullName":"shouldUpdateSummary - 差分更新判定テスト 微小な完了率変化 → 現在の実装では更新される","status":"passed","title":"微小な完了率変化 → 現在の実装では更新される","duration":0.7432999999996355,"failureMessages":[],"meta":{}},{"ancestorTitles":["shouldUpdateSummary - 差分更新判定テスト"],"fullName":"shouldUpdateSummary - 差分更新判定テスト 表示名・日付のみ変更 → 更新不要","status":"passed","title":"表示名・日付のみ変更 → 更新不要","duration":0.8108000000001994,"failureMessages":[],"meta":{}},{"ancestorTitles":["shouldUpdateSummary - 差分更新判定テスト"],"fullName":"shouldUpdateSummary - 差分更新判定テスト 特記事項・事故件数変更 → 更新必要","status":"passed","title":"特記事項・事故件数変更 → 更新必要","duration":0.8152000000000044,"failureMessages":[],"meta":{}}],"startTime":1772010216273,"endTime":1772010216292.8152,"status":"passed","message":"","name":"C:/Users/安武/.vscode/workspace/audit-management-system/src/features/records/monthly/__tests__/aggregate.partial.spec.ts"}]}