{"numTotalTestSuites":839,"numPassedTestSuites":817,"numFailedTestSuites":22,"numPendingTestSuites":0,"numTotalTests":1720,"numPassedTests":1659,"numFailedTests":25,"numPendingTests":35,"numTodoTests":1,"snapshot":{"added":0,"failure":false,"filesAdded":0,"filesRemoved":0,"filesRemovedList":[],"filesUnmatched":0,"filesUpdated":0,"matched":0,"total":0,"unchecked":0,"uncheckedKeysByFile":[],"unmatched":0,"updated":0,"didUpdate":false},"startTime":1772074255762,"success":false,"testResults":[{"assertionResults":[{"ancestorTitles":["AppShell navigation smoke test"],"fullName":"AppShell navigation smoke test exposes nav and footer test IDs","status":"passed","title":"exposes nav and footer test IDs","duration":984.4111999999996,"failureMessages":[],"meta":{}},{"ancestorTitles":["AppShell navigation smoke test"],"fullName":"AppShell navigation smoke test hides Iceberg PDCA nav when feature flag is off","status":"passed","title":"hides Iceberg PDCA nav when feature flag is off","duration":182.29060000000027,"failureMessages":[],"meta":{}},{"ancestorTitles":["AppShell navigation smoke test"],"fullName":"AppShell navigation smoke test shows Iceberg PDCA nav when feature flag is on","status":"passed","title":"shows Iceberg PDCA nav when feature flag is on","duration":178.82480000000032,"failureMessages":[],"meta":{}}],"startTime":1772074270331,"endTime":1772074271676.8247,"status":"passed","message":"","name":"C:/Users/安武/.vscode/workspace/audit-management-system/tests/rtl/AppShell.nav.test.tsx"},{"assertionResults":[{"ancestorTitles":["/daily/table route"],"fullName":"/daily/table route renders the table daily record form immediately","status":"passed","title":"renders the table daily record form immediately","duration":108.48049999999967,"failureMessages":[],"meta":{}}],"startTime":1772074306030,"endTime":1772074306138.4805,"status":"passed","message":"","name":"C:/Users/安武/.vscode/workspace/audit-management-system/tests/rtl/daily.table-route.test.tsx"},{"assertionResults":[{"ancestorTitles":["useWeekPageRouteState"],"fullName":"useWeekPageRouteState falls back to All when cat is unknown","status":"passed","title":"falls back to All when cat is unknown","duration":42.14470000000074,"failureMessages":[],"meta":{}},{"ancestorTitles":["useWeekPageRouteState"],"fullName":"useWeekPageRouteState normalizes invalid date to yyyy-mm-dd","status":"passed","title":"normalizes invalid date to yyyy-mm-dd","duration":35.5138999999981,"failureMessages":[],"meta":{}},{"ancestorTitles":["useWeekPageRouteState"],"fullName":"useWeekPageRouteState does not update URL when filter values are unchanged","status":"passed","title":"does not update URL when filter values are unchanged","duration":138.28059999999823,"failureMessages":[],"meta":{}},{"ancestorTitles":["useWeekPageRouteState"],"fullName":"useWeekPageRouteState clears q/cat params when filter is reset","status":"passed","title":"clears q/cat params when filter is reset","duration":62.470100000002276,"failureMessages":[],"meta":{}}],"startTime":1772074315610,"endTime":1772074315889.4702,"status":"passed","message":"","name":"C:/Users/安武/.vscode/workspace/audit-management-system/tests/rtl/schedules-week-route-state.test.tsx"},{"assertionResults":[{"ancestorTitles":["AppShell role sync"],"fullName":"AppShell role sync sets role only when role changes","status":"passed","title":"sets role only when role changes","duration":843.2420000000002,"failureMessages":[],"meta":{}},{"ancestorTitles":["AppShell role sync"],"fullName":"AppShell role sync does not loop when pathname changes multiple times","status":"passed","title":"does not loop when pathname changes multiple times","duration":374.6963000000005,"failureMessages":[],"meta":{}}],"startTime":1772074270943,"endTime":1772074272161.6963,"status":"passed","message":"","name":"C:/Users/安武/.vscode/workspace/audit-management-system/src/app/AppShell.role-sync.spec.tsx"},{"assertionResults":[{"ancestorTitles":["smoke"],"fullName":"smoke works","status":"passed","title":"works","duration":4.614399999999932,"failureMessages":[],"meta":{}}],"startTime":1772074351188,"endTime":1772074351192.6145,"status":"passed","message":"","name":"C:/Users/安武/.vscode/workspace/audit-management-system/tests/smoke/hello.spec.ts"},{"assertionResults":[{"ancestorTitles":["IntegratedResourceCalendar smoke tests"],"fullName":"IntegratedResourceCalendar smoke tests renders without crashing","status":"passed","title":"renders without crashing","duration":210.07209999999986,"failureMessages":[],"meta":{}},{"ancestorTitles":["IntegratedResourceCalendar smoke tests"],"fullName":"IntegratedResourceCalendar smoke tests displays the page title","status":"passed","title":"displays the page title","duration":71.80490000000009,"failureMessages":[],"meta":{}},{"ancestorTitles":["IntegratedResourceCalendar smoke tests"],"fullName":"IntegratedResourceCalendar smoke tests shows Sprint 3 implementation notice","status":"passed","title":"shows Sprint 3 implementation notice","duration":56.832800000000134,"failureMessages":[],"meta":{}},{"ancestorTitles":["IntegratedResourceCalendar smoke tests"],"fullName":"IntegratedResourceCalendar smoke tests renders FullCalendar component","status":"passed","title":"renders FullCalendar component","duration":57.61069999999927,"failureMessages":[],"meta":{}},{"ancestorTitles":["IntegratedResourceCalendar smoke tests"],"fullName":"IntegratedResourceCalendar smoke tests contains mock resource data","status":"passed","title":"contains mock resource data","duration":57.40349999999944,"failureMessages":[],"meta":{}},{"ancestorTitles":["IntegratedResourceCalendar smoke tests"],"fullName":"IntegratedResourceCalendar smoke tests displays mock events","status":"passed","title":"displays mock events","duration":68.55919999999969,"failureMessages":[],"meta":{}},{"ancestorTitles":["IntegratedResourceCalendar smoke tests"],"fullName":"IntegratedResourceCalendar smoke tests shows PvsA status indicators","status":"passed","title":"shows PvsA status indicators","duration":57.53199999999924,"failureMessages":[],"meta":{}},{"ancestorTitles":["IntegratedResourceCalendar smoke tests"],"fullName":"IntegratedResourceCalendar smoke tests imports types without errors","status":"passed","title":"imports types without errors","duration":7.088800000000447,"failureMessages":[],"meta":{}}],"startTime":1772074286681,"endTime":1772074287268.0889,"status":"passed","message":"","name":"C:/Users/安武/.vscode/workspace/audit-management-system/tests/smoke/integrated-resource-calendar.spec.tsx"},{"assertionResults":[{"ancestorTitles":["router future flags smoke"],"fullName":"router future flags smoke navigates across primary routes with v7 flags enabled","status":"passed","title":"navigates across primary routes with v7 flags enabled","duration":17638.1863,"failureMessages":[],"meta":{}}],"startTime":1772074262582,"endTime":1772074280220.1863,"status":"passed","message":"","name":"C:/Users/安武/.vscode/workspace/audit-management-system/tests/smoke/router.flags.spec.tsx"},{"assertionResults":[{"ancestorTitles":["Composite accessibility smoke (records + users)"],"fullName":"Composite accessibility smoke (records + users) has no detectable violations when RecordList and UsersPanel render together","status":"passed","title":"has no detectable violations when RecordList and UsersPanel render together","duration":532.5945000000002,"failureMessages":[],"meta":{}}],"startTime":1772074287293,"endTime":1772074287825.5945,"status":"passed","message":"","name":"C:/Users/安武/.vscode/workspace/audit-management-system/tests/unit/a11y.records-users.composite.spec.tsx"},{"assertionResults":[{"ancestorTitles":["schedules demo adapter"],"fullName":"schedules demo adapter lists schedules with optional day filtering without mutating store","status":"passed","title":"lists schedules with optional day filtering without mutating store","duration":6.869900000000143,"failureMessages":[],"meta":{}},{"ancestorTitles":["schedules demo adapter"],"fullName":"schedules demo adapter creates schedules with defaults, updates fields, and removes entries","status":"passed","title":"creates schedules with defaults, updates fields, and removes entries","duration":1.7633999999998196,"failureMessages":[],"meta":{}},{"ancestorTitles":["schedules demo adapter"],"fullName":"schedules demo adapter detects conflicts only for overlapping assignments","status":"passed","title":"detects conflicts only for overlapping assignments","duration":1.2987000000002809,"failureMessages":[],"meta":{}},{"ancestorTitles":["schedules demo adapter"],"fullName":"schedules demo adapter honors abort signals across operations","status":"passed","title":"honors abort signals across operations","duration":3.113600000000133,"failureMessages":[],"meta":{}}],"startTime":1772074330411,"endTime":1772074330424.1135,"status":"passed","message":"","name":"C:/Users/安武/.vscode/workspace/audit-management-system/tests/unit/adapters.schedules.demo.spec.ts"},{"assertionResults":[{"ancestorTitles":["schedules adapter index"],"fullName":"schedules adapter index returns demo data immediately in demo mode","status":"passed","title":"returns demo data immediately in demo mode","duration":8.302999999999884,"failureMessages":[],"meta":{}},{"ancestorTitles":["schedules adapter index"],"fullName":"schedules adapter index throws on invalid day ISO input before calling SharePoint","status":"passed","title":"throws on invalid day ISO input before calling SharePoint","duration":3.149699999999939,"failureMessages":[],"meta":{}},{"ancestorTitles":["schedules adapter index"],"fullName":"schedules adapter index falls back to demo data on SharePoint list failure and classifies error","status":"passed","title":"falls back to demo data on SharePoint list failure and classifies error","duration":3.7626000000000204,"failureMessages":[],"meta":{}},{"ancestorTitles":["schedules adapter index"],"fullName":"schedules adapter index rethrows safe error when abort signal is already aborted","status":"passed","title":"rethrows safe error when abort signal is already aborted","duration":2.449700000000121,"failureMessages":[],"meta":{}},{"ancestorTitles":["schedules adapter index"],"fullName":"schedules adapter index falls back to demo create when SharePoint create fails and write fallback allowed","status":"passed","title":"falls back to demo create when SharePoint create fails and write fallback allowed","duration":2.588000000000193,"failureMessages":[],"meta":{}},{"ancestorTitles":["schedules adapter index"],"fullName":"schedules adapter index propagates error when write fallback is disabled","status":"passed","title":"propagates error when write fallback is disabled","duration":1.4596000000001368,"failureMessages":[],"meta":{}},{"ancestorTitles":["schedules adapter index"],"fullName":"schedules adapter index emits warning only once for repeated SharePoint create failures","status":"passed","title":"emits warning only once for repeated SharePoint create failures","duration":1.5974999999998545,"failureMessages":[],"meta":{}},{"ancestorTitles":["schedules adapter index"],"fullName":"schedules adapter index throws safe error when create signal is aborted before fallback","status":"passed","title":"throws safe error when create signal is aborted before fallback","duration":2.3714999999997417,"failureMessages":[],"meta":{}},{"ancestorTitles":["schedules adapter index"],"fullName":"schedules adapter index falls back to demo update and remove flows based on allowWriteFallback","status":"passed","title":"falls back to demo update and remove flows based on allowWriteFallback","duration":9.170000000000073,"failureMessages":[],"meta":{}},{"ancestorTitles":["schedules adapter index"],"fullName":"schedules adapter index throws safe error when update signal is aborted before fallback runs","status":"passed","title":"throws safe error when update signal is aborted before fallback runs","duration":1.9411000000000058,"failureMessages":[],"meta":{}},{"ancestorTitles":["schedules adapter index"],"fullName":"schedules adapter index throws safe error when remove signal is aborted before fallback runs","status":"passed","title":"throws safe error when remove signal is aborted before fallback runs","duration":1.7098000000000866,"failureMessages":[],"meta":{}},{"ancestorTitles":["schedules adapter index"],"fullName":"schedules adapter index falls back to demo conflict check if SharePoint rejects","status":"passed","title":"falls back to demo conflict check if SharePoint rejects","duration":2.6710000000002765,"failureMessages":[],"meta":{}},{"ancestorTitles":["schedules adapter index"],"fullName":"schedules adapter index throws safe error when conflict check signal is aborted","status":"passed","title":"throws safe error when conflict check signal is aborted","duration":1.6297999999997046,"failureMessages":[],"meta":{}},{"ancestorTitles":["schedules adapter index"],"fullName":"schedules adapter index classifies unrecognized SharePoint failures as unknown fallback kind","status":"passed","title":"classifies unrecognized SharePoint failures as unknown fallback kind","duration":1.9668000000001484,"failureMessages":[],"meta":{}},{"ancestorTitles":["schedules adapter index"],"fullName":"schedules adapter index falls back to legacy staff identifiers and names when modern lookups are empty","status":"passed","title":"falls back to legacy staff identifiers and names when modern lookups are empty","duration":6.352200000000266,"failureMessages":[],"meta":{}}],"startTime":1772074306646,"endTime":1772074306697.3523,"status":"passed","message":"","name":"C:/Users/安武/.vscode/workspace/audit-management-system/tests/unit/adapters.schedules.index.spec.ts"},{"assertionResults":[{"ancestorTitles":["schedules service"],"fullName":"schedules service routes all operations to demo adapter when demo mode is enabled","status":"passed","title":"routes all operations to demo adapter when demo mode is enabled","duration":6.98700000000008,"failureMessages":[],"meta":{}},{"ancestorTitles":["schedules service"],"fullName":"schedules service throws on invalid day ISO before reaching SharePoint","status":"passed","title":"throws on invalid day ISO before reaching SharePoint","duration":3.260200000000168,"failureMessages":[],"meta":{}},{"ancestorTitles":["schedules service"],"fullName":"schedules service falls back to demo list when SharePoint fails and classifies network errors","status":"passed","title":"falls back to demo list when SharePoint fails and classifies network errors","duration":1.7089999999998327,"failureMessages":[],"meta":{}},{"ancestorTitles":["schedules service"],"fullName":"schedules service throws immediately when the abort signal is already cancelled","status":"passed","title":"throws immediately when the abort signal is already cancelled","duration":1.8578999999999724,"failureMessages":[],"meta":{}},{"ancestorTitles":["schedules service"],"fullName":"schedules service falls back to demo create when write fallback is allowed and classifies schema errors","status":"passed","title":"falls back to demo create when write fallback is allowed and classifies schema errors","duration":1.1769999999996799,"failureMessages":[],"meta":{}},{"ancestorTitles":["schedules service"],"fullName":"schedules service propagates SharePoint errors when write fallback is disabled","status":"passed","title":"propagates SharePoint errors when write fallback is disabled","duration":1.1498000000001412,"failureMessages":[],"meta":{}},{"ancestorTitles":["schedules service"],"fullName":"schedules service falls back for update, remove, and conflict checks when SharePoint fails","status":"passed","title":"falls back for update, remove, and conflict checks when SharePoint fails","duration":2.1995999999999185,"failureMessages":[],"meta":{}},{"ancestorTitles":["schedules service"],"fullName":"schedules service returns appropriate fallbackKind classifications","status":"passed","title":"returns appropriate fallbackKind classifications","duration":1.3049000000000888,"failureMessages":[],"meta":{}},{"ancestorTitles":["schedules service"],"fullName":"schedules service warns only once per message-classification pair and resets after clearing cache","status":"passed","title":"warns only once per message-classification pair and resets after clearing cache","duration":1.0072000000000116,"failureMessages":[],"meta":{}}],"startTime":1772074311749,"endTime":1772074311770.007,"status":"passed","message":"","name":"C:/Users/安武/.vscode/workspace/audit-management-system/tests/unit/adapters.schedules.service.spec.ts"},{"assertionResults":[{"ancestorTitles":["adapters/schedules/sharepoint"],"fullName":"adapters/schedules/sharepoint delegates list calls to the demo adapter","status":"passed","title":"delegates list calls to the demo adapter","duration":11.190800000000309,"failureMessages":[],"meta":{}},{"ancestorTitles":["adapters/schedules/sharepoint"],"fullName":"adapters/schedules/sharepoint delegates create calls","status":"passed","title":"delegates create calls","duration":2.0756999999998698,"failureMessages":[],"meta":{}},{"ancestorTitles":["adapters/schedules/sharepoint"],"fullName":"adapters/schedules/sharepoint delegates update calls","status":"passed","title":"delegates update calls","duration":1.2964999999999236,"failureMessages":[],"meta":{}},{"ancestorTitles":["adapters/schedules/sharepoint"],"fullName":"adapters/schedules/sharepoint delegates remove calls","status":"passed","title":"delegates remove calls","duration":0.9949000000001433,"failureMessages":[],"meta":{}},{"ancestorTitles":["adapters/schedules/sharepoint"],"fullName":"adapters/schedules/sharepoint delegates conflict checks","status":"passed","title":"delegates conflict checks","duration":1.0445999999997184,"failureMessages":[],"meta":{}}],"startTime":1772074328047,"endTime":1772074328064.0447,"status":"passed","message":"","name":"C:/Users/安武/.vscode/workspace/audit-management-system/tests/unit/adapters.schedules.sharepoint.spec.ts"},{"assertionResults":[{"ancestorTitles":["AppShell accessibility landmarks"],"fullName":"AppShell accessibility landmarks has single <main> landmark","status":"passed","title":"has single <main> landmark","duration":740.1084000000001,"failureMessages":[],"meta":{}}],"startTime":1772074281755,"endTime":1772074282495.1084,"status":"passed","message":"","name":"C:/Users/安武/.vscode/workspace/audit-management-system/tests/unit/app.a11y.spec.tsx"},{"assertionResults":[{"ancestorTitles":["AppShell schedule flag"],"fullName":"AppShell schedule flag hides schedule nav when flag is disabled","status":"passed","title":"hides schedule nav when flag is disabled","duration":652.6440000000002,"failureMessages":[],"meta":{}},{"ancestorTitles":["AppShell schedule flag"],"fullName":"AppShell schedule flag shows schedule nav when flag is enabled","status":"passed","title":"shows schedule nav when flag is enabled","duration":254.4402,"failureMessages":[],"meta":{}}],"startTime":1772074274362,"endTime":1772074275269.4402,"status":"passed","message":"","name":"C:/Users/安武/.vscode/workspace/audit-management-system/tests/unit/app.feature-flags.spec.tsx"},{"assertionResults":[{"ancestorTitles":["App notifier → toast bridge"],"fullName":"App notifier → toast bridge registers notifier and shows a toast when invoked","status":"passed","title":"registers notifier and shows a toast when invoked","duration":56.68539999999939,"failureMessages":[],"meta":{}}],"startTime":1772074312567,"endTime":1772074312623.6853,"status":"passed","message":"","name":"C:/Users/安武/.vscode/workspace/audit-management-system/tests/unit/App.notifier.spec.tsx"},{"assertionResults":[{"ancestorTitles":["SchedulesGate"],"fullName":"SchedulesGate redirects when schedules feature is disabled and path matches schedule routes","status":"passed","title":"redirects when schedules feature is disabled and path matches schedule routes","duration":40.08959999999979,"failureMessages":[],"meta":{}},{"ancestorTitles":["SchedulesGate"],"fullName":"SchedulesGate redirects when nested schedules route is accessed without flag","status":"passed","title":"redirects when nested schedules route is accessed without flag","duration":7.1853000000000975,"failureMessages":[],"meta":{}},{"ancestorTitles":["SchedulesGate"],"fullName":"SchedulesGate renders children when schedules flag is enabled","status":"passed","title":"renders children when schedules flag is enabled","duration":5.990400000000136,"failureMessages":[],"meta":{}},{"ancestorTitles":["SchedulesGate"],"fullName":"SchedulesGate renders children when schedules flag is disabled but route does not match","status":"passed","title":"renders children when schedules flag is disabled but route does not match","duration":4.7914999999998145,"failureMessages":[],"meta":{}}],"startTime":1772074306651,"endTime":1772074306708.7915,"status":"passed","message":"","name":"C:/Users/安武/.vscode/workspace/audit-management-system/tests/unit/app.SchedulesGate.spec.tsx"},{"assertionResults":[{"ancestorTitles":["AppShell navigation"],"fullName":"AppShell navigation marks current route button with aria-current=\"page\" - awaiting AppShell useEffect fix","status":"todo","title":"marks current route button with aria-current=\"page\" - awaiting AppShell useEffect fix","failureMessages":[],"meta":{}},{"ancestorTitles":["AppShell navigation"],"fullName":"AppShell navigation marks current route button with aria-current=\"page\"","status":"passed","title":"marks current route button with aria-current=\"page\"","duration":887.6330000000007,"failureMessages":[],"meta":{}},{"ancestorTitles":["AppShell navigation"],"fullName":"AppShell navigation leaves status neutral when ping aborts","status":"passed","title":"leaves status neutral when ping aborts","duration":244.52959999999985,"failureMessages":[],"meta":{}},{"ancestorTitles":["AppShell navigation","Feature flags"],"fullName":"AppShell navigation Feature flags shows compliance link when feature flag is enabled","status":"passed","title":"shows compliance link when feature flag is enabled","duration":275.47090000000026,"failureMessages":[],"meta":{}},{"ancestorTitles":["AppShell navigation","Feature flags"],"fullName":"AppShell navigation Feature flags shows iceberg PDCA when feature flag is enabled","status":"passed","title":"shows iceberg PDCA when feature flag is enabled","duration":254.20709999999963,"failureMessages":[],"meta":{}},{"ancestorTitles":["AppShell navigation","Feature flags"],"fullName":"AppShell navigation Feature flags shows staff attendance when feature flag is enabled","status":"passed","title":"shows staff attendance when feature flag is enabled","duration":257.4313000000002,"failureMessages":[],"meta":{}},{"ancestorTitles":["AppShell navigation","Search functionality"],"fullName":"AppShell navigation Search functionality filters navigation items by search query","status":"passed","title":"filters navigation items by search query","duration":442.22280000000046,"failureMessages":[],"meta":{}},{"ancestorTitles":["AppShell navigation","Search functionality"],"fullName":"AppShell navigation Search functionality clears search query when Escape is pressed","status":"passed","title":"clears search query when Escape is pressed","duration":436.3795,"failureMessages":[],"meta":{}},{"ancestorTitles":["AppShell navigation","Navigation collapse"],"fullName":"AppShell navigation Navigation collapse toggles navigation between collapsed and expanded states","status":"passed","title":"toggles navigation between collapsed and expanded states","duration":535.8185000000003,"failureMessages":[],"meta":{}}],"startTime":1772074262662,"endTime":1772074265995.8186,"status":"passed","message":"","name":"C:/Users/安武/.vscode/workspace/audit-management-system/tests/unit/AppShell.nav.spec.tsx"},{"assertionResults":[{"ancestorTitles":["AppShell theme toggle accessibility"],"fullName":"AppShell theme toggle accessibility toggles aria-pressed when switching themes","status":"passed","title":"toggles aria-pressed when switching themes","duration":1172.2807000000003,"failureMessages":[],"meta":{}}],"startTime":1772074272441,"endTime":1772074273613.2808,"status":"passed","message":"","name":"C:/Users/安武/.vscode/workspace/audit-management-system/tests/unit/AppShell.theme-toggle.spec.tsx"},{"assertionResults":[{"ancestorTitles":["Attendance Business Logic","computeAbsenceEligibility - 欠席加算算定条件"],"fullName":"Attendance Business Logic computeAbsenceEligibility - 欠席加算算定条件 朝連絡 or 夕方確認が欠けていると false","status":"passed","title":"朝連絡 or 夕方確認が欠けていると false","duration":4.016900000000078,"failureMessages":[],"meta":{}},{"ancestorTitles":["Attendance Business Logic","computeAbsenceEligibility - 欠席加算算定条件"],"fullName":"Attendance Business Logic computeAbsenceEligibility - 欠席加算算定条件 回数上限未満なら true, 上限以上なら false","status":"passed","title":"回数上限未満なら true, 上限以上なら false","duration":0.8386999999997897,"failureMessages":[],"meta":{}},{"ancestorTitles":["Attendance Business Logic","computeAbsenceEligibility - 欠席加算算定条件"],"fullName":"Attendance Business Logic computeAbsenceEligibility - 欠席加算算定条件 カスタム上限での判定","status":"passed","title":"カスタム上限での判定","duration":0.6631999999999607,"failureMessages":[],"meta":{}},{"ancestorTitles":["Attendance Business Logic","computeAbsenceEligibility - 欠席加算算定条件"],"fullName":"Attendance Business Logic computeAbsenceEligibility - 欠席加算算定条件 両方の条件を満たす場合のみ true","status":"passed","title":"両方の条件を満たす場合のみ true","duration":0.54950000000008,"failureMessages":[],"meta":{}},{"ancestorTitles":["Attendance Business Logic","buildAbsentVisit - 欠席用記録構築"],"fullName":"Attendance Business Logic buildAbsentVisit - 欠席用記録構築 欠席用の状態に正しくマッピングされる","status":"passed","title":"欠席用の状態に正しくマッピングされる","duration":1.4791999999997643,"failureMessages":[],"meta":{}},{"ancestorTitles":["Attendance Business Logic","buildAbsentVisit - 欠席用記録構築"],"fullName":"Attendance Business Logic buildAbsentVisit - 欠席用記録構築 加算対象外の場合","status":"passed","title":"加算対象外の場合","duration":0.8393999999998414,"failureMessages":[],"meta":{}},{"ancestorTitles":["Attendance Business Logic","buildAbsentVisit - 欠席用記録構築"],"fullName":"Attendance Business Logic buildAbsentVisit - 欠席用記録構築 ベースの recordDate や userCode は保持される","status":"passed","title":"ベースの recordDate や userCode は保持される","duration":0.6844999999998436,"failureMessages":[],"meta":{}},{"ancestorTitles":["Attendance Business Logic","diffMinutes - 実提供時間計算"],"fullName":"Attendance Business Logic diffMinutes - 実提供時間計算 start/end が未指定なら 0","status":"passed","title":"start/end が未指定なら 0","duration":0.6828000000000429,"failureMessages":[],"meta":{}},{"ancestorTitles":["Attendance Business Logic","diffMinutes - 実提供時間計算"],"fullName":"Attendance Business Logic diffMinutes - 実提供時間計算 正しく分単位の差を返す（切り捨て）","status":"passed","title":"正しく分単位の差を返す（切り捨て）","duration":0.602100000000064,"failureMessages":[],"meta":{}},{"ancestorTitles":["Attendance Business Logic","diffMinutes - 実提供時間計算"],"fullName":"Attendance Business Logic diffMinutes - 実提供時間計算 1時間ちょうど","status":"passed","title":"1時間ちょうど","duration":0.5322999999998501,"failureMessages":[],"meta":{}},{"ancestorTitles":["Attendance Business Logic","diffMinutes - 実提供時間計算"],"fullName":"Attendance Business Logic diffMinutes - 実提供時間計算 短時間（15分）","status":"passed","title":"短時間（15分）","duration":0.39160000000038053,"failureMessages":[],"meta":{}},{"ancestorTitles":["Attendance Business Logic","diffMinutes - 実提供時間計算"],"fullName":"Attendance Business Logic diffMinutes - 実提供時間計算 差分がマイナスになり得る場合でも 0 で下限カット","status":"passed","title":"差分がマイナスになり得る場合でも 0 で下限カット","duration":0.48860000000013315,"failureMessages":[],"meta":{}},{"ancestorTitles":["Attendance Business Logic","diffMinutes - 実提供時間計算"],"fullName":"Attendance Business Logic diffMinutes - 実提供時間計算 秒単位は切り捨て","status":"passed","title":"秒単位は切り捨て","duration":0.47109999999975116,"failureMessages":[],"meta":{}},{"ancestorTitles":["Attendance Business Logic","canCheckOut - 退所可否判定"],"fullName":"Attendance Business Logic canCheckOut - 退所可否判定 通所中 かつ cntAttendOut=0 のとき true","status":"passed","title":"通所中 かつ cntAttendOut=0 のとき true","duration":0.5768000000002758,"failureMessages":[],"meta":{}},{"ancestorTitles":["Attendance Business Logic","canCheckOut - 退所可否判定"],"fullName":"Attendance Business Logic canCheckOut - 退所可否判定 ステータスが通所中でない場合は false","status":"passed","title":"ステータスが通所中でない場合は false","duration":0.6082000000001244,"failureMessages":[],"meta":{}},{"ancestorTitles":["Attendance Business Logic","canCheckOut - 退所可否判定"],"fullName":"Attendance Business Logic canCheckOut - 退所可否判定 cntAttendOut が 1 の場合は false（既に退所済み）","status":"passed","title":"cntAttendOut が 1 の場合は false（既に退所済み）","duration":0.5091000000002168,"failureMessages":[],"meta":{}},{"ancestorTitles":["Attendance Business Logic","canCheckOut - 退所可否判定"],"fullName":"Attendance Business Logic canCheckOut - 退所可否判定 undefined を渡したときは false","status":"passed","title":"undefined を渡したときは false","duration":0.5146000000004278,"failureMessages":[],"meta":{}},{"ancestorTitles":["Attendance Business Logic","canCheckOut - 退所可否判定"],"fullName":"Attendance Business Logic canCheckOut - 退所可否判定 cntAttendIn が 0 でも、ステータスが通所中で cntAttendOut が 0 なら true","status":"passed","title":"cntAttendIn が 0 でも、ステータスが通所中で cntAttendOut が 0 なら true","duration":0.5863000000003922,"failureMessages":[],"meta":{}},{"ancestorTitles":["Attendance Business Logic","getDiscrepancyCount - 乖離件数カウント"],"fullName":"Attendance Business Logic getDiscrepancyCount - 乖離件数カウント visits または users が空なら 0","status":"passed","title":"visits または users が空なら 0","duration":0.6453000000001339,"failureMessages":[],"meta":{}},{"ancestorTitles":["Attendance Business Logic","getDiscrepancyCount - 乖離件数カウント"],"fullName":"Attendance Business Logic getDiscrepancyCount - 乖離件数カウント providedMinutes が 0 の行はカウントしない","status":"passed","title":"providedMinutes が 0 の行はカウントしない","duration":0.6703999999999724,"failureMessages":[],"meta":{}},{"ancestorTitles":["Attendance Business Logic","getDiscrepancyCount - 乖離件数カウント"],"fullName":"Attendance Business Logic getDiscrepancyCount - 乖離件数カウント providedMinutes < standardMinutes * threshold の行をカウント","status":"passed","title":"providedMinutes < standardMinutes * threshold の行をカウント","duration":0.5322000000001026,"failureMessages":[],"meta":{}},{"ancestorTitles":["Attendance Business Logic","getDiscrepancyCount - 乖離件数カウント"],"fullName":"Attendance Business Logic getDiscrepancyCount - 乖離件数カウント ユーザー一覧に存在しない userCode の visit は無視","status":"passed","title":"ユーザー一覧に存在しない userCode の visit は無視","duration":0.43739999999979773,"failureMessages":[],"meta":{}},{"ancestorTitles":["Attendance Business Logic","getDiscrepancyCount - 乖離件数カウント"],"fullName":"Attendance Business Logic getDiscrepancyCount - 乖離件数カウント 閾値ギリギリのケース","status":"passed","title":"閾値ギリギリのケース","duration":0.7636999999999716,"failureMessages":[],"meta":{}},{"ancestorTitles":["Attendance Business Logic","buildInitialVisits - 初期記録構築"],"fullName":"Attendance Business Logic buildInitialVisits - 初期記録構築 ユーザー一覧に対応する初期 Visit を構築する","status":"passed","title":"ユーザー一覧に対応する初期 Visit を構築する","duration":2.002599999999802,"failureMessages":[],"meta":{}},{"ancestorTitles":["Attendance Business Logic","buildInitialVisits - 初期記録構築"],"fullName":"Attendance Business Logic buildInitialVisits - 初期記録構築 空のユーザー配列の場合は空オブジェクト","status":"passed","title":"空のユーザー配列の場合は空オブジェクト","duration":0.7154999999997926,"failureMessages":[],"meta":{}},{"ancestorTitles":["Attendance Business Logic","buildInitialVisits - 初期記録構築"],"fullName":"Attendance Business Logic buildInitialVisits - 初期記録構築 単一ユーザーの場合","status":"passed","title":"単一ユーザーの場合","duration":0.7827000000002045,"failureMessages":[],"meta":{}},{"ancestorTitles":["Attendance Business Logic","isBeforeCloseTime - 閉所時間前判定"],"fullName":"Attendance Business Logic isBeforeCloseTime - 閉所時間前判定 閉所時間前の場合は true","status":"passed","title":"閉所時間前の場合は true","duration":0.8366000000000895,"failureMessages":[],"meta":{}},{"ancestorTitles":["Attendance Business Logic","isBeforeCloseTime - 閉所時間前判定"],"fullName":"Attendance Business Logic isBeforeCloseTime - 閉所時間前判定 閉所時間ちょうど・以後の場合は false","status":"passed","title":"閉所時間ちょうど・以後の場合は false","duration":0.6570999999999003,"failureMessages":[],"meta":{}},{"ancestorTitles":["Attendance Business Logic","isBeforeCloseTime - 閉所時間前判定"],"fullName":"Attendance Business Logic isBeforeCloseTime - 閉所時間前判定 デフォルトの閉所時間（FACILITY_CLOSE_TIME）が使用される","status":"passed","title":"デフォルトの閉所時間（FACILITY_CLOSE_TIME）が使用される","duration":0.5641000000000531,"failureMessages":[],"meta":{}},{"ancestorTitles":["Attendance Business Logic","isBeforeCloseTime - 閉所時間前判定"],"fullName":"Attendance Business Logic isBeforeCloseTime - 閉所時間前判定 異なる閉所時間での判定","status":"passed","title":"異なる閉所時間での判定","duration":0.6499999999996362,"failureMessages":[],"meta":{}},{"ancestorTitles":["Attendance Business Logic","isBeforeCloseTime - 閉所時間前判定"],"fullName":"Attendance Business Logic isBeforeCloseTime - 閉所時間前判定 分単位の精密な判定","status":"passed","title":"分単位の精密な判定","duration":0.5973999999996522,"failureMessages":[],"meta":{}},{"ancestorTitles":["Attendance Business Logic","formatTime - 時刻フォーマット"],"fullName":"Attendance Business Logic formatTime - 時刻フォーマット 有効なISO文字列をHH:mm形式に変換","status":"passed","title":"有効なISO文字列をHH:mm形式に変換","duration":1.5933999999997468,"failureMessages":[],"meta":{}},{"ancestorTitles":["Attendance Business Logic","formatTime - 時刻フォーマット"],"fullName":"Attendance Business Logic formatTime - 時刻フォーマット undefined や null の場合は \"--:--\"","status":"passed","title":"undefined や null の場合は \"--:--\"","duration":0.6202000000002954,"failureMessages":[],"meta":{}},{"ancestorTitles":["Attendance Business Logic","formatTime - 時刻フォーマット"],"fullName":"Attendance Business Logic formatTime - 時刻フォーマット 無効な日付文字列の場合","status":"passed","title":"無効な日付文字列の場合","duration":0.546100000000024,"failureMessages":[],"meta":{}}],"startTime":1772074313482,"endTime":1772074313511.5461,"status":"passed","message":"","name":"C:/Users/安武/.vscode/workspace/audit-management-system/tests/unit/attendance.logic.spec.ts"},{"assertionResults":[{"ancestorTitles":["attendance utils (placeholder)"],"fullName":"attendance utils (placeholder) marks pending migration from Jest suites","status":"passed","title":"marks pending migration from Jest suites","duration":3.701400000000376,"failureMessages":[],"meta":{}}],"startTime":1772074351388,"endTime":1772074351391.7014,"status":"passed","message":"","name":"C:/Users/安武/.vscode/workspace/audit-management-system/tests/unit/attendance.utils.spec.ts"},{"assertionResults":[{"ancestorTitles":["audit localStorage error branches"],"fullName":"audit localStorage error branches readAudit handles malformed JSON and clears corrupt entry","status":"passed","title":"readAudit handles malformed JSON and clears corrupt entry","duration":6.57589999999982,"failureMessages":[],"meta":{}},{"ancestorTitles":["audit localStorage error branches"],"fullName":"audit localStorage error branches pushAudit swallows write errors after reading existing logs","status":"passed","title":"pushAudit swallows write errors after reading existing logs","duration":5.456000000000131,"failureMessages":[],"meta":{}},{"ancestorTitles":["audit localStorage error branches"],"fullName":"audit localStorage error branches retainAuditWhere removes all entries when predicate filters everything out","status":"passed","title":"retainAuditWhere removes all entries when predicate filters everything out","duration":1.3946999999998297,"failureMessages":[],"meta":{}}],"startTime":1772074334951,"endTime":1772074334964.3948,"status":"passed","message":"","name":"C:/Users/安武/.vscode/workspace/audit-management-system/tests/unit/audit.branches.spec.ts"},{"assertionResults":[{"ancestorTitles":["audit catch paths"],"fullName":"audit catch paths logs and swallows errors when localStorage.setItem throws during pushAudit","status":"passed","title":"logs and swallows errors when localStorage.setItem throws during pushAudit","duration":8.320799999999963,"failureMessages":[],"meta":{}},{"ancestorTitles":["audit catch paths"],"fullName":"audit catch paths logs when retainAuditWhere cannot persist filtered audit log","status":"passed","title":"logs when retainAuditWhere cannot persist filtered audit log","duration":1.942199999999957,"failureMessages":[],"meta":{}}],"startTime":1772074339573,"endTime":1772074339582.9421,"status":"passed","message":"","name":"C:/Users/安武/.vscode/workspace/audit-management-system/tests/unit/audit.catch-paths.spec.ts"},{"assertionResults":[{"ancestorTitles":["audit final catch branches"],"fullName":"audit final catch branches swallows write failures when pushing audit events","status":"passed","title":"swallows write failures when pushing audit events","duration":10.46180000000004,"failureMessages":[],"meta":{}},{"ancestorTitles":["audit final catch branches"],"fullName":"audit final catch branches handles retain failures when localStorage.removeItem throws","status":"passed","title":"handles retain failures when localStorage.removeItem throws","duration":2.4879000000000815,"failureMessages":[],"meta":{}}],"startTime":1772074335433,"endTime":1772074335446.4878,"status":"passed","message":"","name":"C:/Users/安武/.vscode/workspace/audit-management-system/tests/unit/audit.final-catches.spec.ts"},{"assertionResults":[{"ancestorTitles":["audit helpers additional branches"],"fullName":"audit helpers additional branches truncates audit log when exceeding MAX_LOGS and prepends new event","status":"passed","title":"truncates audit log when exceeding MAX_LOGS and prepends new event","duration":6.97440000000006,"failureMessages":[],"meta":{}},{"ancestorTitles":["audit helpers additional branches"],"fullName":"audit helpers additional branches retainAuditWhere keeps filtered subset and persists to storage","status":"passed","title":"retainAuditWhere keeps filtered subset and persists to storage","duration":2.8590000000003783,"failureMessages":[],"meta":{}},{"ancestorTitles":["audit helpers additional branches"],"fullName":"audit helpers additional branches retainAuditWhere handles storage errors gracefully","status":"passed","title":"retainAuditWhere handles storage errors gracefully","duration":2.7555999999999585,"failureMessages":[],"meta":{}},{"ancestorTitles":["audit helpers additional branches"],"fullName":"audit helpers additional branches addAuditLog forwards to pushAudit with legacy shape","status":"passed","title":"addAuditLog forwards to pushAudit with legacy shape","duration":1.6498000000001412,"failureMessages":[],"meta":{}}],"startTime":1772074332104,"endTime":1772074332117.65,"status":"passed","message":"","name":"C:/Users/安武/.vscode/workspace/audit-management-system/tests/unit/audit.more-branches.spec.ts"},{"assertionResults":[{"ancestorTitles":["retainAuditWhere"],"fullName":"retainAuditWhere keeps matching audit events and discards others","status":"passed","title":"keeps matching audit events and discards others","duration":7.707900000000336,"failureMessages":[],"meta":{}},{"ancestorTitles":["retainAuditWhere"],"fullName":"retainAuditWhere handles storage failures when removing filtered logs","status":"passed","title":"handles storage failures when removing filtered logs","duration":4.922900000000027,"failureMessages":[],"meta":{}}],"startTime":1772074336876,"endTime":1772074336888.9229,"status":"passed","message":"","name":"C:/Users/安武/.vscode/workspace/audit-management-system/tests/unit/audit.retain.spec.ts"},{"assertionResults":[{"ancestorTitles":["audit localStorage helpers"],"fullName":"audit localStorage helpers pushAudit and readAudit round-trip","status":"passed","title":"pushAudit and readAudit round-trip","duration":4.745800000000145,"failureMessages":[],"meta":{}},{"ancestorTitles":["audit localStorage helpers"],"fullName":"audit localStorage helpers clearAudit removes stored logs","status":"passed","title":"clearAudit removes stored logs","duration":1.1404999999999745,"failureMessages":[],"meta":{}},{"ancestorTitles":["audit localStorage helpers"],"fullName":"audit localStorage helpers retainAuditWhere keeps only matching logs","status":"passed","title":"retainAuditWhere keeps only matching logs","duration":1.155999999999949,"failureMessages":[],"meta":{}}],"startTime":1772074348069,"endTime":1772074348076.156,"status":"passed","message":"","name":"C:/Users/安武/.vscode/workspace/audit-management-system/tests/unit/audit.spec.ts"},{"assertionResults":[{"ancestorTitles":["AuditPanel action handlers"],"fullName":"AuditPanel action handlers CSV export enabled when logs exist and triggers createObjectURL","status":"passed","title":"CSV export enabled when logs exist and triggers createObjectURL","duration":202.17050000000017,"failureMessages":[],"meta":{}},{"ancestorTitles":["AuditPanel action handlers"],"fullName":"AuditPanel action handlers syncAll success path sets message","status":"passed","title":"syncAll success path sets message","duration":63.87549999999965,"failureMessages":[],"meta":{}},{"ancestorTitles":["AuditPanel action handlers"],"fullName":"AuditPanel action handlers syncAll failure path shows error","status":"passed","title":"syncAll failure path shows error","duration":57.94509999999991,"failureMessages":[],"meta":{}},{"ancestorTitles":["AuditPanel action handlers"],"fullName":"AuditPanel action handlers batch sync failure then resend failed path","status":"passed","title":"batch sync failure then resend failed path","duration":77.60120000000006,"failureMessages":[],"meta":{}},{"ancestorTitles":["AuditPanel action handlers"],"fullName":"AuditPanel action handlers batch sync error catch path sets failure message","status":"passed","title":"batch sync error catch path sets failure message","duration":46.753099999999904,"failureMessages":[],"meta":{}},{"ancestorTitles":["AuditPanel action handlers"],"fullName":"AuditPanel action handlers action filter reduces visible rows","status":"passed","title":"action filter reduces visible rows","duration":24.091300000000047,"failureMessages":[],"meta":{}}],"startTime":1772074289834,"endTime":1772074290307.0913,"status":"passed","message":"","name":"C:/Users/安武/.vscode/workspace/audit-management-system/tests/unit/AuditPanel.actions.spec.tsx"},{"assertionResults":[{"ancestorTitles":["AuditPanel dev mode interactions"],"fullName":"AuditPanel dev mode interactions exposes dev metrics overlay and debug attributes","status":"passed","title":"exposes dev metrics overlay and debug attributes","duration":304.6590000000001,"failureMessages":[],"meta":{}}],"startTime":1772074294768,"endTime":1772074295072.659,"status":"passed","message":"","name":"C:/Users/安武/.vscode/workspace/audit-management-system/tests/unit/AuditPanel.dev.spec.tsx"},{"assertionResults":[{"ancestorTitles":["AuditPanel metrics attributes"],"fullName":"AuditPanel metrics attributes no logs -> no metrics container","status":"passed","title":"no logs -> no metrics container","duration":95.07420000000002,"failureMessages":[],"meta":{}},{"ancestorTitles":["AuditPanel metrics attributes"],"fullName":"AuditPanel metrics attributes mixed results (new + duplicates + failed)","status":"passed","title":"mixed results (new + duplicates + failed)","duration":177.82250000000022,"failureMessages":[],"meta":{}},{"ancestorTitles":["AuditPanel metrics attributes"],"fullName":"AuditPanel metrics attributes all duplicates (no new failures)","status":"passed","title":"all duplicates (no new failures)","duration":76.5929000000001,"failureMessages":[],"meta":{}},{"ancestorTitles":["AuditPanel metrics attributes"],"fullName":"AuditPanel metrics attributes all failed","status":"passed","title":"all failed","duration":59.84979999999996,"failureMessages":[],"meta":{}}],"startTime":1772074292667,"endTime":1772074293075.8499,"status":"passed","message":"","name":"C:/Users/安武/.vscode/workspace/audit-management-system/tests/unit/AuditPanel.metrics.spec.tsx"},{"assertionResults":[{"ancestorTitles":["AuditPanel metrics overlay (DEV button)"],"fullName":"AuditPanel metrics overlay (DEV button) opens and closes overlay","status":"passed","title":"opens and closes overlay","duration":213.1812,"failureMessages":[],"meta":{}}],"startTime":1772074297330,"endTime":1772074297543.1812,"status":"passed","message":"","name":"C:/Users/安武/.vscode/workspace/audit-management-system/tests/unit/AuditPanel.overlay.spec.tsx"},{"assertionResults":[{"ancestorTitles":["msalConfig fallbacks"],"fullName":"msalConfig fallbacks uses provided config values and runtime origin redirect","status":"passed","title":"uses provided config values and runtime origin redirect","duration":11.937900000000354,"failureMessages":[],"meta":{}},{"ancestorTitles":["msalConfig fallbacks"],"fullName":"msalConfig fallbacks falls back to dummy values and localhost redirect when window is absent","status":"passed","title":"falls back to dummy values and localhost redirect when window is absent","duration":4.725000000000364,"failureMessages":[],"meta":{}},{"ancestorTitles":["msalConfig fallbacks"],"fullName":"msalConfig fallbacks normalizes legacy /callback env redirect to /auth/callback","status":"passed","title":"normalizes legacy /callback env redirect to /auth/callback","duration":3.8542999999999665,"failureMessages":[],"meta":{}}],"startTime":1772074319872,"endTime":1772074319892.8542,"status":"passed","message":"","name":"C:/Users/安武/.vscode/workspace/audit-management-system/tests/unit/auth.msalConfig.branches.spec.ts"},{"assertionResults":[{"ancestorTitles":["msal mock helpers"],"fullName":"msal mock helpers exposes initMsalMock without throwing","status":"passed","title":"exposes initMsalMock without throwing","duration":4.58179999999993,"failureMessages":[],"meta":{}},{"ancestorTitles":["msal mock helpers"],"fullName":"msal mock helpers exposes resetMsalMockSignal without throwing","status":"passed","title":"exposes resetMsalMockSignal without throwing","duration":1.0484000000001288,"failureMessages":[],"meta":{}}],"startTime":1772074349028,"endTime":1772074349033.0483,"status":"passed","message":"","name":"C:/Users/安武/.vscode/workspace/audit-management-system/tests/unit/auth.msalMock.spec.ts"},{"assertionResults":[{"ancestorTitles":["useAuth hook"],"fullName":"useAuth hook returns mock account when E2E msal mock is enabled","status":"passed","title":"returns mock account when E2E msal mock is enabled","duration":1565.8482,"failureMessages":[],"meta":{}},{"ancestorTitles":["useAuth hook"],"fullName":"useAuth hook refreshes token when remaining lifetime is below threshold","status":"passed","title":"refreshes token when remaining lifetime is below threshold","duration":10.98869999999988,"failureMessages":[],"meta":{}},{"ancestorTitles":["useAuth hook"],"fullName":"useAuth hook returns cached token when refresh is not required","status":"passed","title":"returns cached token when refresh is not required","duration":8.613700000000335,"failureMessages":[],"meta":{}},{"ancestorTitles":["useAuth hook"],"fullName":"useAuth hook handles missing expiration gracefully","status":"passed","title":"handles missing expiration gracefully","duration":9.398299999999836,"failureMessages":[],"meta":{}},{"ancestorTitles":["useAuth hook"],"fullName":"useAuth hook records metrics in debug mode even without refresh","status":"passed","title":"records metrics in debug mode even without refresh","duration":13.921199999999772,"failureMessages":[],"meta":{}},{"ancestorTitles":["useAuth hook"],"fullName":"useAuth hook returns null when silent acquisition fails without redirect","status":"passed","title":"returns null when silent acquisition fails without redirect","duration":21.7208999999998,"failureMessages":[],"meta":{}},{"ancestorTitles":["useAuth hook"],"fullName":"useAuth hook returns unauthenticated state when no accounts are present","status":"passed","title":"returns unauthenticated state when no accounts are present","duration":9.23090000000002,"failureMessages":[],"meta":{}}],"startTime":1772074264202,"endTime":1772074265842.231,"status":"passed","message":"","name":"C:/Users/安武/.vscode/workspace/audit-management-system/tests/unit/auth.useAuth.spec.ts"},{"assertionResults":[{"ancestorTitles":["buildAuthDiagCopyText"],"fullName":"buildAuthDiagCopyText builds copy text with defaults","status":"passed","title":"builds copy text with defaults","duration":4.586899999999787,"failureMessages":[],"meta":{}},{"ancestorTitles":["buildAuthDiagCopyText"],"fullName":"buildAuthDiagCopyText uses provided metadata","status":"passed","title":"uses provided metadata","duration":1.0875999999998385,"failureMessages":[],"meta":{}}],"startTime":1772074349226,"endTime":1772074349232.0876,"status":"passed","message":"","name":"C:/Users/安武/.vscode/workspace/audit-management-system/tests/unit/authDiag.spec.ts"},{"assertionResults":[{"ancestorTitles":["Azure Functions - calculateWorkingDays"],"fullName":"Azure Functions - calculateWorkingDays 2025年1月の稼働日数計算（祝日・土日除く）","status":"passed","title":"2025年1月の稼働日数計算（祝日・土日除く）","duration":5.481699999999819,"failureMessages":[],"meta":{}},{"ancestorTitles":["Azure Functions - calculateWorkingDays"],"fullName":"Azure Functions - calculateWorkingDays 2025年11月の稼働日数計算（文化の日・勤労感謝の日含む）","status":"passed","title":"2025年11月の稼働日数計算（文化の日・勤労感謝の日含む）","duration":1.4375,"failureMessages":[],"meta":{}},{"ancestorTitles":["Azure Functions - calculateWorkingDays"],"fullName":"Azure Functions - calculateWorkingDays 土日を除外しない場合の計算","status":"passed","title":"土日を除外しない場合の計算","duration":0.9238000000000284,"failureMessages":[],"meta":{}},{"ancestorTitles":["Azure Functions - calculateWorkingDays"],"fullName":"Azure Functions - calculateWorkingDays 祝日を除外しない場合の計算","status":"passed","title":"祝日を除外しない場合の計算","duration":0.7557000000001608,"failureMessages":[],"meta":{}},{"ancestorTitles":["Azure Functions - calculateWorkingDays"],"fullName":"Azure Functions - calculateWorkingDays 祝日のない月の計算（2025年6月）","status":"passed","title":"祝日のない月の計算（2025年6月）","duration":1.0270999999997912,"failureMessages":[],"meta":{}},{"ancestorTitles":["Azure Functions - calculateWorkingDays"],"fullName":"Azure Functions - calculateWorkingDays ゴールデンウィーク（2025年5月）の計算","status":"passed","title":"ゴールデンウィーク（2025年5月）の計算","duration":1.02599999999984,"failureMessages":[],"meta":{}}],"startTime":1772074336763,"endTime":1772074336774.026,"status":"passed","message":"","name":"C:/Users/安武/.vscode/workspace/audit-management-system/tests/unit/azure-functions.working-days.spec.ts"},{"assertionResults":[{"ancestorTitles":["batchUtil fallback parser (more malformed bodies)"],"fullName":"batchUtil fallback parser (more malformed bodies) handles mixed LF-only endings and missing Content-ID lines","status":"passed","title":"handles mixed LF-only endings and missing Content-ID lines","duration":6.616100000000188,"failureMessages":[],"meta":{}},{"ancestorTitles":["batchUtil fallback parser (more malformed bodies)"],"fullName":"batchUtil fallback parser (more malformed bodies) ignores extra blank lines and odd casing for headers","status":"passed","title":"ignores extra blank lines and odd casing for headers","duration":1.60550000000012,"failureMessages":[],"meta":{}}],"startTime":1772074344410,"endTime":1772074344418.6055,"status":"passed","message":"","name":"C:/Users/安武/.vscode/workspace/audit-management-system/tests/unit/batchUtil.fallback.malformed.spec.ts"},{"assertionResults":[{"ancestorTitles":["batch parser single HTTP line fallback trigger"],"fullName":"batch parser single HTTP line fallback trigger fallback activates when only one HTTP line and boundary mismatch","status":"passed","title":"fallback activates when only one HTTP line and boundary mismatch","duration":6.147599999999784,"failureMessages":[],"meta":{}}],"startTime":1772074348817,"endTime":1772074348823.1477,"status":"passed","message":"","name":"C:/Users/安武/.vscode/workspace/audit-management-system/tests/unit/batchUtil.fallback.single.spec.ts"},{"assertionResults":[{"ancestorTitles":["batch parser fallback"],"fullName":"batch parser fallback parses without boundary (mixed newlines) but with HTTP lines","status":"passed","title":"parses without boundary (mixed newlines) but with HTTP lines","duration":7.64409999999998,"failureMessages":[],"meta":{}},{"ancestorTitles":["batch parser fallback"],"fullName":"batch parser fallback finds Content-Id case-insensitively & within 6 lines","status":"passed","title":"finds Content-Id case-insensitively & within 6 lines","duration":1.6601999999998043,"failureMessages":[],"meta":{}}],"startTime":1772074343577,"endTime":1772074343586.6602,"status":"passed","message":"","name":"C:/Users/安武/.vscode/workspace/audit-management-system/tests/unit/batchUtil.fallback.spec.ts"},{"assertionResults":[{"ancestorTitles":["calculateStaffConflicts"],"fullName":"calculateStaffConflicts 同じスタッフが複数スケジュールに入っているとコンフリクトを検出する","status":"passed","title":"同じスタッフが複数スケジュールに入っているとコンフリクトを検出する","duration":4.208000000000538,"failureMessages":[],"meta":{}},{"ancestorTitles":["calculateStaffConflicts"],"fullName":"calculateStaffConflicts スタッフIDが重複していなければコンフリクトは発生しない","status":"passed","title":"スタッフIDが重複していなければコンフリクトは発生しない","duration":1.1887000000006083,"failureMessages":[],"meta":{}},{"ancestorTitles":["calculateStaffConflicts"],"fullName":"calculateStaffConflicts スタッフIDが未定義または空の場合はスキップする","status":"passed","title":"スタッフIDが未定義または空の場合はスキップする","duration":1.2333999999991647,"failureMessages":[],"meta":{}},{"ancestorTitles":["calculateStaffConflicts"],"fullName":"calculateStaffConflicts 複数のスタッフがそれぞれ重複する場合を適切に検出する","status":"passed","title":"複数のスタッフがそれぞれ重複する場合を適切に検出する","duration":1.6622999999999593,"failureMessages":[],"meta":{}}],"startTime":1772074358406,"endTime":1772074358414.6624,"status":"passed","message":"","name":"C:/Users/安武/.vscode/workspace/audit-management-system/tests/unit/calculateStaffConflicts.spec.ts"},{"assertionResults":[{"ancestorTitles":["checklist list 401 refresh flow"],"fullName":"checklist list 401 refresh flow 401 then refreshed token returns data","status":"passed","title":"401 then refreshed token returns data","duration":12.190000000000055,"failureMessages":[],"meta":{}}],"startTime":1772074340148,"endTime":1772074340160.19,"status":"passed","message":"","name":"C:/Users/安武/.vscode/workspace/audit-management-system/tests/unit/checklist.api.spec.ts"},{"assertionResults":[{"ancestorTitles":["useChecklistApi"],"fullName":"useChecklistApi list maps DTO to domain shape","status":"passed","title":"list maps DTO to domain shape","duration":21.984800000000178,"failureMessages":[],"meta":{}},{"ancestorTitles":["useChecklistApi"],"fullName":"useChecklistApi add returns mapped created item","status":"passed","title":"add returns mapped created item","duration":3.021600000000035,"failureMessages":[],"meta":{}}],"startTime":1772074316331,"endTime":1772074316357.0215,"status":"passed","message":"","name":"C:/Users/安武/.vscode/workspace/audit-management-system/tests/unit/checklist.hook.spec.ts"},{"assertionResults":[{"ancestorTitles":["ChecklistPage"],"fullName":"ChecklistPage renders empty state when API returns no items","status":"passed","title":"renders empty state when API returns no items","duration":375.7562000000007,"failureMessages":[],"meta":{}},{"ancestorTitles":["ChecklistPage"],"fullName":"ChecklistPage submits new checklist item and logs audit entry","status":"passed","title":"submits new checklist item and logs audit entry","duration":354.64879999999994,"failureMessages":[],"meta":{}}],"startTime":1772074284404,"endTime":1772074285134.6487,"status":"passed","message":"","name":"C:/Users/安武/.vscode/workspace/audit-management-system/tests/unit/ChecklistPage.smoke.spec.tsx"},{"assertionResults":[{"ancestorTitles":["TableDailyRecordTable Support Hints"],"fullName":"TableDailyRecordTable Support Hints displays support icons when highlights exist","status":"failed","title":"displays support icons when highlights exist","duration":302.60220000000027,"failureMessages":["TestingLibraryElementError: Unable to find an element by: [data-testid=\"support-plan-goal-icon\"]\n\nIgnored nodes: comments, script, style\n\u001b[36m<body>\u001b[39m\n  \u001b[36m<div>\u001b[39m\n    \u001b[36m<div\u001b[39m\n      \u001b[33mclass\u001b[39m=\u001b[32m\"MuiPaper-root MuiPaper-elevation MuiPaper-rounded MuiPaper-elevation1 css-1fdopfm-MuiPaper-root\"\u001b[39m\n      \u001b[33mstyle\u001b[39m=\u001b[32m\"--Paper-shadow: 0px 2px 1px -1px rgba(0,0,0,0.2),0px 1px 1px 0px rgba(0,0,0,0.14),0px 1px 3px 0px rgba(0,0,0,0.12);\"\u001b[39m\n    \u001b[36m>\u001b[39m\n      \u001b[36m<h6\u001b[39m\n        \u001b[33mclass\u001b[39m=\u001b[32m\"MuiTypography-root MuiTypography-subtitle1 css-153ijg8-MuiTypography-root\"\u001b[39m\n      \u001b[36m>\u001b[39m\n        \u001b[0m一覧入力テーブル\u001b[0m\n      \u001b[36m</h6>\u001b[39m\n      \u001b[36m<div\u001b[39m\n        \u001b[33mclass\u001b[39m=\u001b[32m\"MuiTableContainer-root css-wvdz86-MuiTableContainer-root\"\u001b[39m\n        \u001b[33mdata-testid\u001b[39m=\u001b[32m\"daily-table-record-form-table\"\u001b[39m\n      \u001b[36m>\u001b[39m\n        \u001b[36m<table\u001b[39m\n          \u001b[33mclass\u001b[39m=\u001b[32m\"MuiTable-root MuiTable-stickyHeader css-pvu7mv-MuiTable-root\"\u001b[39m\n        \u001b[36m>\u001b[39m\n          \u001b[36m<thead\u001b[39m\n            \u001b[33mclass\u001b[39m=\u001b[32m\"MuiTableHead-root css-1a7iywq-MuiTableHead-root\"\u001b[39m\n          \u001b[36m>\u001b[39m\n            \u001b[36m<tr\u001b[39m\n              \u001b[33mclass\u001b[39m=\u001b[32m\"MuiTableRow-root MuiTableRow-head css-1xtozoh-MuiTableRow-root\"\u001b[39m\n            \u001b[36m>\u001b[39m\n              \u001b[36m<th\u001b[39m\n                \u001b[33mclass\u001b[39m=\u001b[32m\"MuiTableCell-root MuiTableCell-head MuiTableCell-stickyHeader MuiTableCell-sizeSmall css-9iq4h1-MuiTableCell-root\"\u001b[39m\n                \u001b[33mscope\u001b[39m=\u001b[32m\"col\"\u001b[39m\n              \u001b[36m>\u001b[39m\n                \u001b[0m利用者\u001b[0m\n              \u001b[36m</th>\u001b[39m\n              \u001b[36m<th\u001b[39m\n                \u001b[33mclass\u001b[39m=\u001b[32m\"MuiTableCell-root MuiTableCell-head MuiTableCell-stickyHeader MuiTableCell-sizeSmall css-9iq4h1-MuiTableCell-root\"\u001b[39m\n                \u001b[33mscope\u001b[39m=\u001b[32m\"col\"\u001b[39m\n              \u001b[36m>\u001b[39m\n                \u001b[0m午前活動\u001b[0m\n              \u001b[36m</th>\u001b[39m\n              \u001b[36m<th\u001b[39m\n                \u001b[33mclass\u001b[39m=\u001b[32m\"MuiTableCell-root MuiTableCell-head MuiTableCell-stickyHeader MuiTableCell-sizeSmall css-9iq4h1-MuiTableCell-root\"\u001b[39m\n                \u001b[33mscope\u001b[39m=\u001b[32m\"col\"\u001b[39m\n              \u001b[36m>\u001b[39m\n                \u001b[0m午後活動\u001b[0m\n              \u001b[36m</th>\u001b[39m\n              \u001b[36m<th\u001b[39m\n                \u001b[33mclass\u001b[39m=\u001b[32m\"MuiTableCell-root MuiTableCell-head MuiTableCell-stickyHeader MuiTableCell-sizeSmall css-9iq4h1-MuiTableCell-root\"\u001b[39m\n                \u001b[33mscope\u001b[39m=\u001b[32m\"col\"\u001b[39m\n              \u001b[36m>\u001b[39m\n                \u001b[0m昼食摂取\u001b[0m\n              \u001b[36m</th>\u001b[39m\n              \u001b[36m<th\u001b[39m\n                \u001b[33mclass\u001b[39m=\u001b[32m\"MuiTableCell-root MuiTableCell-head MuiTableCell-stickyHeader MuiTableCell-sizeSmall css-9iq4h1-MuiTableCell-root\"\u001b[39m\n                \u001b[33mscope\u001b[39m=\u001b[32m\"col\"\u001b[39m\n              \u001b[36m>\u001b[39m\n                \u001b[0m問題行動\u001b[0m\n              \u001b[36m</th>\u001b[39m\n              \u001b[36m<th\u001b[39m\n                \u001b[33mclass\u001b[39m=\u001b[32m\"MuiTableCell-root MuiTableCell-head MuiTableCell-stickyHeader MuiTableCell-sizeSmall css-9iq4h1-MuiTableCell-root\"\u001b[39m\n                \u001b[33mscope\u001b[39m=\u001b[32m\"col\"\u001b[39m\n              \u001b[36m>\u001b[39m\n                \u001b[0m特記事項\u001b[0m\n              \u001b[36m</th>\u001b[39m\n              \u001b[36m<th\u001b[39m\n                \u001b[33mclass\u001b[39m=\u001b[32m\"MuiTableCell-root MuiTableCell-head MuiTableCell-stickyHeader MuiTableCell-sizeSmall css-9iq4h1-MuiTableCell-root\"\u001b[39m\n                \u001b[33mscope\u001b[39m=\u001b[32m\"col\"\u001b[39m\n              \u001b[36m>\u001b[39m\n                \u001b[0m操作\u001b[0m\n              \u001b[36m</th>\u001b[39m\n            \u001b[36m</tr>\u001b[39m\n          \u001b[36m</thead>\u001b[39m\n          \u001b[36m<tbody\u001b[39m\n            \u001b[33mclass\u001b[39m=\u001b[32m\"MuiTableBody-root css-gmh7jj-MuiTableBody-root\"\u001b[39m\n          \u001b[36m>\u001b[39m\n            \u001b[36m<tr\u001b[39m\n              \u001b[33mclass\u001b[39m=\u001b[32m\"MuiTableRow-root css-1xtozoh-MuiTableRow-root\"\u001b[39m\n            \u001b[36m>\u001b[39m\n              \u001b[36m<td\u001b[39m\n                \u001b[33mclass\u001b[39m=\u001b[32m\"MuiTableCell-root MuiTableCell-body MuiTableCell-sizeSmall css-jiabcu-MuiTableCell-root\"\u001b[39m\n              \u001b[36m>\u001b[39m\n                \u001b[36m<p\u001b[39m\n                  \u001b[33mclass\u001b[39m=\u001b[32m\"MuiTypography-root MuiTypography-body2 css-1s34wgn-MuiTypography-root\"\u001b[39m\n                \u001b[36m>\u001b[39m\n                  \u001b[0mUser A\u001b[0m\n                  \u001b[36m<br />\u001b[39m\n                  \u001b[36m<span\u001b[39m\n                    \u001b[33mclass\u001b[39m=\u001b[32m\"MuiTypography-root MuiTypography-caption css-1jkzbat-MuiTypography-root\"\u001b[39m\n                  \u001b[36m>\u001b[39m\n                    \u001b[0m(\u001b[0m\n                    \u001b[0mU001\u001b[0m\n                    \u001b[0m)\u001b[0m\n                  \u001b[36m</span>\u001b[39m\n                \u001b[36m</p>\u001b[39m\n              \u001b[36m</td>\u001b[39m\n              \u001b[36m<td\u001b[39m\n                \u001b[33mclass\u001b[39m=\u001b[32m\"MuiTableCell-root MuiTableCell-body MuiTableCell-sizeSmall css-jiabcu-MuiTableCell-root\"\u001b[39m\n              \u001b[36m>\u001b[39m\n                \u001b[36m<div\u001b[39m\n                  \u001b[33mclass\u001b[39m=\u001b[32m\"MuiFormControl-root MuiTextField-root css-uyic58-MuiFormControl-root-MuiTextField-root\"\u001b[39m\n                \u001b[36m>\u001b[39m\n                  \u001b[36m<div\u001b[39m\n                    \u001b[33mclass\u001b[39m=\u001b[32m\"MuiInputBase-root MuiOutlinedInput-root MuiInputBase-colorPrimary MuiInputBase-formControl MuiInputBase-sizeSmall css-quhxjy-MuiInputBase-root-MuiOutlinedInput-root\"\u001b[39m\n                  \u001b[36m>\u001b[39m\n                    \u001b[36m<input\u001b[39m\n                      \u001b[33maria-invalid\u001b[39m=\u001b[32m\"false\"\u001b[39m\n                      \u001b[33mclass\u001b[39m=\u001b[32m\"MuiInputBase-input MuiOutlinedInput-input MuiInputBase-inputSizeSmall css-1pzfmz2-MuiInputBase-input-MuiOutlinedInput-input\"\u001b[39m\n                      \u001b[33mid\u001b[39m=\u001b[32m\":r0:\"\u001b[39m\n                      \u001b[33mplaceholder\u001b[39m=\u001b[32m\"午前の活動\"\u001b[39m\n                      \u001b[33mtype\u001b[39m=\u001b[32m\"text\"\u001b[39m\n                      \u001b[33mvalue\u001b[39m=\u001b[32m\"\"\u001b[39m\n                    \u001b[36m/>\u001b[39m\n                    \u001b[36m<fieldset\u001b[39m\n                      \u001b[33maria-hidden\u001b[39m=\u001b[32m\"true\"\u001b[39m\n                      \u001b[33mclass\u001b[39m=\u001b[32m\"MuiOutlinedInput-notchedOutline css-18p5xg2-MuiNotchedOutlined-root-MuiOutlinedInput-notchedOutline\"\u001b[39m\n                    \u001b[36m>\u001b[39m\n                      \u001b[36m<legend\u001b[39m\n                        \u001b[33mclass\u001b[39m=\u001b[32m\"css-1nf2c5d-MuiNotchedOutlined-root\"\u001b[39m\n                      \u001b[36m>\u001b[39m\n                        \u001b[36m<span\u001b[39m\n                          \u001b[33maria-hidden\u001b[39m=\u001b[32m\"true\"\u001b[39m\n                          \u001b[33mclass\u001b[39m=\u001b[32m\"notranslate\"\u001b[39m\n                        \u001b[36m>\u001b[39m\n                          \u001b[0m​\u001b[0m\n                        \u001b[36m</span>\u001b[39m\n                      \u001b[36m</legend>\u001b[39m\n                    \u001b[36m</fieldset>\u001b[39m\n                  \u001b[36m</div>\u001b[39m\n                \u001b[36m</div>\u001b[39m\n              \u001b[36m</td>\u001b[39m\n              \u001b[36m<td\u001b[39m\n                \u001b[33mclass\u001b[39m=\u001b[32m\"MuiTableCell-root MuiTableCell-body MuiTableCell-sizeSmall css-jiabcu-MuiTableCell-root\"\u001b[39m\n              \u001b[36m>\u001b[39m\n                \u001b[36m<div\u001b[39m\n                  \u001b[33mclass\u001b[39m=\u001b[32m\"MuiFormControl-root MuiTextField-root css-uyic58-MuiFormControl-root-MuiTextField-root\"\u001b[39m\n           ...\n    at Object.getElementError (C:\\Users\\安武\\.vscode\\workspace\\audit-management-system\\node_modules\\@testing-library\\react\\node_modules\\@testing-library\\dom\\dist\\config.js:37:19)\n    at C:\\Users\\安武\\.vscode\\workspace\\audit-management-system\\node_modules\\@testing-library\\react\\node_modules\\@testing-library\\dom\\dist\\query-helpers.js:76:38\n    at C:\\Users\\安武\\.vscode\\workspace\\audit-management-system\\node_modules\\@testing-library\\react\\node_modules\\@testing-library\\dom\\dist\\query-helpers.js:52:17\n    at C:\\Users\\安武\\.vscode\\workspace\\audit-management-system\\node_modules\\@testing-library\\react\\node_modules\\@testing-library\\dom\\dist\\query-helpers.js:95:19\n    at C:/Users/安武/.vscode/workspace/audit-management-system/tests/unit/DailyTableSupportHint.spec.tsx:63:29\n    at file:///C:/Users/%E5%AE%89%E6%AD%A6/.vscode/workspace/audit-management-system/node_modules/@vitest/runner/dist/index.js:145:11\n    at file:///C:/Users/%E5%AE%89%E6%AD%A6/.vscode/workspace/audit-management-system/node_modules/@vitest/runner/dist/index.js:915:26\n    at file:///C:/Users/%E5%AE%89%E6%AD%A6/.vscode/workspace/audit-management-system/node_modules/@vitest/runner/dist/index.js:1243:20\n    at new Promise (<anonymous>)\n    at runWithTimeout (file:///C:/Users/%E5%AE%89%E6%AD%A6/.vscode/workspace/audit-management-system/node_modules/@vitest/runner/dist/index.js:1209:10)"],"meta":{}},{"ancestorTitles":["TableDailyRecordTable Support Hints"],"fullName":"TableDailyRecordTable Support Hints shows the correct tooltip text on hover","status":"failed","title":"shows the correct tooltip text on hover","duration":87.21549999999979,"failureMessages":["TestingLibraryElementError: Unable to find an element by: [data-testid=\"support-plan-goal-icon\"]\n\nIgnored nodes: comments, script, style\n\u001b[36m<body>\u001b[39m\n  \u001b[36m<div>\u001b[39m\n    \u001b[36m<div\u001b[39m\n      \u001b[33mclass\u001b[39m=\u001b[32m\"MuiPaper-root MuiPaper-elevation MuiPaper-rounded MuiPaper-elevation1 css-1fdopfm-MuiPaper-root\"\u001b[39m\n      \u001b[33mstyle\u001b[39m=\u001b[32m\"--Paper-shadow: 0px 2px 1px -1px rgba(0,0,0,0.2),0px 1px 1px 0px rgba(0,0,0,0.14),0px 1px 3px 0px rgba(0,0,0,0.12);\"\u001b[39m\n    \u001b[36m>\u001b[39m\n      \u001b[36m<h6\u001b[39m\n        \u001b[33mclass\u001b[39m=\u001b[32m\"MuiTypography-root MuiTypography-subtitle1 css-153ijg8-MuiTypography-root\"\u001b[39m\n      \u001b[36m>\u001b[39m\n        \u001b[0m一覧入力テーブル\u001b[0m\n      \u001b[36m</h6>\u001b[39m\n      \u001b[36m<div\u001b[39m\n        \u001b[33mclass\u001b[39m=\u001b[32m\"MuiTableContainer-root css-wvdz86-MuiTableContainer-root\"\u001b[39m\n        \u001b[33mdata-testid\u001b[39m=\u001b[32m\"daily-table-record-form-table\"\u001b[39m\n      \u001b[36m>\u001b[39m\n        \u001b[36m<table\u001b[39m\n          \u001b[33mclass\u001b[39m=\u001b[32m\"MuiTable-root MuiTable-stickyHeader css-pvu7mv-MuiTable-root\"\u001b[39m\n        \u001b[36m>\u001b[39m\n          \u001b[36m<thead\u001b[39m\n            \u001b[33mclass\u001b[39m=\u001b[32m\"MuiTableHead-root css-1a7iywq-MuiTableHead-root\"\u001b[39m\n          \u001b[36m>\u001b[39m\n            \u001b[36m<tr\u001b[39m\n              \u001b[33mclass\u001b[39m=\u001b[32m\"MuiTableRow-root MuiTableRow-head css-1xtozoh-MuiTableRow-root\"\u001b[39m\n            \u001b[36m>\u001b[39m\n              \u001b[36m<th\u001b[39m\n                \u001b[33mclass\u001b[39m=\u001b[32m\"MuiTableCell-root MuiTableCell-head MuiTableCell-stickyHeader MuiTableCell-sizeSmall css-9iq4h1-MuiTableCell-root\"\u001b[39m\n                \u001b[33mscope\u001b[39m=\u001b[32m\"col\"\u001b[39m\n              \u001b[36m>\u001b[39m\n                \u001b[0m利用者\u001b[0m\n              \u001b[36m</th>\u001b[39m\n              \u001b[36m<th\u001b[39m\n                \u001b[33mclass\u001b[39m=\u001b[32m\"MuiTableCell-root MuiTableCell-head MuiTableCell-stickyHeader MuiTableCell-sizeSmall css-9iq4h1-MuiTableCell-root\"\u001b[39m\n                \u001b[33mscope\u001b[39m=\u001b[32m\"col\"\u001b[39m\n              \u001b[36m>\u001b[39m\n                \u001b[0m午前活動\u001b[0m\n              \u001b[36m</th>\u001b[39m\n              \u001b[36m<th\u001b[39m\n                \u001b[33mclass\u001b[39m=\u001b[32m\"MuiTableCell-root MuiTableCell-head MuiTableCell-stickyHeader MuiTableCell-sizeSmall css-9iq4h1-MuiTableCell-root\"\u001b[39m\n                \u001b[33mscope\u001b[39m=\u001b[32m\"col\"\u001b[39m\n              \u001b[36m>\u001b[39m\n                \u001b[0m午後活動\u001b[0m\n              \u001b[36m</th>\u001b[39m\n              \u001b[36m<th\u001b[39m\n                \u001b[33mclass\u001b[39m=\u001b[32m\"MuiTableCell-root MuiTableCell-head MuiTableCell-stickyHeader MuiTableCell-sizeSmall css-9iq4h1-MuiTableCell-root\"\u001b[39m\n                \u001b[33mscope\u001b[39m=\u001b[32m\"col\"\u001b[39m\n              \u001b[36m>\u001b[39m\n                \u001b[0m昼食摂取\u001b[0m\n              \u001b[36m</th>\u001b[39m\n              \u001b[36m<th\u001b[39m\n                \u001b[33mclass\u001b[39m=\u001b[32m\"MuiTableCell-root MuiTableCell-head MuiTableCell-stickyHeader MuiTableCell-sizeSmall css-9iq4h1-MuiTableCell-root\"\u001b[39m\n                \u001b[33mscope\u001b[39m=\u001b[32m\"col\"\u001b[39m\n              \u001b[36m>\u001b[39m\n                \u001b[0m問題行動\u001b[0m\n              \u001b[36m</th>\u001b[39m\n              \u001b[36m<th\u001b[39m\n                \u001b[33mclass\u001b[39m=\u001b[32m\"MuiTableCell-root MuiTableCell-head MuiTableCell-stickyHeader MuiTableCell-sizeSmall css-9iq4h1-MuiTableCell-root\"\u001b[39m\n                \u001b[33mscope\u001b[39m=\u001b[32m\"col\"\u001b[39m\n              \u001b[36m>\u001b[39m\n                \u001b[0m特記事項\u001b[0m\n              \u001b[36m</th>\u001b[39m\n              \u001b[36m<th\u001b[39m\n                \u001b[33mclass\u001b[39m=\u001b[32m\"MuiTableCell-root MuiTableCell-head MuiTableCell-stickyHeader MuiTableCell-sizeSmall css-9iq4h1-MuiTableCell-root\"\u001b[39m\n                \u001b[33mscope\u001b[39m=\u001b[32m\"col\"\u001b[39m\n              \u001b[36m>\u001b[39m\n                \u001b[0m操作\u001b[0m\n              \u001b[36m</th>\u001b[39m\n            \u001b[36m</tr>\u001b[39m\n          \u001b[36m</thead>\u001b[39m\n          \u001b[36m<tbody\u001b[39m\n            \u001b[33mclass\u001b[39m=\u001b[32m\"MuiTableBody-root css-gmh7jj-MuiTableBody-root\"\u001b[39m\n          \u001b[36m>\u001b[39m\n            \u001b[36m<tr\u001b[39m\n              \u001b[33mclass\u001b[39m=\u001b[32m\"MuiTableRow-root css-1xtozoh-MuiTableRow-root\"\u001b[39m\n            \u001b[36m>\u001b[39m\n              \u001b[36m<td\u001b[39m\n                \u001b[33mclass\u001b[39m=\u001b[32m\"MuiTableCell-root MuiTableCell-body MuiTableCell-sizeSmall css-jiabcu-MuiTableCell-root\"\u001b[39m\n              \u001b[36m>\u001b[39m\n                \u001b[36m<p\u001b[39m\n                  \u001b[33mclass\u001b[39m=\u001b[32m\"MuiTypography-root MuiTypography-body2 css-1s34wgn-MuiTypography-root\"\u001b[39m\n                \u001b[36m>\u001b[39m\n                  \u001b[0mUser A\u001b[0m\n                  \u001b[36m<br />\u001b[39m\n                  \u001b[36m<span\u001b[39m\n                    \u001b[33mclass\u001b[39m=\u001b[32m\"MuiTypography-root MuiTypography-caption css-1jkzbat-MuiTypography-root\"\u001b[39m\n                  \u001b[36m>\u001b[39m\n                    \u001b[0m(\u001b[0m\n                    \u001b[0mU001\u001b[0m\n                    \u001b[0m)\u001b[0m\n                  \u001b[36m</span>\u001b[39m\n                \u001b[36m</p>\u001b[39m\n              \u001b[36m</td>\u001b[39m\n              \u001b[36m<td\u001b[39m\n                \u001b[33mclass\u001b[39m=\u001b[32m\"MuiTableCell-root MuiTableCell-body MuiTableCell-sizeSmall css-jiabcu-MuiTableCell-root\"\u001b[39m\n              \u001b[36m>\u001b[39m\n                \u001b[36m<div\u001b[39m\n                  \u001b[33mclass\u001b[39m=\u001b[32m\"MuiFormControl-root MuiTextField-root css-uyic58-MuiFormControl-root-MuiTextField-root\"\u001b[39m\n                \u001b[36m>\u001b[39m\n                  \u001b[36m<div\u001b[39m\n                    \u001b[33mclass\u001b[39m=\u001b[32m\"MuiInputBase-root MuiOutlinedInput-root MuiInputBase-colorPrimary MuiInputBase-formControl MuiInputBase-sizeSmall css-quhxjy-MuiInputBase-root-MuiOutlinedInput-root\"\u001b[39m\n                  \u001b[36m>\u001b[39m\n                    \u001b[36m<input\u001b[39m\n                      \u001b[33maria-invalid\u001b[39m=\u001b[32m\"false\"\u001b[39m\n                      \u001b[33mclass\u001b[39m=\u001b[32m\"MuiInputBase-input MuiOutlinedInput-input MuiInputBase-inputSizeSmall css-1pzfmz2-MuiInputBase-input-MuiOutlinedInput-input\"\u001b[39m\n                      \u001b[33mid\u001b[39m=\u001b[32m\":r6:\"\u001b[39m\n                      \u001b[33mplaceholder\u001b[39m=\u001b[32m\"午前の活動\"\u001b[39m\n                      \u001b[33mtype\u001b[39m=\u001b[32m\"text\"\u001b[39m\n                      \u001b[33mvalue\u001b[39m=\u001b[32m\"\"\u001b[39m\n                    \u001b[36m/>\u001b[39m\n                    \u001b[36m<fieldset\u001b[39m\n                      \u001b[33maria-hidden\u001b[39m=\u001b[32m\"true\"\u001b[39m\n                      \u001b[33mclass\u001b[39m=\u001b[32m\"MuiOutlinedInput-notchedOutline css-18p5xg2-MuiNotchedOutlined-root-MuiOutlinedInput-notchedOutline\"\u001b[39m\n                    \u001b[36m>\u001b[39m\n                      \u001b[36m<legend\u001b[39m\n                        \u001b[33mclass\u001b[39m=\u001b[32m\"css-1nf2c5d-MuiNotchedOutlined-root\"\u001b[39m\n                      \u001b[36m>\u001b[39m\n                        \u001b[36m<span\u001b[39m\n                          \u001b[33maria-hidden\u001b[39m=\u001b[32m\"true\"\u001b[39m\n                          \u001b[33mclass\u001b[39m=\u001b[32m\"notranslate\"\u001b[39m\n                        \u001b[36m>\u001b[39m\n                          \u001b[0m​\u001b[0m\n                        \u001b[36m</span>\u001b[39m\n                      \u001b[36m</legend>\u001b[39m\n                    \u001b[36m</fieldset>\u001b[39m\n                  \u001b[36m</div>\u001b[39m\n                \u001b[36m</div>\u001b[39m\n              \u001b[36m</td>\u001b[39m\n              \u001b[36m<td\u001b[39m\n                \u001b[33mclass\u001b[39m=\u001b[32m\"MuiTableCell-root MuiTableCell-body MuiTableCell-sizeSmall css-jiabcu-MuiTableCell-root\"\u001b[39m\n              \u001b[36m>\u001b[39m\n                \u001b[36m<div\u001b[39m\n                  \u001b[33mclass\u001b[39m=\u001b[32m\"MuiFormControl-root MuiTextField-root css-uyic58-MuiFormControl-root-MuiTextField-root\"\u001b[39m\n           ...\n    at Object.getElementError (C:\\Users\\安武\\.vscode\\workspace\\audit-management-system\\node_modules\\@testing-library\\react\\node_modules\\@testing-library\\dom\\dist\\config.js:37:19)\n    at C:\\Users\\安武\\.vscode\\workspace\\audit-management-system\\node_modules\\@testing-library\\react\\node_modules\\@testing-library\\dom\\dist\\query-helpers.js:76:38\n    at C:\\Users\\安武\\.vscode\\workspace\\audit-management-system\\node_modules\\@testing-library\\react\\node_modules\\@testing-library\\dom\\dist\\query-helpers.js:52:17\n    at C:\\Users\\安武\\.vscode\\workspace\\audit-management-system\\node_modules\\@testing-library\\react\\node_modules\\@testing-library\\dom\\dist\\query-helpers.js:95:19\n    at C:/Users/安武/.vscode/workspace/audit-management-system/tests/unit/DailyTableSupportHint.spec.tsx:83:29\n    at file:///C:/Users/%E5%AE%89%E6%AD%A6/.vscode/workspace/audit-management-system/node_modules/@vitest/runner/dist/index.js:145:11\n    at file:///C:/Users/%E5%AE%89%E6%AD%A6/.vscode/workspace/audit-management-system/node_modules/@vitest/runner/dist/index.js:915:26\n    at file:///C:/Users/%E5%AE%89%E6%AD%A6/.vscode/workspace/audit-management-system/node_modules/@vitest/runner/dist/index.js:1243:20\n    at new Promise (<anonymous>)\n    at runWithTimeout (file:///C:/Users/%E5%AE%89%E6%AD%A6/.vscode/workspace/audit-management-system/node_modules/@vitest/runner/dist/index.js:1209:10)"],"meta":{}},{"ancestorTitles":["TableDailyRecordTable Support Hints"],"fullName":"TableDailyRecordTable Support Hints displays helper text and hint icon in TextField","status":"failed","title":"displays helper text and hint icon in TextField","duration":64.82580000000007,"failureMessages":["TestingLibraryElementError: Unable to find an element with the text: /支援手順あり/. This could be because the text is broken up by multiple elements. In this case, you can provide a function for your text matcher to make your matcher more flexible.\n\nIgnored nodes: comments, script, style\n\u001b[36m<body>\u001b[39m\n  \u001b[36m<div>\u001b[39m\n    \u001b[36m<div\u001b[39m\n      \u001b[33mclass\u001b[39m=\u001b[32m\"MuiPaper-root MuiPaper-elevation MuiPaper-rounded MuiPaper-elevation1 css-1fdopfm-MuiPaper-root\"\u001b[39m\n      \u001b[33mstyle\u001b[39m=\u001b[32m\"--Paper-shadow: 0px 2px 1px -1px rgba(0,0,0,0.2),0px 1px 1px 0px rgba(0,0,0,0.14),0px 1px 3px 0px rgba(0,0,0,0.12);\"\u001b[39m\n    \u001b[36m>\u001b[39m\n      \u001b[36m<h6\u001b[39m\n        \u001b[33mclass\u001b[39m=\u001b[32m\"MuiTypography-root MuiTypography-subtitle1 css-153ijg8-MuiTypography-root\"\u001b[39m\n      \u001b[36m>\u001b[39m\n        \u001b[0m一覧入力テーブル\u001b[0m\n      \u001b[36m</h6>\u001b[39m\n      \u001b[36m<div\u001b[39m\n        \u001b[33mclass\u001b[39m=\u001b[32m\"MuiTableContainer-root css-wvdz86-MuiTableContainer-root\"\u001b[39m\n        \u001b[33mdata-testid\u001b[39m=\u001b[32m\"daily-table-record-form-table\"\u001b[39m\n      \u001b[36m>\u001b[39m\n        \u001b[36m<table\u001b[39m\n          \u001b[33mclass\u001b[39m=\u001b[32m\"MuiTable-root MuiTable-stickyHeader css-pvu7mv-MuiTable-root\"\u001b[39m\n        \u001b[36m>\u001b[39m\n          \u001b[36m<thead\u001b[39m\n            \u001b[33mclass\u001b[39m=\u001b[32m\"MuiTableHead-root css-1a7iywq-MuiTableHead-root\"\u001b[39m\n          \u001b[36m>\u001b[39m\n            \u001b[36m<tr\u001b[39m\n              \u001b[33mclass\u001b[39m=\u001b[32m\"MuiTableRow-root MuiTableRow-head css-1xtozoh-MuiTableRow-root\"\u001b[39m\n            \u001b[36m>\u001b[39m\n              \u001b[36m<th\u001b[39m\n                \u001b[33mclass\u001b[39m=\u001b[32m\"MuiTableCell-root MuiTableCell-head MuiTableCell-stickyHeader MuiTableCell-sizeSmall css-9iq4h1-MuiTableCell-root\"\u001b[39m\n                \u001b[33mscope\u001b[39m=\u001b[32m\"col\"\u001b[39m\n              \u001b[36m>\u001b[39m\n                \u001b[0m利用者\u001b[0m\n              \u001b[36m</th>\u001b[39m\n              \u001b[36m<th\u001b[39m\n                \u001b[33mclass\u001b[39m=\u001b[32m\"MuiTableCell-root MuiTableCell-head MuiTableCell-stickyHeader MuiTableCell-sizeSmall css-9iq4h1-MuiTableCell-root\"\u001b[39m\n                \u001b[33mscope\u001b[39m=\u001b[32m\"col\"\u001b[39m\n              \u001b[36m>\u001b[39m\n                \u001b[0m午前活動\u001b[0m\n              \u001b[36m</th>
[...]
lName":"shouldUpdateSummary - 差分更新判定テスト 微小な完了率変化 → 現在の実装では更新される","status":"passed","title":"微小な完了率変化 → 現在の実装では更新される","duration":0.5803000000000793,"failureMessages":[],"meta":{}},{"ancestorTitles":["shouldUpdateSummary - 差分更新判定テスト"],"fullName":"shouldUpdateSummary - 差分更新判定テスト 表示名・日付のみ変更 → 更新不要","status":"passed","title":"表示名・日付のみ変更 → 更新不要","duration":0.6102999999998246,"failureMessages":[],"meta":{}},{"ancestorTitles":["shouldUpdateSummary - 差分更新判定テスト"],"fullName":"shouldUpdateSummary - 差分更新判定テスト 特記事項・事故件数変更 → 更新必要","status":"passed","title":"特記事項・事故件数変更 → 更新必要","duration":0.5859999999997854,"failureMessages":[],"meta":{}}],"startTime":1772074331423,"endTime":1772074331439.586,"status":"passed","message":"","name":"C:/Users/安武/.vscode/workspace/audit-management-system/src/features/records/monthly/__tests__/aggregate.partial.spec.ts"},{"assertionResults":[{"ancestorTitles":["SchedulesSpLane"],"fullName":"SchedulesSpLane renders a constant frame (always present) with disabled state","status":"passed","title":"renders a constant frame (always present) with disabled state","duration":70.94740000000002,"failureMessages":[],"meta":{}},{"ancestorTitles":["SchedulesSpLane"],"fullName":"SchedulesSpLane renders idle state with loading message","status":"passed","title":"renders idle state with loading message","duration":40.13139999999976,"failureMessages":[],"meta":{}},{"ancestorTitles":["SchedulesSpLane"],"fullName":"SchedulesSpLane renders active state with sync info (count)","status":"passed","title":"renders active state with sync info (count)","duration":60.03720000000067,"failureMessages":[],"meta":{}},{"ancestorTitles":["SchedulesSpLane"],"fullName":"SchedulesSpLane active state shows empty fallback when itemCount is undefined","status":"passed","title":"active state shows empty fallback when itemCount is undefined","duration":11.261099999999715,"failureMessages":[],"meta":{}},{"ancestorTitles":["SchedulesSpLane"],"fullName":"SchedulesSpLane renders error state with error classification","status":"passed","title":"renders error state with error classification","duration":260.6970000000001,"failureMessages":[],"meta":{}},{"ancestorTitles":["SchedulesSpLane"],"fullName":"SchedulesSpLane calls onRetry when retry button is clicked","status":"passed","title":"calls onRetry when retry button is clicked","duration":73.4426999999996,"failureMessages":[],"meta":{}},{"ancestorTitles":["SchedulesSpLane"],"fullName":"SchedulesSpLane disables retry button and shows busy state","status":"passed","title":"disables retry button and shows busy state","duration":42.099200000000565,"failureMessages":[],"meta":{}},{"ancestorTitles":["SchedulesSpLane"],"fullName":"SchedulesSpLane opens details dialog when info button is clicked","status":"passed","title":"opens details dialog when info button is clicked","duration":96.40620000000035,"failureMessages":[],"meta":{}},{"ancestorTitles":["SchedulesSpLane"],"fullName":"SchedulesSpLane exposes contract version for drift detection","status":"passed","title":"exposes contract version for drift detection","duration":9.116300000000592,"failureMessages":[],"meta":{}},{"ancestorTitles":["SchedulesSpLane"],"fullName":"SchedulesSpLane respects cooldownUntil by disabling retry button","status":"passed","title":"respects cooldownUntil by disabling retry button","duration":30.99030000000039,"failureMessages":[],"meta":{}}],"startTime":1772074285501,"endTime":1772074286196.9902,"status":"passed","message":"","name":"C:/Users/安武/.vscode/workspace/audit-management-system/src/features/schedules/components/__tests__/SchedulesSpLane.spec.tsx"},{"assertionResults":[{"ancestorTitles":["scheduleAnnouncements"],"fullName":"scheduleAnnouncements includes user name, time range, and service label on success","status":"passed","title":"includes user name, time range, and service label on success","duration":6.431800000000294,"failureMessages":[],"meta":{}},{"ancestorTitles":["scheduleAnnouncements"],"fullName":"scheduleAnnouncements falls back to title when user name is missing","status":"passed","title":"falls back to title when user name is missing","duration":1.4450999999999112,"failureMessages":[],"meta":{}},{"ancestorTitles":["scheduleAnnouncements"],"fullName":"scheduleAnnouncements expresses failure with context","status":"passed","title":"expresses failure with context","duration":1.3045000000001892,"failureMessages":[],"meta":{}},{"ancestorTitles":["scheduleAnnouncements"],"fullName":"scheduleAnnouncements treats identical start/end timestamps as all-day","status":"passed","title":"treats identical start/end timestamps as all-day","duration":1.0868999999997868,"failureMessages":[],"meta":{}}],"startTime":1772074336750,"endTime":1772074336761.087,"status":"passed","message":"","name":"C:/Users/安武/.vscode/workspace/audit-management-system/src/features/schedules/utils/__tests__/scheduleAnnouncements.test.ts"},{"assertionResults":[{"ancestorTitles":["ColorPresetControl","Rendering"],"fullName":"ColorPresetControl Rendering should render the color preset control with all options","status":"passed","title":"should render the color preset control with all options","duration":162.23930000000018,"failureMessages":[],"meta":{}},{"ancestorTitles":["ColorPresetControl","Rendering"],"fullName":"ColorPresetControl Rendering should render radio buttons for each color preset option","status":"passed","title":"should render radio buttons for each color preset option","duration":28.851699999999255,"failureMessages":[],"meta":{}},{"ancestorTitles":["ColorPresetControl","Rendering"],"fullName":"ColorPresetControl Rendering should render descriptions for each color preset option","status":"passed","title":"should render descriptions for each color preset option","duration":25.543099999999868,"failureMessages":[],"meta":{}},{"ancestorTitles":["ColorPresetControl","Rendering"],"fullName":"ColorPresetControl Rendering should render color preview swatches","status":"passed","title":"should render color preview swatches","duration":25.22099999999955,"failureMessages":[],"meta":{}},{"ancestorTitles":["ColorPresetControl","Rendering"],"fullName":"ColorPresetControl Rendering should display color swatches for selected preset","status":"passed","title":"should display color swatches for selected preset","duration":45.10779999999977,"failureMessages":[],"meta":{}},{"ancestorTitles":["ColorPresetControl","Selection State"],"fullName":"ColorPresetControl Selection State should have radio buttons with correct values","status":"passed","title":"should have radio buttons with correct values","duration":158.8101999999999,"failureMessages":[],"meta":{}},{"ancestorTitles":["ColorPresetControl","Selection State"],"fullName":"ColorPresetControl Selection State should display different presets as selected","status":"passed","title":"should display different presets as selected","duration":32.84149999999954,"failureMessages":[],"meta":{}},{"ancestorTitles":["ColorPresetControl","Interactions"],"fullName":"ColorPresetControl Interactions should call onChange when selecting a different preset","status":"passed","title":"should call onChange when selecting a different preset","duration":135.1300000000001,"failureMessages":[],"meta":{}},{"ancestorTitles":["ColorPresetControl","Interactions"],"fullName":"ColorPresetControl Interactions should call onChange with correct value for each option","status":"passed","title":"should call onChange with correct value for each option","duration":141.58359999999993,"failureMessages":[],"meta":{}},{"ancestorTitles":["ColorPresetControl","Interactions"],"fullName":"ColorPresetControl Interactions should handle rapid changes between presets","status":"passed","title":"should handle rapid changes between presets","duration":82.98219999999947,"failureMessages":[],"meta":{}},{"ancestorTitles":["ColorPresetControl","Color Swatches"],"fullName":"ColorPresetControl Color Swatches should show correct colors for default preset","status":"passed","title":"should show correct colors for default preset","duration":20.472200000000157,"failureMessages":[],"meta":{}},{"ancestorTitles":["ColorPresetControl","Color Swatches"],"fullName":"ColorPresetControl Color Swatches should show correct colors for highContrast preset","status":"passed","title":"should show correct colors for highContrast preset","duration":18.252000000000407,"failureMessages":[],"meta":{}},{"ancestorTitles":["ColorPresetControl","Color Swatches"],"fullName":"ColorPresetControl Color Swatches should update swatches when preset changes","status":"passed","title":"should update swatches when preset changes","duration":31.353500000000167,"failureMessages":[],"meta":{}},{"ancestorTitles":["ColorPresetControl","Accessibility"],"fullName":"ColorPresetControl Accessibility should have proper form control labels","status":"passed","title":"should have proper form control labels","duration":24.948099999999613,"failureMessages":[],"meta":{}},{"ancestorTitles":["ColorPresetControl","Accessibility"],"fullName":"ColorPresetControl Accessibility should have proper radio button roles","status":"passed","title":"should have proper radio button roles","duration":37.4406999999992,"failureMessages":[],"meta":{}},{"ancestorTitles":["ColorPresetControl","Accessibility"],"fullName":"ColorPresetControl Accessibility should maintain label associations","status":"passed","title":"should maintain label associations","duration":35.527000000000044,"failureMessages":[],"meta":{}},{"ancestorTitles":["ColorPresetControl","Accessibility"],"fullName":"ColorPresetControl Accessibility should have ARIA labels for accessibility","status":"passed","title":"should have ARIA labels for accessibility","duration":89.7448000000004,"failureMessages":[],"meta":{}},{"ancestorTitles":["ColorPresetControl","Visual States"],"fullName":"ColorPresetControl Visual States should render selected preset option","status":"passed","title":"should render selected preset option","duration":17.65900000000056,"failureMessages":[],"meta":{}},{"ancestorTitles":["ColorPresetControl","Visual States"],"fullName":"ColorPresetControl Visual States should display different selected preset","status":"passed","title":"should display different selected preset","duration":33.89459999999963,"failureMessages":[],"meta":{}},{"ancestorTitles":["ColorPresetControl","Edge Cases"],"fullName":"ColorPresetControl Edge Cases should handle preset change","status":"passed","title":"should handle preset change","duration":84.27139999999963,"failureMessages":[],"meta":{}},{"ancestorTitles":["ColorPresetControl","Edge Cases"],"fullName":"ColorPresetControl Edge Cases should maintain onChange callback reference","status":"passed","title":"should maintain onChange callback reference","duration":16.09230000000025,"failureMessages":[],"meta":{}}],"startTime":1772074270410,"endTime":1772074271660.0923,"status":"passed","message":"","name":"C:/Users/安武/.vscode/workspace/audit-management-system/src/features/settings/components/__tests__/ColorPresetControl.spec.tsx"},{"assertionResults":[{"ancestorTitles":["DensityControl Component"],"fullName":"DensityControl Component renders all three density options","status":"passed","title":"renders all three density options","duration":130.3679000000002,"failureMessages":[],"meta":{}},{"ancestorTitles":["DensityControl Component"],"fullName":"DensityControl Component renders descriptions for each option","status":"passed","title":"renders descriptions for each option","duration":33.11899999999969,"failureMessages":[],"meta":{}},{"ancestorTitles":["DensityControl Component"],"fullName":"DensityControl Component displays the correct radio button as checked","status":"passed","title":"displays the correct radio button as checked","duration":244.62379999999985,"failureMessages":[],"meta":{}},{"ancestorTitles":["DensityControl Component"],"fullName":"DensityControl Component calls onChange when a different density option is selected","status":"passed","title":"calls onChange when a different density option is selected","duration":152.97720000000027,"failureMessages":[],"meta":{}},{"ancestorTitles":["DensityControl Component"],"fullName":"DensityControl Component calls onChange with spacious when spacious option is selected","status":"passed","title":"calls onChange with spacious when spacious option is selected","duration":138.11220000000003,"failureMessages":[],"meta":{}},{"ancestorTitles":["DensityControl Component"],"fullName":"DensityControl Component has proper accessibility labels","status":"passed","title":"has proper accessibility labels","duration":26.531400000000303,"failureMessages":[],"meta":{}},{"ancestorTitles":["DensityControl Component"],"fullName":"DensityControl Component renders all radio buttons without errors","status":"passed","title":"renders all radio buttons without errors","duration":36.70019999999977,"failureMessages":[],"meta":{}},{"ancestorTitles":["DensityControl Component"],"fullName":"DensityControl Component maintains selection state when onChange is called","status":"passed","title":"maintains selection state when onChange is called","duration":179.82529999999997,"failureMessages":[],"meta":{}}],"startTime":1772074275122,"endTime":1772074276064.8252,"status":"passed","message":"","name":"C:/Users/安武/.vscode/workspace/audit-management-system/src/features/settings/components/__tests__/DensityControl.spec.tsx"},{"assertionResults":[{"ancestorTitles":["FontSizeControl","Rendering"],"fullName":"FontSizeControl Rendering should render the font size control with all options","status":"passed","title":"should render the font size control with all options","duration":127.92069999999967,"failureMessages":[],"meta":{}},{"ancestorTitles":["FontSizeControl","Rendering"],"fullName":"FontSizeControl Rendering should render radio buttons for each font size option","status":"passed","title":"should render radio buttons for each font size option","duration":35.09099999999944,"failureMessages":[],"meta":{}},{"ancestorTitles":["FontSizeControl","Rendering"],"fullName":"FontSizeControl Rendering should render descriptions for each font size option","status":"passed","title":"should render descriptions for each font size option","duration":31.109799999999268,"failureMessages":[],"meta":{}},{"ancestorTitles":["FontSizeControl","Rendering"],"fullName":"FontSizeControl Rendering should render preview examples","status":"passed","title":"should render preview examples","duration":35.6836000000003,"failureMessages":[],"meta":{}},{"ancestorTitles":["FontSizeControl","Selection State"],"fullName":"FontSizeControl Selection State should have radio buttons with correct values","status":"passed","title":"should have radio buttons with correct values","duration":166.59000000000015,"failureMessages":[],"meta":{}},{"ancestorTitles":["FontSizeControl","Interactions"],"fullName":"FontSizeControl Interactions should call onChange when selecting a different font size","status":"passed","title":"should call onChange when selecting a different font size","duration":135.05239999999958,"failureMessages":[],"meta":{}},{"ancestorTitles":["FontSizeControl","Interactions"],"fullName":"FontSizeControl Interactions should call onChange with correct value for each option","status":"passed","title":"should call onChange with correct value for each option","duration":166.33860000000004,"failureMessages":[],"meta":{}},{"ancestorTitles":["FontSizeControl","Interactions"],"fullName":"FontSizeControl Interactions should handle rapid changes between font sizes","status":"passed","title":"should handle rapid changes between font sizes","duration":150.5056999999997,"failureMessages":[],"meta":{}},{"ancestorTitles":["FontSizeControl","Accessibility"],"fullName":"FontSizeControl Accessibility should have proper form control labels","status":"passed","title":"should have proper form control labels","duration":26.393599999999424,"failureMessages":[],"meta":{}},{"ancestorTitles":["FontSizeControl","Accessibility"],"fullName":"FontSizeControl Accessibility should have proper radio button roles","status":"passed","title":"should have proper radio button roles","duration":49.73859999999968,"failureMessages":[],"meta":{}},{"ancestorTitles":["FontSizeControl","Accessibility"],"fullName":"FontSizeControl Accessibility should support keyboard navigation","status":"passed","title":"should support keyboard navigation","duration":43.384900000000016,"failureMessages":[],"meta":{}},{"ancestorTitles":["FontSizeControl","Accessibility"],"fullName":"FontSizeControl Accessibility should maintain label associations","status":"passed","title":"should maintain label associations","duration":40.261499999999614,"failureMessages":[],"meta":{}}],"startTime":1772074275971,"endTime":1772074276981.2615,"status":"passed","message":"","name":"C:/Users/安武/.vscode/workspace/audit-management-system/src/features/settings/components/__tests__/FontSizeControl.spec.tsx"},{"assertionResults":[{"ancestorTitles":["useAppTheme"],"fullName":"useAppTheme returns a theme instance with spacing function","status":"passed","title":"returns a theme instance with spacing function","duration":27.108600000000024,"failureMessages":[],"meta":{}},{"ancestorTitles":["useAppTheme"],"fullName":"useAppTheme calls applyDensityToDocument on mount","status":"passed","title":"calls applyDensityToDocument on mount","duration":5.1007000000004155,"failureMessages":[],"meta":{}},{"ancestorTitles":["useAppTheme"],"fullName":"useAppTheme theme spacing returns px formatted string","status":"passed","title":"theme spacing returns px formatted string","duration":4.954600000000028,"failureMessages":[],"meta":{}},{"ancestorTitles":["useAppTheme"],"fullName":"useAppTheme theme has components property","status":"passed","title":"theme has components property","duration":6.488499999999931,"failureMessages":[],"meta":{}}],"startTime":1772074309434,"endTime":1772074309478.4885,"status":"passed","message":"","name":"C:/Users/安武/.vscode/workspace/audit-management-system/src/features/settings/hooks/__tests__/useAppTheme.spec.ts"},{"assertionResults":[{"ancestorTitles":["staff attendance summary"],"fullName":"staff attendance summary countByStatus counts and normalizes blanks","status":"passed","title":"countByStatus counts and normalizes blanks","duration":4.955699999999979,"failureMessages":[],"meta":{}},{"ancestorTitles":["staff attendance summary"],"fullName":"staff attendance summary buildMonthlySummary returns totals + unique staff count + derived counts","status":"passed","title":"buildMonthlySummary returns totals + unique staff count + derived counts","duration":1.7912000000001171,"failureMessages":[],"meta":{}},{"ancestorTitles":["staff attendance summary"],"fullName":"staff attendance summary buildStaffBreakdown groups by staff and sorts by absence/late/total","status":"passed","title":"buildStaffBreakdown groups by staff and sorts by absence/late/total","duration":1.5963999999999032,"failureMessages":[],"meta":{}},{"ancestorTitles":["staff attendance summary"],"fullName":"staff attendance summary listAllStatuses returns sorted status keys","status":"passed","title":"listAllStatuses returns sorted status keys","duration":2.1176000000000386,"failureMessages":[],"meta":{}}],"startTime":1772074342548,"endTime":1772074342558.1177,"status":"passed","message":"","name":"C:/Users/安武/.vscode/workspace/audit-management-system/src/features/staff/attendance/__tests__/summary.spec.ts"},{"assertionResults":[{"ancestorTitles":["ScheduleSection (Constant SP Lane)"],"fullName":"ScheduleSection (Constant SP Lane) always renders schedules-sp-lane as the 4th lane frame","status":"passed","title":"always renders schedules-sp-lane as the 4th lane frame","duration":148.23660000000018,"failureMessages":[],"meta":{}}],"startTime":1772074301881,"endTime":1772074302029.2366,"status":"passed","message":"","name":"C:/Users/安武/.vscode/workspace/audit-management-system/src/features/dashboard/sections/impl/__tests__/ScheduleSection.spLane.spec.tsx"}]}