<testsuites id="" name="" tests="260" failures="0" skipped="260" errors="0" time="0.3242990000000001">
<testsuite name="agenda-happy-path.spec.ts" timestamp="2025-12-19T15:18:25.122Z" hostname="chromium" tests="1" failures="0" skipped="1" time="0" errors="0">
<testcase name="Agenda happy path › links dashboard summary, timeline, and schedule day view via shared seeds" classname="agenda-happy-path.spec.ts" time="0">
<skipped>
</skipped>
</testcase>
</testsuite>
<testsuite name="audit-basic.spec.ts" timestamp="2025-12-19T15:18:25.122Z" hostname="chromium" tests="1" failures="0" skipped="1" time="0" errors="0">
<testcase name="loads audit panel via /audit route and shows heading" classname="audit-basic.spec.ts" time="0">
<skipped>
</skipped>
</testcase>
</testsuite>
<testsuite name="audit-duplicate-409.spec.ts" timestamp="2025-12-19T15:18:25.122Z" hostname="chromium" tests="1" failures="0" skipped="1" time="0" errors="0">
<testcase name="Audit duplicate (409) handling — retries only failures" classname="audit-duplicate-409.spec.ts" time="0">
<properties>
<property name="skip" value="">
</property>
</properties>
<skipped>
</skipped>
</testcase>
</testsuite>
<testsuite name="audit-metrics.spec.ts" timestamp="2025-12-19T15:18:25.122Z" hostname="chromium" tests="1" failures="0" skipped="1" time="0" errors="0">
<testcase name="Audit metrics badge › shows new/duplicate/failed counts and updates after resend" classname="audit-metrics.spec.ts" time="0">
<properties>
<property name="skip" value="">
</property>
</properties>
<skipped>
</skipped>
</testcase>
</testsuite>
<testsuite name="audit-partial-failure.spec.ts" timestamp="2025-12-19T15:18:25.122Z" hostname="chromium" tests="1" failures="0" skipped="1" time="0" errors="0">
<testcase name="Audit batch partial failure flow › handles partial failure + duplicate and resend only failed" classname="audit-partial-failure.spec.ts" time="0">
<properties>
<property name="skip" value="">
</property>
</properties>
<skipped>
</skipped>
</testcase>
</testsuite>
<testsuite name="basic-smoke.spec.ts" timestamp="2025-12-19T15:18:25.122Z" hostname="chromium" tests="2" failures="0" skipped="2" time="0" errors="0">
<testcase name="Basic Dashboard › can load homepage" classname="basic-smoke.spec.ts" time="0">
<skipped>
</skipped>
</testcase>
<testcase name="Basic Dashboard › can navigate to dashboard" classname="basic-smoke.spec.ts" time="0">
<skipped>
</skipped>
</testcase>
</testsuite>
<testsuite name="cross-module-issues.spec.ts" timestamp="2025-12-19T15:18:25.122Z" hostname="chromium" tests="5" failures="0" skipped="5" time="0" errors="0">
<testcase name="C-4: Cross-Module Issues E2E › Complete Cross-Module Integration Flow › S1: attendance_activity_mismatch alert navigates to Activity and highlights target user" classname="cross-module-issues.spec.ts" time="0">
<skipped>
</skipped>
</testcase>
<testcase name="C-4: Cross-Module Issues E2E › Complete Cross-Module Integration Flow › S2: completion_gap alert navigates to Activity with incomplete record highlighted" classname="cross-module-issues.spec.ts" time="0">
<skipped>
</skipped>
</testcase>
<testcase name="C-4: Cross-Module Issues E2E › Complete Cross-Module Integration Flow › S3: data_missing alert navigates to Attendance and highlights target user" classname="cross-module-issues.spec.ts" time="0">
<skipped>
</skipped>
</testcase>
<testcase name="C-4: Cross-Module Issues E2E › Complete Cross-Module Integration Flow › S4: Cross-Module Alert Integration End-to-End Validation" classname="cross-module-issues.spec.ts" time="0">
<skipped>
</skipped>
</testcase>
<testcase name="C-4: Cross-Module Issues E2E › Complete Cross-Module Integration Flow › S5: Cross-Module Navigation Full Circle" classname="cross-module-issues.spec.ts" time="0">
<skipped>
</skipped>
</testcase>
</testsuite>
<testsuite name="cross-module-navigation.spec.ts" timestamp="2025-12-19T15:18:25.122Z" hostname="chromium" tests="4" failures="0" skipped="4" time="0" errors="0">
<testcase name="C-2 クロスモジュールナビゲーション › Activity→Attendance: 支援記録（ケース記録）から通所状況へのリンク" classname="cross-module-navigation.spec.ts" time="0">
<skipped>
</skipped>
</testcase>
<testcase name="C-2 クロスモジュールナビゲーション › Attendance→Activity: 通所状況から支援記録（ケース記録）へのリンク" classname="cross-module-navigation.spec.ts" time="0">
<skipped>
</skipped>
</testcase>
<testcase name="C-2 クロスモジュールナビゲーション › URL契約: query parametersでのハイライト機能" classname="cross-module-navigation.spec.ts" time="0">
<skipped>
</skipped>
</testcase>
<testcase name="C-2 クロスモジュールナビゲーション › E2E: Activity⇔Attendance双方向ナビゲーション" classname="cross-module-navigation.spec.ts" time="0">
<skipped>
</skipped>
</testcase>
</testsuite>
<testsuite name="csp.guard.spec.ts" timestamp="2025-12-19T15:18:25.122Z" hostname="chromium" tests="1" failures="0" skipped="1" time="0" errors="0">
<testcase name="serves CSP without violations" classname="csp.guard.spec.ts" time="0">
<properties>
<property name="skip" value="CSP collector is disabled in E2E runs">
</property>
</properties>
<skipped>
</skipped>
</testcase>
</testsuite>
<testsuite name="daily-activity.smoke.spec.ts" timestamp="2025-12-19T15:18:25.122Z" hostname="chromium" tests="2" failures="0" skipped="2" time="0" errors="0">
<testcase name="Daily activity smoke › opens activity, shows records, and round-trips via nav/footer" classname="daily-activity.smoke.spec.ts" time="0">
<skipped>
</skipped>
</testcase>
<testcase name="Daily activity smoke › opens edit dialog, cancels, and returns to list" classname="daily-activity.smoke.spec.ts" time="0">
<skipped>
</skipped>
</testcase>
</testsuite>
<testsuite name="daily-record-menu.spec.ts" timestamp="2025-12-19T15:18:25.122Z" hostname="chromium" tests="11" failures="0" skipped="11" time="0" errors="0">
<testcase name="Daily Record Menu Page › should display page header and description" classname="daily-record-menu.spec.ts" time="0">
<skipped>
</skipped>
</testcase>
<testcase name="Daily Record Menu Page › should display all three main cards" classname="daily-record-menu.spec.ts" time="0">
<skipped>
</skipped>
</testcase>
<testcase name="Daily Record Menu Page › should navigate to activity log page" classname="daily-record-menu.spec.ts" time="0">
<skipped>
</skipped>
</testcase>
<testcase name="Daily Record Menu Page › should navigate to attendance management page" classname="daily-record-menu.spec.ts" time="0">
<skipped>
</skipped>
</testcase>
<testcase name="Daily Record Menu Page › should navigate to support procedure page" classname="daily-record-menu.spec.ts" time="0">
<skipped>
</skipped>
</testcase>
<testcase name="Daily Record Menu Page › should display statistics summary" classname="daily-record-menu.spec.ts" time="0">
<skipped>
</skipped>
</testcase>
<testcase name="Daily Record Menu Page › should display percentage completion safely" classname="daily-record-menu.spec.ts" time="0">
<skipped>
</skipped>
</testcase>
<testcase name="Daily Record Menu Page › should show card hover effects" classname="daily-record-menu.spec.ts" time="0">
<skipped>
</skipped>
</testcase>
<testcase name="Daily Record Menu Page › should display user count information" classname="daily-record-menu.spec.ts" time="0">
<skipped>
</skipped>
</testcase>
<testcase name="Daily Record Menu Page › should handle zero users safely" classname="daily-record-menu.spec.ts" time="0">
<skipped>
</skipped>
</testcase>
<testcase name="Daily Record Menu Page › should display feature lists correctly" classname="daily-record-menu.spec.ts" time="0">
<skipped>
</skipped>
</testcase>
</testsuite>
<testsuite name="daily.records-flow.spec.ts" timestamp="2025-12-19T15:18:25.122Z" hostname="chromium" tests="1" failures="0" skipped="1" time="0" errors="0">
<testcase name="Daily – Records flow › navigates to /daily/activity, shows list, and opens a record" classname="daily.records-flow.spec.ts" time="0">
<skipped>
</skipped>
</testcase>
</testsuite>
<testsuite name="daily.table.spec.ts" timestamp="2025-12-19T15:18:25.122Z" hostname="chromium" tests="3" failures="0" skipped="3" time="0" errors="0">
<testcase name="日次記録: /daily/table entry points › direct route loads the table form" classname="daily.table.spec.ts" time="0">
<skipped>
</skipped>
</testcase>
<testcase name="日次記録: /daily/table entry points › footer quick action navigates to /daily/table" classname="daily.table.spec.ts" time="0">
<skipped>
</skipped>
</testcase>
<testcase name="日次記録: /daily/table entry points › header nav &quot;日次記録&quot; navigates to /daily/table" classname="daily.table.spec.ts" time="0">
<skipped>
</skipped>
</testcase>
</testsuite>
<testsuite name="dashboard-debug.spec.ts" timestamp="2025-12-19T15:18:25.122Z" hostname="chromium" tests="1" failures="0" skipped="1" time="0" errors="0">
<testcase name="Dashboard Debug › check dashboard for errors" classname="dashboard-debug.spec.ts" time="0">
<skipped>
</skipped>
</testcase>
</testsuite>
<testsuite name="dashboard-happy-path.spec.ts" timestamp="2025-12-19T15:18:25.122Z" hostname="chromium" tests="1" failures="0" skipped="1" time="0" errors="0">
<testcase name="Dashboard happy path (handoff + agenda seeds) › shows seeded handoff summary and today schedule snapshot" classname="dashboard-happy-path.spec.ts" time="0">
<skipped>
</skipped>
</testcase>
</testsuite>
<testsuite name="dashboard-logic-integration.spec.ts" timestamp="2025-12-19T15:18:25.122Z" hostname="chromium" tests="13" failures="0" skipped="13" time="0" errors="0">
<testcase name="Dashboard Page - After Logic Separation › should display dashboard with main components" classname="dashboard-logic-integration.spec.ts" time="0">
<skipped>
</skipped>
</testcase>
<testcase name="Dashboard Page - After Logic Separation › should have all main tabs available" classname="dashboard-logic-integration.spec.ts" time="0">
<skipped>
</skipped>
</testcase>
<testcase name="Dashboard Page - After Logic Separation › should switch between tabs correctly" classname="dashboard-logic-integration.spec.ts" time="0">
<skipped>
</skipped>
</testcase>
<testcase name="Dashboard Page - After Logic Separation › should handle meeting mode buttons" classname="dashboard-logic-integration.spec.ts" time="0">
<skipped>
</skipped>
</testcase>
<testcase name="Dashboard Page - After Logic Separation › should activate morning meeting mode" classname="dashboard-logic-integration.spec.ts" time="0">
<skipped>
</skipped>
</testcase>
<testcase name="Dashboard Page - After Logic Separation › should activate evening meeting mode" classname="dashboard-logic-integration.spec.ts" time="0">
<skipped>
</skipped>
</testcase>
<testcase name="Dashboard Page - After Logic Separation › should synchronize tab changes with meeting modes" classname="dashboard-logic-integration.spec.ts" time="0">
<skipped>
</skipped>
</testcase>
<testcase name="Dashboard Page - After Logic Separation › should display Safety HUD with indicators" classname="dashboard-logic-integration.spec.ts" time="0">
<skipped>
</skipped>
</testcase>
<testcase name="Dashboard Page - After Logic Separation › should handle direct URL navigation with meeting mode" classname="dashboard-logic-integration.spec.ts" time="0">
<skipped>
</skipped>
</testcase>
<testcase name="Dashboard Page - After Logic Separation › should show time-based meeting status correctly" classname="dashboard-logic-integration.spec.ts" time="0">
<skipped>
</skipped>
</testcase>
<testcase name="Dashboard Page - After Logic Separation › should maintain state when navigating between modes" classname="dashboard-logic-integration.spec.ts" time="0">
<skipped>
</skipped>
</testcase>
<testcase name="Dashboard Page - After Logic Separation › should handle keyboard navigation" classname="dashboard-logic-integration.spec.ts" time="0">
<skipped>
</skipped>
</testcase>
<testcase name="Dashboard Page - After Logic Separation › should display appropriate content for each tab" classname="dashboard-logic-integration.spec.ts" time="0">
<skipped>
</skipped>
</testcase>
</testsuite>
<testsuite name="dashboard-minimal.spec.ts" timestamp="2025-12-19T15:18:25.122Z" hostname="chromium" tests="3" failures="0" skipped="3" time="0" errors="0">
<testcase name="Dashboard Phase II - Minimal E2E › Dashboard page loads successfully" classname="dashboard-minimal.spec.ts" time="0">
<skipped>
</skipped>
</testcase>
<testcase name="Dashboard Phase II - Minimal E2E › Safety HUD is visible" classname="dashboard-minimal.spec.ts" time="0">
<skipped>
</skipped>
</testcase>
<testcase name="Dashboard Phase II - Minimal E2E › Page contains expected content" classname="dashboard-minimal.spec.ts" time="0">
<skipped>
</skipped>
</testcase>
</testsuite>
<testsuite name="dashboard-phase-ii.spec.ts" timestamp="2025-12-19T15:18:25.122Z" hostname="chromium" tests="7" failures="0" skipped="7" time="0" errors="0">
<testcase name="Dashboard Phase II - Mini E2E Tests › Dashboard表示 - 基本コンポーネント検証" classname="dashboard-phase-ii.spec.ts" time="0">
<skipped>
</skipped>
</testcase>
<testcase name="Dashboard Phase II - Mini E2E Tests › Safety HUD - アラート表示検証" classname="dashboard-phase-ii.spec.ts" time="0">
<skipped>
</skipped>
</testcase>
<testcase name="Dashboard Phase II - Mini E2E Tests › Safety HUD → モジュール遷移" classname="dashboard-phase-ii.spec.ts" time="0">
<skipped>
</skipped>
</testcase>
<testcase name="Dashboard Phase II - Mini E2E Tests › モジュールサマリーカード → 遷移テスト" classname="dashboard-phase-ii.spec.ts" time="0">
<skipped>
</skipped>
</testcase>
<testcase name="Dashboard Phase II - Mini E2E Tests › アラート優先度表示検証" classname="dashboard-phase-ii.spec.ts" time="0">
<skipped>
</skipped>
</testcase>
<testcase name="Dashboard Phase II - Mini E2E Tests › レスポンシブ表示確認" classname="dashboard-phase-ii.spec.ts" time="0">
<skipped>
</skipped>
</testcase>
<testcase name="Dashboard Performance › ページロード性能確認" classname="dashboard-phase-ii.spec.ts" time="0">
<skipped>
</skipped>
</testcase>
</testsuite>
<testsuite name="dashboard-simple.spec.ts" timestamp="2025-12-19T15:18:25.122Z" hostname="chromium" tests="3" failures="0" skipped="3" time="0" errors="0">
<testcase name="Dashboard Page Integration (Simple) › should load dashboard page basic functionality" classname="dashboard-simple.spec.ts" time="0">
<skipped>
</skipped>
</testcase>
<testcase name="Dashboard Page Integration (Simple) › should have meeting mode functionality accessible" classname="dashboard-simple.spec.ts" time="0">
<skipped>
</skipped>
</testcase>
<testcase name="Dashboard Page Integration (Simple) › should load without JavaScript errors" classname="dashboard-simple.spec.ts" time="0">
<skipped>
</skipped>
</testcase>
</testsuite>
<testsuite name="dashboard.smoke.spec.ts" timestamp="2025-12-19T15:18:25.122Z" hostname="chromium" tests="4" failures="0" skipped="4" time="0" errors="0">
<testcase name="Dashboard smoke › shows core daily dashboard panels" classname="dashboard.smoke.spec.ts" time="0">
<skipped>
</skipped>
</testcase>
<testcase name="Dashboard smoke › can open schedules from dashboard cta" classname="dashboard.smoke.spec.ts" time="0">
<skipped>
</skipped>
</testcase>
<testcase name="Dashboard smoke › navigates to handoff timeline from dashboard shortcut" classname="dashboard.smoke.spec.ts" time="0">
<skipped>
</skipped>
</testcase>
<testcase name="Dashboard smoke › renders seeded handoff summary counts" classname="dashboard.smoke.spec.ts" time="0">
<skipped>
</skipped>
</testcase>
</testsuite>
<testsuite name="dashboard.tabs.smoke.spec.ts" timestamp="2025-12-19T15:18:25.122Z" hostname="chromium" tests="1" failures="0" skipped="1" time="0" errors="0">
<testcase name="Dashboard tabs render and switch" classname="dashboard.tabs.smoke.spec.ts" time="0">
<skipped>
</skipped>
</testcase>
</testsuite>
<testsuite name="flags.schedule.spec.ts" timestamp="2025-12-19T15:18:25.122Z" hostname="chromium" tests="2" failures="0" skipped="2" time="0" errors="0">
<testcase name="schedule feature flag › hides schedule navigation and redirects deep links when flag disabled" classname="flags.schedule.spec.ts" time="0">
<skipped>
</skipped>
</testcase>
<testcase name="schedule feature flag › shows navigation and loads schedule when flag enabled" classname="flags.schedule.spec.ts" time="0">
<skipped>
</skipped>
</testcase>
</testsuite>
<testsuite name="handoff.timeline.spec.ts" timestamp="2025-12-19T15:18:25.122Z" hostname="chromium" tests="1" failures="0" skipped="1" time="0" errors="0">
<testcase name="Handoff Timeline footer quick note › footer button opens inline quick note card" classname="handoff.timeline.spec.ts" time="0">
<skipped>
</skipped>
</testcase>
</testsuite>
<testsuite name="home.tiles.spec.ts" timestamp="2025-12-19T15:18:25.122Z" hostname="chromium" tests="2" failures="0" skipped="2" time="0" errors="0">
<testcase name="Dashboard smoke › renders dashboard summary sections" classname="home.tiles.spec.ts" time="0">
<skipped>
</skipped>
</testcase>
<testcase name="Dashboard smoke › quick action navigates to daily activity records" classname="home.tiles.spec.ts" time="0">
<skipped>
</skipped>
</testcase>
</testsuite>
<testsuite name="hud.thresholds.spec.ts" timestamp="2025-12-19T15:18:25.122Z" hostname="chromium" tests="1" failures="0" skipped="1" time="0" errors="0">
<testcase name="HUD thresholds display › renders configured thresholds in HUD" classname="hud.thresholds.spec.ts" time="0">
<skipped>
</skipped>
</testcase>
</testsuite>
<testsuite name="hydration.lazy-error.spec.ts" timestamp="2025-12-19T15:18:25.122Z" hostname="chromium" tests="1" failures="0" skipped="1" time="0" errors="0">
<testcase name="Route hydration lazy-load failures › marks the span as error and recovers on subsequent navigation" classname="hydration.lazy-error.spec.ts" time="0">
<skipped>
</skipped>
</testcase>
</testsuite>
<testsuite name="hydration.routes.spec.ts" timestamp="2025-12-19T15:18:25.122Z" hostname="chromium" tests="2" failures="0" skipped="2" time="0" errors="0">
<testcase name="Route hydration spans › captures dashboard and schedule routes" classname="hydration.routes.spec.ts" time="0">
<skipped>
</skipped>
</testcase>
<testcase name="Route hydration spans › flags superseded navigation span when overtaken" classname="hydration.routes.spec.ts" time="0">
<skipped>
</skipped>
</testcase>
</testsuite>
<testsuite name="iceberg-flow.spec.ts" timestamp="2025-12-19T15:18:25.122Z" hostname="chromium" tests="1" failures="0" skipped="1" time="0" errors="0">
<testcase name="Iceberg-PDCA Split Stream Flow › requires Select User -&gt; Confirm Plan -&gt; Record" classname="iceberg-flow.spec.ts" time="0">
<skipped>
</skipped>
</testcase>
</testsuite>
<testsuite name="iceberg-pdca.nav.smoke.spec.ts" timestamp="2025-12-19T15:18:25.122Z" hostname="chromium" tests="1" failures="0" skipped="1" time="0" errors="0">
<testcase name="Iceberg PDCA nav smoke › navigates via nav and shows empty state for unmatched user" classname="iceberg-pdca.nav.smoke.spec.ts" time="0">
<skipped>
</skipped>
</testcase>
</testsuite>
<testsuite name="integrated-resource-calendar.spec.ts" timestamp="2025-12-19T15:18:25.122Z" hostname="chromium" tests="4" failures="0" skipped="4" time="0" errors="0">
<testcase name="IntegratedResourceCalendarPage › smoke: renders page shell and calendar" classname="integrated-resource-calendar.spec.ts" time="0">
<skipped>
</skipped>
</testcase>
<testcase name="IntegratedResourceCalendarPage › blocks dragging of actualized (locked) events and shows snackbar" classname="integrated-resource-calendar.spec.ts" time="0">
<skipped>
</skipped>
</testcase>
<testcase name="IntegratedResourceCalendarPage › allows dragging of editable plan events into free slots" classname="integrated-resource-calendar.spec.ts" time="0">
<skipped>
</skipped>
</testcase>
<testcase name="IntegratedResourceCalendarPage › shows warning symbol for resources whose total planned hours exceed limit" classname="integrated-resource-calendar.spec.ts" time="0">
<skipped>
</skipped>
</testcase>
</testsuite>
<testsuite name="module-cards-navigation.spec.ts" timestamp="2025-12-19T15:18:25.122Z" hostname="chromium" tests="5" failures="0" skipped="5" time="0" errors="0">
<testcase name="Dashboard Module Summary Cards - Navigation E2E › Activity module card navigation" classname="module-cards-navigation.spec.ts" time="0">
<skipped>
</skipped>
</testcase>
<testcase name="Dashboard Module Summary Cards - Navigation E2E › Attendance module card navigation" classname="module-cards-navigation.spec.ts" time="0">
<skipped>
</skipped>
</testcase>
<testcase name="Dashboard Module Summary Cards - Navigation E2E › IRC module card navigation" classname="module-cards-navigation.spec.ts" time="0">
<skipped>
</skipped>
</testcase>
<testcase name="Dashboard Module Summary Cards - Navigation E2E › All module cards display and have correct content" classname="module-cards-navigation.spec.ts" time="0">
<skipped>
</skipped>
</testcase>
<testcase name="Dashboard Module Summary Cards - Navigation E2E › Module cards hover effects" classname="module-cards-navigation.spec.ts" time="0">
<skipped>
</skipped>
</testcase>
</testsuite>
<testsuite name="monthly.pdf-tab.spec.ts" timestamp="2025-12-19T15:18:25.122Z" hostname="chromium" tests="10" failures="0" skipped="10" time="0" errors="0">
<testcase name="Monthly Records - PDF Tab Tests › @ci-smoke pdf tab renders" classname="monthly.pdf-tab.spec.ts" time="0">
<skipped>
</skipped>
</testcase>
<testcase name="Monthly Records - PDF Tab Tests › @ci-smoke pdf generation settings" classname="monthly.pdf-tab.spec.ts" time="0">
<skipped>
</skipped>
</testcase>
<testcase name="Monthly Records - PDF Tab Tests › @ci-smoke pdf generation button interaction" classname="monthly.pdf-tab.spec.ts" time="0">
<skipped>
</skipped>
</testcase>
<testcase name="Monthly Records - PDF Tab Tests › @ci-smoke pdf generation progress feedback" classname="monthly.pdf-tab.spec.ts" time="0">
<skipped>
</skipped>
</testcase>
<testcase name="Monthly Records - PDF Tab Tests › @ci-smoke pdf generation error handling" classname="monthly.pdf-tab.spec.ts" time="0">
<skipped>
</skipped>
</testcase>
<testcase name="Monthly Records - PDF Tab Tests › @ci-smoke pdf tab content validation" classname="monthly.pdf-tab.spec.ts" time="0">
<skipped>
</skipped>
</testcase>
<testcase name="Monthly Records - PDF Tab Tests › @ci-smoke pdf generation accessibility" classname="monthly.pdf-tab.spec.ts" time="0">
<skipped>
</skipped>
</testcase>
<testcase name="Monthly Records - PDF Tab Tests › @ci-smoke pdf settings persistence" classname="monthly.pdf-tab.spec.ts" time="0">
<skipped>
</skipped>
</testcase>
<testcase name="Monthly Records - PDF Tab Tests › @ci-smoke pdf generation with different parameters" classname="monthly.pdf-tab.spec.ts" time="0">
<skipped>
</skipped>
</testcase>
<testcase name="Monthly Records - PDF Tab Tests › @ci-smoke pdf generation mobile compatibility" classname="monthly.pdf-tab.spec.ts" time="0">
<skipped>
</skipped>
</testcase>
</testsuite>
<testsuite name="monthly.summary-smoke.spec.ts" timestamp="2025-12-19T15:18:25.122Z" hostname="chromium" tests="10" failures="0" skipped="10" time="0" errors="0">
<testcase name="Monthly Records - Summary Smoke Tests › @ci-smoke monthly summary page renders" classname="monthly.summary-smoke.spec.ts" time="0">
<skipped>
</skipped>
</testcase>
<testcase name="Monthly Records - Summary Smoke Tests › @ci-smoke summary table renders with filters" classname="monthly.summary-smoke.spec.ts" time="0">
<skipped>
</skipped>
</testcase>
<testcase name="Monthly Records - Summary Smoke Tests › @ci-smoke search filter functionality" classname="monthly.summary-smoke.spec.ts" time="0">
<skipped>
</skipped>
</testcase>
<testcase name="Monthly Records - Summary Smoke Tests › @ci-smoke month filter functionality" classname="monthly.summary-smoke.spec.ts" time="0">
<skipped>
</skipped>
</testcase>
<testcase name="Monthly Records - Summary Smoke Tests › @ci-smoke completion rate filter" classname="monthly.summary-smoke.spec.ts" time="0">
<skipped>
</skipped>
</testcase>
<testcase name="Monthly Records - Summary Smoke Tests › @ci-smoke reaggregate button triggers update" classname="monthly.summary-smoke.spec.ts" time="0">
<skipped>
</skipped>
</testcase>
<testcase name="Monthly Records - Summary Smoke Tests › @ci-smoke table sorting functionality" classname="monthly.summary-smoke.spec.ts" time="0">
<skipped>
</skipped>
</testcase>
<testcase name="Monthly Records - Summary Smoke Tests › @ci-smoke tab navigation" classname="monthly.summary-smoke.spec.ts" time="0">
<skipped>
</skipped>
</testcase>
<testcase name="Monthly Records - Summary Smoke Tests › @ci-smoke accessibility compliance" classname="monthly.summary-smoke.spec.ts" time="0">
<skipped>
</skipped>
</testcase>
<testcase name="Monthly Records - Summary Smoke Tests › @ci-smoke detail shortcut navigates to detail tab" classname="monthly.summary-smoke.spec.ts" time="0">
<skipped>
</skipped>
</testcase>
</testsuite>
<testsuite name="monthly.user-detail.spec.ts" timestamp="2025-12-19T15:18:25.122Z" hostname="chromium" tests="10" failures="0" skipped="10" time="0" errors="0">
<testcase name="Monthly Records - User Detail Tests › @ci-smoke user detail tab renders" classname="monthly.user-detail.spec.ts" time="0">
<skipped>
</skipped>
</testcase>
<testcase name="Monthly Records - User Detail Tests › @ci-smoke user selection functionality" classname="monthly.user-detail.spec.ts" time="0">
<skipped>
</skipped>
</testcase>
<testcase name="Monthly Records - User Detail Tests › @ci-smoke month selection for user detail" classname="monthly.user-detail.spec.ts" time="0">
<skipped>
</skipped>
</testcase>
<testcase name="Monthly Records - User Detail Tests › @ci-smoke detail records table structure" classname="monthly.user-detail.spec.ts" time="0">
<skipped>
</skipped>
</testcase>
<testcase name="Monthly Records - User Detail Tests › @ci-smoke user detail KPI display" classname="monthly.user-detail.spec.ts" time="0">
<skipped>
</skipped>
</testcase>
<testcase name="Monthly Records - User Detail Tests › @ci-smoke navigation from summary to detail" classname="monthly.user-detail.spec.ts" time="0">
<skipped>
</skipped>
</testcase>
<testcase name="Monthly Records - User Detail Tests › @ci-smoke detail table data validation" classname="monthly.user-detail.spec.ts" time="0">
<skipped>
</skipped>
</testcase>
<testcase name="Monthly Records - User Detail Tests › @ci-smoke empty state handling" classname="monthly.user-detail.spec.ts" time="0">
<skipped>
</skipped>
</testcase>
<testcase name="Monthly Records - User Detail Tests › @ci-smoke responsive layout check" classname="monthly.user-detail.spec.ts" time="0">
<skipped>
</skipped>
</testcase>
<testcase name="Monthly Records - User Detail Tests › @ci-smoke keyboard navigation" classname="monthly.user-detail.spec.ts" time="0">
<skipped>
</skipped>
</testcase>
</testsuite>
<testsuite name="morning-meeting-flow.spec.ts" timestamp="2025-12-19T15:18:25.122Z" hostname="chromium" tests="7" failures="0" skipped="7" time="0" errors="0">
<testcase name="Morning Meeting Flow › displays morning meeting dashboard with NextActionCard" classname="morning-meeting-flow.spec.ts" time="0">
<skipped>
</skipped>
</testcase>
<testcase name="Morning Meeting Flow › navigates from NextActionCard to appropriate work screen" classname="morning-meeting-flow.spec.ts" time="0">
<skipped>
</skipped>
</testcase>
<testcase name="Morning Meeting Flow › allows司会者 to access MeetingGuidePage" classname="morning-meeting-flow.spec.ts" time="0">
<skipped>
</skipped>
</testcase>
<testcase name="Morning Meeting Flow › shows time-appropriate greeting in BriefingPanel" classname="morning-meeting-flow.spec.ts" time="0">
<skipped>
</skipped>
</testcase>
<testcase name="Morning Meeting Flow › displays responsive layout on mobile viewport" classname="morning-meeting-flow.spec.ts" time="0">
<skipped>
</skipped>
</testcase>
<testcase name="Morning Meeting Flow › works correctly in evening mode" classname="morning-meeting-flow.spec.ts" time="0">
<skipped>
</skipped>
</testcase>
<testcase name="Morning Meeting Flow › handles loading states gracefully" classname="morning-meeting-flow.spec.ts" time="0">
<skipped>
</skipped>
</testcase>
</testsuite>
<testsuite name="nav-and-status.smoke.spec.ts" timestamp="2025-12-19T15:18:25.122Z" hostname="chromium" tests="6" failures="0" skipped="6" time="0" errors="0">
<testcase name="Nav/Status/Footers basics › SP status badge exposes enum state" classname="nav-and-status.smoke.spec.ts" time="0">
<skipped>
</skipped>
</testcase>
<testcase name="Nav/Status/Footers basics › Top nav items expose test ids and aria-current updates" classname="nav-and-status.smoke.spec.ts" time="0">
<skipped>
</skipped>
</testcase>
<testcase name="Nav/Status/Footers basics › Top nav highlights schedules / nurse / iceberg per route" classname="nav-and-status.smoke.spec.ts" time="0">
<skipped>
</skipped>
</testcase>
<testcase name="Nav/Status/Footers basics › Footer quick actions announce active state" classname="nav-and-status.smoke.spec.ts" time="0">
<skipped>
</skipped>
</testcase>
<testcase name="Nav/Status/Footers basics › Footer quick actions expose active state when visiting directly" classname="nav-and-status.smoke.spec.ts" time="0">
<skipped>
</skipped>
</testcase>
<testcase name="Nav/Status/Footers basics › Alt+P HUD is ignored while typing" classname="nav-and-status.smoke.spec.ts" time="0">
<skipped>
</skipped>
</testcase>
</testsuite>
<testsuite name="nurse-dashboard-happy-path.spec.ts" timestamp="2025-12-19T15:18:25.122Z" hostname="chromium" tests="1" failures="0" skipped="1" time="0" errors="0">
<testcase name="Nurse Dashboard – happy path (dev fixture) › shows seeded nurse dashboard summary and tasks" classname="nurse-dashboard-happy-path.spec.ts" time="0">
<skipped>
</skipped>
</testcase>
</testsuite>
<testsuite name="nurse.bp.sync.spec.ts" timestamp="2025-12-19T15:18:25.122Z" hostname="chromium" tests="3" failures="0" skipped="3" time="0" errors="0">
<testcase name="Nurse BP panel sync flow › enqueues blood pressure &amp; pulse values then flushes pending queue" classname="nurse.bp.sync.spec.ts" time="0">
<skipped>
</skipped>
</testcase>
<testcase name="Nurse BP panel sync flow › Alt+S emits BP success feedback" classname="nurse.bp.sync.spec.ts" time="0">
<skipped>
</skipped>
</testcase>
<testcase name="Nurse BP panel sync flow › marks out-of-range measurements as invalid" classname="nurse.bp.sync.spec.ts" time="0">
<skipped>
</skipped>
</testcase>
</testsuite>
<testsuite name="nurse.bulk-entry.spec.ts" timestamp="2025-12-19T15:18:25.122Z" hostname="chromium" tests="1" failures="0" skipped="1" time="0" errors="0">
<testcase name="Nurse Bulk Entry › Enter で保存→次行フォーカス &amp; 一括同期" classname="nurse.bulk-entry.spec.ts" time="0">
<properties>
<property name="skip" value="Legacy nurse bulk entry UI is offline until the v2 surface ships.">
</property>
</properties>
<skipped>
</skipped>
</testcase>
</testsuite>
<testsuite name="nurse.bulk-partial-error.spec.ts" timestamp="2025-12-19T15:18:25.122Z" hostname="chromium" tests="2" failures="0" skipped="2" time="0" errors="0">
<testcase name="Nurse bulk rows reflect partial/error summaries › partial summary applies per-row status markers" classname="nurse.bulk-partial-error.spec.ts" time="0">
<properties>
<property name="skip" value="Legacy nurse bulk partial/error UI is paused until bulk v2 ships.">
</property>
</properties>
<skipped>
</skipped>
</testcase>
<testcase name="Nurse bulk rows reflect partial/error summaries › error summary marks queued rows as error and announces failure" classname="nurse.bulk-partial-error.spec.ts" time="0">
<properties>
<property name="skip" value="Legacy nurse bulk partial/error UI is paused until bulk v2 ships.">
</property>
</properties>
<skipped>
</skipped>
</testcase>
</testsuite>
<testsuite name="nurse.bulk-status.spec.ts" timestamp="2025-12-19T15:18:25.122Z" hostname="chromium" tests="2" failures="0" skipped="2" time="0" errors="0">
<testcase name="Nurse bulk row status reacts to flush results › queued row becomes ok after manual Alt+S flush" classname="nurse.bulk-status.spec.ts" time="0">
<properties>
<property name="skip" value="Legacy nurse bulk status UI pending v2 implementation.">
</property>
</properties>
<skipped>
</skipped>
</testcase>
<testcase name="Nurse bulk row status reacts to flush results › online flush updates queued rows" classname="nurse.bulk-status.spec.ts" time="0">
<properties>
<property name="skip" value="Legacy nurse bulk status UI pending v2 implementation.">
</property>
</properties>
<skipped>
</skipped>
</testcase>
</testsuite>
<testsuite name="nurse.bulk.sync.spec.ts" timestamp="2025-12-19T15:18:25.122Z" hostname="chromium" tests="4" failures="0" skipped="4" time="0" errors="0">
<testcase name="Nurse Bulk Observation – sync &amp; UI › Alt+S triggers feedback (toast or live region)" classname="nurse.bulk.sync.spec.ts" time="0">
<properties>
<property name="skip" value="Legacy nurse bulk sync UI is disabled until bulk v2 is live.">
</property>
</properties>
<skipped>
</skipped>
</testcase>
<testcase name="Nurse Bulk Observation – sync &amp; UI › Date &amp; CTA visible; toggles default" classname="nurse.bulk.sync.spec.ts" time="0">
<properties>
<property name="skip" value="Legacy nurse bulk sync UI is disabled until bulk v2 is live.">
</property>
</properties>
<skipped>
</skipped>
</testcase>
<testcase name="Nurse Bulk Observation – sync &amp; UI › bulk table exposes fixed column set" classname="nurse.bulk.sync.spec.ts" time="0">
<properties>
<property name="skip" value="Legacy nurse bulk sync UI is disabled until bulk v2 is live.">
</property>
</properties>
<skipped>
</skipped>
</testcase>
<testcase name="Nurse Bulk Observation – sync &amp; UI › weight input flags out-of-range values" classname="nurse.bulk.sync.spec.ts" time="0">
<properties>
<property name="skip" value="Legacy nurse bulk sync UI is disabled until bulk v2 is live.">
</property>
</properties>
<skipped>
</skipped>
</testcase>
</testsuite>
<testsuite name="nurse.medication.spec.ts" timestamp="2025-12-19T15:18:25.122Z" hostname="chromium" tests="1" failures="0" skipped="1" time="0" errors="0">
<testcase name="@ci-smoke nurse medication › registers a backup medication with expiry tracking" classname="nurse.medication.spec.ts" time="0">
<properties>
<property name="skip" value="Legacy nurse medication inventory UI is not part of the BP MVP surface.">
</property>
</properties>
<skipped>
</skipped>
</testcase>
</testsuite>
<testsuite name="nurse.observation.spec.ts" timestamp="2025-12-19T15:18:25.122Z" hostname="chromium" tests="2" failures="0" skipped="2" time="0" errors="0">
<testcase name="@ci-smoke nurse seizure workspace › workspace shows seizure quick log controls" classname="nurse.observation.spec.ts" time="0">
<properties>
<property name="skip" value="Legacy nurse observation workspace is not wired in the current BP MVP; re-enable after v2 UI lands.">
</property>
</properties>
<skipped>
</skipped>
</testcase>
<testcase name="@ci-smoke nurse seizure workspace › recording a seizure logs entry and raises toast" classname="nurse.observation.spec.ts" time="0">
<properties>
<property name="skip" value="Legacy nurse observation workspace is not wired in the current BP MVP; re-enable after v2 UI lands.">
</property>
</properties>
<skipped>
</skipped>
</testcase>
</testsuite>
<testsuite name="nurse.query-normalization.spec.ts" timestamp="2025-12-19T15:18:25.122Z" hostname="chromium" tests="2" failures="0" skipped="2" time="0" errors="0">
<testcase name="@ci-smoke nurse query normalization › missing user/date -&gt; falls back to first active and today" classname="nurse.query-normalization.spec.ts" time="0">
<properties>
<property name="skip" value="Legacy nurse observation query normalization waits for the v2 workspace.">
</property>
</properties>
<skipped>
</skipped>
</testcase>
<testcase name="@ci-smoke nurse query normalization › invalid user/date -&gt; normalized in-place" classname="nurse.query-normalization.spec.ts" time="0">
<properties>
<property name="skip" value="Legacy nurse observation query normalization waits for the v2 workspace.">
</property>
</properties>
<skipped>
</skipped>
</testcase>
</testsuite>
<testsuite name="nurse.records-export.spec.ts" timestamp="2025-12-19T15:18:25.122Z" hostname="chromium" tests="1" failures="0" skipped="1" time="0" errors="0">
<testcase name="@ci-smoke nurse records › search UI and export actions are visible" classname="nurse.records-export.spec.ts" time="0">
<properties>
<property name="skip" value="Legacy nurse records UI is removed during the BP MVP phase.">
</property>
</properties>
<skipped>
</skipped>
</testcase>
</testsuite>
<testsuite name="nurse.roster-handshake.spec.ts" timestamp="2025-12-19T15:18:25.122Z" hostname="chromium" tests="1" failures="0" skipped="1" time="0" errors="0">
<testcase name="@ci-smoke nurse roster handshake › navigating to /daily/health redirects to nurse observation workspace" classname="nurse.roster-handshake.spec.ts" time="0">
<properties>
<property name="skip" value="Legacy roster handshake redirect is disabled during the BP-only phase.">
</property>
</properties>
<skipped>
</skipped>
</testcase>
</testsuite>
<testsuite name="nurse.sync-status.spec.ts" timestamp="2025-12-19T15:18:25.122Z" hostname="chromium" tests="1" failures="0" skipped="1" time="0" errors="0">
<testcase name="@ci-smoke nurse sync telemetry › queued observation flushes when returning online" classname="nurse.sync-status.spec.ts" time="0">
<properties>
<property name="skip" value="Legacy nurse sync HUD is offline until v2 observation UI restores it.">
</property>
</properties>
<skipped>
</skipped>
</testcase>
</testsuite>
<testsuite name="nurse.tabs.spec.ts" timestamp="2025-12-19T15:18:25.122Z" hostname="chromium" tests="1" failures="0" skipped="1" time="0" errors="0">
<testcase name="@ci-smoke nurse seizure routing › legacy tab query resolves to seizure workspace" classname="nurse.tabs.spec.ts" time="0">
<properties>
<property name="skip" value="Legacy nurse observation tab routing is unavailable in the BP MVP.">
</property>
</properties>
<skipped>
</skipped>
</testcase>
</testsuite>
<testsuite name="nurse.workspace-a11y.spec.ts" timestamp="2025-12-19T15:18:25.122Z" hostname="chromium" tests="3" failures="0" skipped="3" time="0" errors="0">
<testcase name="@ci-smoke nurse seizure workspace a11y › heading and quick log region are exposed" classname="nurse.workspace-a11y.spec.ts" time="0">
<properties>
<property name="skip" value="Legacy nurse workspace a11y checks are paused until the new workspace UI ships.">
</property>
</properties>
<skipped>
</skipped>
</testcase>
<testcase name="@ci-smoke nurse seizure workspace a11y › changing user updates query string and keeps quick log active" classname="nurse.workspace-a11y.spec.ts" time="0">
<properties>
<property name="skip" value="Legacy nurse workspace a11y checks are paused until the new workspace UI ships.">
</property>
</properties>
<skipped>
</skipped>
</testcase>
<testcase name="@ci-smoke nurse seizure workspace a11y › date control uses ISO format and remains keyboard accessible" classname="nurse.workspace-a11y.spec.ts" time="0">
<properties>
<property name="skip" value="Legacy nurse workspace a11y checks are paused until the new workspace UI ships.">
</property>
</properties>
<skipped>
</skipped>
</testcase>
</testsuite>
<testsuite name="prefetch.navshell.spec.ts" timestamp="2025-12-19T15:18:25.122Z" hostname="chromium" tests="1" failures="0" skipped="1" time="0" errors="0">
<testcase name="Prefetch nav shell intents › hover and keyboard navigation are captured in the HUD" classname="prefetch.navshell.spec.ts" time="0">
<skipped>
</skipped>
</testcase>
</testsuite>
<testsuite name="prefetch.viewport.spec.ts" timestamp="2025-12-19T15:18:25.122Z" hostname="chromium" tests="1" failures="0" skipped="1" time="0" errors="0">
<testcase name="Prefetch viewport tracking › captures a single viewport intent per nav item" classname="prefetch.viewport.spec.ts" time="0">
<skipped>
</skipped>
</testcase>
</testsuite>
<testsuite name="records-daily.spec.ts" timestamp="2025-12-19T15:18:25.122Z" hostname="chromium" tests="1" failures="0" skipped="1" time="0" errors="0">
<testcase name="Daily records end-to-end › creates a record and persists extended activity fields" classname="records-daily.spec.ts" time="0">
<skipped>
</skipped>
</testcase>
</testsuite>
<testsuite name="safety-hud-navigation.spec.ts" timestamp="2025-12-19T15:18:25.122Z" hostname="chromium" tests="3" failures="0" skipped="3" time="0" errors="0">
<testcase name="Dashboard Safety HUD - Navigation E2E › Safety HUD alerts navigation" classname="safety-hud-navigation.spec.ts" time="0">
<skipped>
</skipped>
</testcase>
<testcase name="Dashboard Safety HUD - Navigation E2E › Multiple alerts priority order" classname="safety-hud-navigation.spec.ts" time="0">
<skipped>
</skipped>
</testcase>
<testcase name="Dashboard Safety HUD - Navigation E2E › Safety HUD responsive behavior" classname="safety-hud-navigation.spec.ts" time="0">
<skipped>
</skipped>
</testcase>
</testsuite>
<testsuite name="schedule-conflicts.spec.ts" timestamp="2025-12-19T15:18:25.122Z" hostname="chromium" tests="2" failures="0" skipped="2" time="0" errors="0">
<testcase name="Schedule conflicts – timeline views › highlights conflicting events in the day timeline" classname="schedule-conflicts.spec.ts" time="0">
<skipped>
</skipped>
</testcase>
<testcase name="Schedule conflicts – timeline views › highlights the same conflicts in the week timeline" classname="schedule-conflicts.spec.ts" time="0">
<skipped>
</skipped>
</testcase>
</testsuite>
<testsuite name="schedule-create-dialog.aria.spec.ts" timestamp="2025-12-19T15:18:25.122Z" hostname="chromium" tests="1" failures="0" skipped="1" time="0" errors="0">
<testcase name="ScheduleCreateDialog dev harness › exposes dialog semantics, announces open state, and restores focus" classname="schedule-create-dialog.aria.spec.ts" time="0">
<skipped>
</skipped>
</testcase>
</testsuite>
<testsuite name="schedule-day-view.spec.ts" timestamp="2025-12-19T15:18:25.122Z" hostname="chromium" tests="2" failures="0" skipped="2" time="0" errors="0">
<testcase name="Schedule day view › 指定日の Day ビューが開き、タブとタイムラインが揃う" classname="schedule-day-view.spec.ts" time="0">
<skipped>
</skipped>
</testcase>
<testcase name="Schedule day view › 日⇄週タブを切り替えても表示日が維持される" classname="schedule-day-view.spec.ts" time="0">
<skipped>
</skipped>
</testcase>
</testsuite>
<testsuite name="schedule-day.aria.smoke.spec.ts" timestamp="2025-12-19T15:18:25.122Z" hostname="chromium" tests="2" failures="0" skipped="2" time="0" errors="0">
<testcase name="Schedules day ARIA smoke › Quick create button opens dialog and restores focus" classname="schedule-day.aria.smoke.spec.ts" time="0">
<skipped>
</skipped>
</testcase>
<testcase name="Schedules day ARIA smoke › header action uses descriptive aria-label" classname="schedule-day.aria.smoke.spec.ts" time="0">
<skipped>
</skipped>
</testcase>
</testsuite>
<testsuite name="schedule-day.happy-path.spec.ts" timestamp="2025-12-19T15:18:25.122Z" hostname="chromium" tests="3" failures="0" skipped="3" time="0" errors="0">
<testcase name="Schedule day seeded happy path (fixtures) › renders seeded events for the anchored day" classname="schedule-day.happy-path.spec.ts" time="0">
<skipped>
</skipped>
</testcase>
<testcase name="Schedule day seeded happy path (fixtures) › week category filter narrows visible items" classname="schedule-day.happy-path.spec.ts" time="0">
<skipped>
</skipped>
</testcase>
<testcase name="Schedules day happy path › user can create and edit a day entry through the quick dialog" classname="schedule-day.happy-path.spec.ts" time="0">
<skipped>
</skipped>
</testcase>
</testsuite>
<testsuite name="schedule-day.keyboard.spec.ts" timestamp="2025-12-19T15:18:25.122Z" hostname="chromium" tests="1" failures="0" skipped="1" time="0" errors="0">
<testcase name="Schedule day keyboard navigation › Tablist arrow keys switch day/week views" classname="schedule-day.keyboard.spec.ts" time="0">
<skipped>
</skipped>
</testcase>
</testsuite>
<testsuite name="schedule-day.smoke.spec.ts" timestamp="2025-12-19T15:18:25.122Z" hostname="chromium" tests="1" failures="0" skipped="1" time="0" errors="0">
<testcase name="Schedule day – smoke › renders the day timeline with tabs and basic chrome" classname="schedule-day.smoke.spec.ts" time="0">
<skipped>
</skipped>
</testcase>
</testsuite>
<testsuite name="schedule-list-view.spec.ts" timestamp="2025-12-19T15:18:25.122Z" hostname="chromium" tests="1" failures="0" skipped="1" time="0" errors="0">
<testcase name="schedule list view › filters, sorts, paginates, and shows details" classname="schedule-list-view.spec.ts" time="0">
<skipped>
</skipped>
</testcase>
</testsuite>
<testsuite name="schedule-month.aria.smoke.spec.ts" timestamp="2025-12-19T15:18:25.122Z" hostname="chromium" tests="4" failures="0" skipped="4" time="0" errors="0">
<testcase name="Schedules month ARIA smoke › shows guidance when no events exist" classname="schedule-month.aria.smoke.spec.ts" time="0">
<skipped>
</skipped>
</testcase>
<testcase name="Schedules month ARIA smoke › exposes heading, navigation, and org indicator" classname="schedule-month.aria.smoke.spec.ts" time="0">
<skipped>
</skipped>
</testcase>
<testcase name="Schedules month ARIA smoke › month navigation updates the heading label" classname="schedule-month.aria.smoke.spec.ts" time="0">
<skipped>
</skipped>
</testcase>
<testcase name="Schedules month ARIA smoke › navigates to day view when a calendar card is clicked" classname="schedule-month.aria.smoke.spec.ts" time="0">
<skipped>
</skipped>
</testcase>
</testsuite>
<testsuite name="schedule-nav.smoke.spec.ts" timestamp="2025-12-19T15:18:25.122Z" hostname="chromium" tests="4" failures="0" skipped="4" time="0" errors="0">
<testcase name="Schedules global navigation › week view can hop to month and back" classname="schedule-nav.smoke.spec.ts" time="0">
<skipped>
</skipped>
</testcase>
<testcase name="Schedules global navigation › day view exposes shared nav buttons" classname="schedule-nav.smoke.spec.ts" time="0">
<skipped>
</skipped>
</testcase>
<testcase name="Schedules global navigation › list view keeps tab navigation available" classname="schedule-nav.smoke.spec.ts" time="0">
<skipped>
</skipped>
</testcase>
<testcase name="Schedules global navigation › month view opened directly still links back to week" classname="schedule-nav.smoke.spec.ts" time="0">
<skipped>
</skipped>
</testcase>
</testsuite>
<testsuite name="schedule-org-filter.spec.ts" timestamp="2025-12-19T15:18:25.122Z" hostname="chromium" tests="3" failures="0" skipped="3" time="0" errors="0">
<testcase name="Schedule week org filter › defaults to merged org view when org query param is absent" classname="schedule-org-filter.spec.ts" time="0">
<skipped>
</skipped>
</testcase>
<testcase name="Schedule week org filter › keeps selected org when navigating weeks" classname="schedule-org-filter.spec.ts" time="0">
<skipped>
</skipped>
</testcase>
<testcase name="Schedule week org filter › preserves org selection across week, month, and day tabs" classname="schedule-org-filter.spec.ts" time="0">
<skipped>
</skipped>
</testcase>
</testsuite>
<testsuite name="schedule-org-tab.smoke.spec.ts" timestamp="2025-12-19T15:18:25.122Z" hostname="chromium" tests="2" failures="0" skipped="2" time="0" errors="0">
<testcase name="Schedules Org Tab (Smoke) › shows Org tab selector and summary" classname="schedule-org-tab.smoke.spec.ts" time="0">
<skipped>
</skipped>
</testcase>
<testcase name="Schedules Org Tab (Smoke) › restores selection from org URL param" classname="schedule-org-tab.smoke.spec.ts" time="0">
<skipped>
</skipped>
</testcase>
</testsuite>
<testsuite name="schedule-smoke.spec.ts" timestamp="2025-12-19T15:18:25.122Z" hostname="chromium" tests="1" failures="0" skipped="1" time="0" errors="0">
<testcase name="Schedule smoke › shows tabs and demo appointments on week view" classname="schedule-smoke.spec.ts" time="0">
<skipped>
</skipped>
</testcase>
</testsuite>
<testsuite name="schedule-week.acceptance.spec.ts" timestamp="2025-12-19T15:18:25.122Z" hostname="chromium" tests="1" failures="0" skipped="1" time="0" errors="0">
<testcase name="Schedules week acceptance flow › 受け入れ登録が週/日ビューに反映される" classname="schedule-week.acceptance.spec.ts" time="0">
<skipped>
</skipped>
</testcase>
</testsuite>
<testsuite name="schedule-week.aria.smoke.spec.ts" timestamp="2025-12-19T15:18:25.122Z" hostname="chromium" tests="2" failures="0" skipped="2" time="0" errors="0">
<testcase name="Schedule week page – ARIA smoke › exposes main landmark, heading, tabs, and week tabpanel" classname="schedule-week.aria.smoke.spec.ts" time="0">
<skipped>
</skipped>
</testcase>
<testcase name="Schedule week page – ARIA smoke › tab selection toggles when clicking tabs" classname="schedule-week.aria.smoke.spec.ts" time="0">
<skipped>
</skipped>
</testcase>
</testsuite>
<testsuite name="schedule-week.deeplink.spec.ts" timestamp="2025-12-19T15:18:25.122Z" hostname="chromium" tests="1" failures="0" skipped="1" time="0" errors="0">
<testcase name="Schedule week deep link › loads the requested week and preserves announcements after reload" classname="schedule-week.deeplink.spec.ts" time="0">
<skipped>
</skipped>
</testcase>
</testsuite>
<testsuite name="schedule-week.edit.aria.spec.ts" timestamp="2025-12-19T15:18:25.122Z" hostname="chromium" tests="1" failures="0" skipped="1" time="0" errors="0">
<testcase name="Schedules week edit entry › clicking a timeline card opens an edit dialog with data prefilled" classname="schedule-week.edit.aria.spec.ts" time="0">
<skipped>
</skipped>
</testcase>
</testsuite>
<testsuite name="schedule-week.filter.mobile.spec.ts" timestamp="2025-12-19T15:18:25.122Z" hostname="chromium" tests="1" failures="0" skipped="1" time="0" errors="0">
<testcase name="Schedule week – mobile toolbar/search › keeps the timeline visible while using the mobile search toolbar" classname="schedule-week.filter.mobile.spec.ts" time="0">
<skipped>
</skipped>
</testcase>
</testsuite>
<testsuite name="schedule-week.keyboard.spec.ts" timestamp="2025-12-19T15:18:25.122Z" hostname="chromium" tests="3" failures="0" skipped="3" time="0" errors="0">
<testcase name="Schedule week keyboard navigation › keyboard focus moves across tabs and restores the week timeline" classname="schedule-week.keyboard.spec.ts" time="0">
<skipped>
</skipped>
</testcase>
<testcase name="Schedule week keyboard navigation › period navigation buttons respond to keyboard activation" classname="schedule-week.keyboard.spec.ts" time="0">
<skipped>
</skipped>
</testcase>
<testcase name="Schedule week keyboard navigation › search interactions do not change the active week timeline" classname="schedule-week.keyboard.spec.ts" time="0">
<skipped>
</skipped>
</testcase>
</testsuite>
<testsuite name="schedule-week.smoke.spec.ts" timestamp="2025-12-19T15:18:25.122Z" hostname="chromium" tests="3" failures="0" skipped="3" time="0" errors="0">
<testcase name="Schedule week smoke › renders week overview and passes Axe" classname="schedule-week.smoke.spec.ts" time="0">
<skipped>
</skipped>
</testcase>
<testcase name="Schedule week smoke › week tab stays active when switching views" classname="schedule-week.smoke.spec.ts" time="0">
<skipped>
</skipped>
</testcase>
<testcase name="Schedule week smoke › period controls shift the visible week headers" classname="schedule-week.smoke.spec.ts" time="0">
<skipped>
</skipped>
</testcase>
</testsuite>
<testsuite name="schedule.status-service.regression.spec.ts" timestamp="2025-12-19T15:18:25.122Z" hostname="chromium" tests="1" failures="0" skipped="1" time="0" errors="0">
<testcase name="Schedule quick-create (regression) › create new 生活介護休み entry via quick dialog" classname="schedule.status-service.regression.spec.ts" time="0">
<skipped>
</skipped>
</testcase>
</testsuite>
<testsuite name="schedule.status-service.smoke.spec.ts" timestamp="2025-12-19T15:18:25.122Z" hostname="chromium" tests="3" failures="0" skipped="3" time="0" errors="0">
<testcase name="Schedule dialog: status/service end-to-end › edit living care event via quick dialog persists service type" classname="schedule.status-service.smoke.spec.ts" time="0">
<skipped>
</skipped>
</testcase>
<testcase name="Schedule dialog: status/service end-to-end › create new 生活介護休み entry via quick dialog" classname="schedule.status-service.smoke.spec.ts" time="0">
<skipped>
</skipped>
</testcase>
<testcase name="Schedule dialog: status/service end-to-end › legacy 申請中 schedule normalises to その他 in quick dialog" classname="schedule.status-service.smoke.spec.ts" time="0">
<skipped>
</skipped>
</testcase>
</testsuite>
<testsuite name="telemetry.flush.spec.ts" timestamp="2025-12-19T15:18:25.122Z" hostname="chromium" tests="1" failures="0" skipped="1" time="0" errors="0">
<testcase name="Telemetry flush › flushes spans via HUD and falls back on sendBeacon failure" classname="telemetry.flush.spec.ts" time="0">
<skipped>
</skipped>
</testcase>
</testsuite>
<testsuite name="throttle.spec.ts" timestamp="2025-12-19T15:18:25.122Z" hostname="chromium" tests="2" failures="0" skipped="2" time="0" errors="0">
<testcase name="GET 429 -&gt; retry success (no fatal error)" classname="throttle.spec.ts" time="0">
<skipped>
</skipped>
</testcase>
<testcase name="$batch 503 -&gt; retry success (no crash)" classname="throttle.spec.ts" time="0">
<skipped>
</skipped>
</testcase>
</testsuite>
<testsuite name="users-basic-edit-flow.spec.ts" timestamp="2025-12-19T15:18:25.122Z" hostname="chromium" tests="1" failures="0" skipped="1" time="0" errors="0">
<testcase name="users basic info edit flow › edits furigana from the basic info tab" classname="users-basic-edit-flow.spec.ts" time="0">
<skipped>
</skipped>
</testcase>
</testsuite>
<testsuite name="users-dashboard-happy-path.spec.ts" timestamp="2025-12-19T15:18:25.122Z" hostname="chromium" tests="1" failures="0" skipped="1" time="0" errors="0">
<testcase name="users dashboard happy path (seeded) › renders seeded list and navigates via detail CTA" classname="users-dashboard-happy-path.spec.ts" time="0">
<skipped>
</skipped>
</testcase>
</testsuite>
<testsuite name="users-search-filter.spec.ts" timestamp="2025-12-19T15:18:25.122Z" hostname="chromium" tests="1" failures="0" skipped="1" time="0" errors="0">
<testcase name="users search &amp; filter (seeded) › search narrows rows and filters by severity/active flags" classname="users-search-filter.spec.ts" time="0">
<skipped>
</skipped>
</testcase>
</testsuite>
<testsuite name="users-support-flow.spec.ts" timestamp="2025-12-19T15:18:25.122Z" hostname="chromium" tests="1" failures="0" skipped="1" time="0" errors="0">
<testcase name="users support flow › navigates from detail quick access to support procedure guidance" classname="users-support-flow.spec.ts" time="0">
<skipped>
</skipped>
</testcase>
</testsuite>
<testsuite name="users.detail-flow.spec.ts" timestamp="2025-12-19T15:18:25.122Z" hostname="chromium" tests="1" failures="0" skipped="1" time="0" errors="0">
<testcase name="users detail menu › opens demo user detail and navigates via quick access controls" classname="users.detail-flow.spec.ts" time="0">
<skipped>
</skipped>
</testcase>
</testsuite>
<testsuite name="basic-smoke.spec.ts" timestamp="2025-12-19T15:18:25.122Z" hostname="smoke" tests="2" failures="0" skipped="2" time="0" errors="0">
<testcase name="Basic Dashboard › can load homepage" classname="basic-smoke.spec.ts" time="0">
<skipped>
</skipped>
</testcase>
<testcase name="Basic Dashboard › can navigate to dashboard" classname="basic-smoke.spec.ts" time="0">
<skipped>
</skipped>
</testcase>
</testsuite>
<testsuite name="daily-activity.smoke.spec.ts" timestamp="2025-12-19T15:18:25.122Z" hostname="smoke" tests="2" failures="0" skipped="2" time="0" errors="0">
<testcase name="Daily activity smoke › opens activity, shows records, and round-trips via nav/footer" classname="daily-activity.smoke.spec.ts" time="0">
<skipped>
</skipped>
</testcase>
<testcase name="Daily activity smoke › opens edit dialog, cancels, and returns to list" classname="daily-activity.smoke.spec.ts" time="0">
<skipped>
</skipped>
</testcase>
</testsuite>
<testsuite name="dashboard.smoke.spec.ts" timestamp="2025-12-19T15:18:25.122Z" hostname="smoke" tests="4" failures="0" skipped="4" time="0" errors="0">
<testcase name="Dashboard smoke › shows core daily dashboard panels" classname="dashboard.smoke.spec.ts" time="0">
<skipped>
</skipped>
</testcase>
<testcase name="Dashboard smoke › can open schedules from dashboard cta" classname="dashboard.smoke.spec.ts" time="0">
<skipped>
</skipped>
</testcase>
<testcase name="Dashboard smoke › navigates to handoff timeline from dashboard shortcut" classname="dashboard.smoke.spec.ts" time="0">
<skipped>
</skipped>
</testcase>
<testcase name="Dashboard smoke › renders seeded handoff summary counts" classname="dashboard.smoke.spec.ts" time="0">
<skipped>
</skipped>
</testcase>
</testsuite>
<testsuite name="dashboard.tabs.smoke.spec.ts" timestamp="2025-12-19T15:18:25.122Z" hostname="smoke" tests="1" failures="0" skipped="1" time="0" errors="0">
<testcase name="Dashboard tabs render and switch" classname="dashboard.tabs.smoke.spec.ts" time="0">
<skipped>
</skipped>
</testcase>
</testsuite>
<testsuite name="iceberg-pdca.nav.smoke.spec.ts" timestamp="2025-12-19T15:18:25.122Z" hostname="smoke" tests="1" failures="0" skipped="1" time="0" errors="0">
<testcase name="Iceberg PDCA nav smoke › navigates via nav and shows empty state for unmatched user" classname="iceberg-pdca.nav.smoke.spec.ts" time="0">
<skipped>
</skipped>
</testcase>
</testsuite>
<testsuite name="monthly.summary-smoke.spec.ts" timestamp="2025-12-19T15:18:25.122Z" hostname="smoke" tests="10" failures="0" skipped="10" time="0" errors="0">
<testcase name="Monthly Records - Summary Smoke Tests › @ci-smoke monthly summary page renders" classname="monthly.summary-smoke.spec.ts" time="0">
<skipped>
</skipped>
</testcase>
<testcase name="Monthly Records - Summary Smoke Tests › @ci-smoke summary table renders with filters" classname="monthly.summary-smoke.spec.ts" time="0">
<skipped>
</skipped>
</testcase>
<testcase name="Monthly Records - Summary Smoke Tests › @ci-smoke search filter functionality" classname="monthly.summary-smoke.spec.ts" time="0">
<skipped>
</skipped>
</testcase>
<testcase name="Monthly Records - Summary Smoke Tests › @ci-smoke month filter functionality" classname="monthly.summary-smoke.spec.ts" time="0">
<skipped>
</skipped>
</testcase>
<testcase name="Monthly Records - Summary Smoke Tests › @ci-smoke completion rate filter" classname="monthly.summary-smoke.spec.ts" time="0">
<skipped>
</skipped>
</testcase>
<testcase name="Monthly Records - Summary Smoke Tests › @ci-smoke reaggregate button triggers update" classname="monthly.summary-smoke.spec.ts" time="0">
<skipped>
</skipped>
</testcase>
<testcase name="Monthly Records - Summary Smoke Tests › @ci-smoke table sorting functionality" classname="monthly.summary-smoke.spec.ts" time="0">
<skipped>
</skipped>
</testcase>
<testcase name="Monthly Records - Summary Smoke Tests › @ci-smoke tab navigation" classname="monthly.summary-smoke.spec.ts" time="0">
<skipped>
</skipped>
</testcase>
<testcase name="Monthly Records - Summary Smoke Tests › @ci-smoke accessibility compliance" classname="monthly.summary-smoke.spec.ts" time="0">
<skipped>
</skipped>
</testcase>
<testcase name="Monthly Records - Summary Smoke Tests › @ci-smoke detail shortcut navigates to detail tab" classname="monthly.summary-smoke.spec.ts" time="0">
<skipped>
</skipped>
</testcase>
</testsuite>
<testsuite name="nav-and-status.smoke.spec.ts" timestamp="2025-12-19T15:18:25.122Z" hostname="smoke" tests="6" failures="0" skipped="6" time="0" errors="0">
<testcase name="Nav/Status/Footers basics › SP status badge exposes enum state" classname="nav-and-status.smoke.spec.ts" time="0">
<skipped>
</skipped>
</testcase>
<testcase name="Nav/Status/Footers basics › Top nav items expose test ids and aria-current updates" classname="nav-and-status.smoke.spec.ts" time="0">
<skipped>
</skipped>
</testcase>
<testcase name="Nav/Status/Footers basics › Top nav highlights schedules / nurse / iceberg per route" classname="nav-and-status.smoke.spec.ts" time="0">
<skipped>
</skipped>
</testcase>
<testcase name="Nav/Status/Footers basics › Footer quick actions announce active state" classname="nav-and-status.smoke.spec.ts" time="0">
<skipped>
</skipped>
</testcase>
<testcase name="Nav/Status/Footers basics › Footer quick actions expose active state when visiting directly" classname="nav-and-status.smoke.spec.ts" time="0">
<skipped>
</skipped>
</testcase>
<testcase name="Nav/Status/Footers basics › Alt+P HUD is ignored while typing" classname="nav-and-status.smoke.spec.ts" time="0">
<skipped>
</skipped>
</testcase>
</testsuite>
<testsuite name="schedule-day.aria.smoke.spec.ts" timestamp="2025-12-19T15:18:25.122Z" hostname="smoke" tests="2" failures="0" skipped="2" time="0" errors="0">
<testcase name="Schedules day ARIA smoke › Quick create button opens dialog and restores focus" classname="schedule-day.aria.smoke.spec.ts" time="0">
<skipped>
</skipped>
</testcase>
<testcase name="Schedules day ARIA smoke › header action uses descriptive aria-label" classname="schedule-day.aria.smoke.spec.ts" time="0">
<skipped>
</skipped>
</testcase>
</testsuite>
<testsuite name="schedule-day.smoke.spec.ts" timestamp="2025-12-19T15:18:25.122Z" hostname="smoke" tests="1" failures="0" skipped="1" time="0" errors="0">
<testcase name="Schedule day – smoke › renders the day timeline with tabs and basic chrome" classname="schedule-day.smoke.spec.ts" time="0">
<skipped>
</skipped>
</testcase>
</testsuite>
<testsuite name="schedule-month.aria.smoke.spec.ts" timestamp="2025-12-19T15:18:25.122Z" hostname="smoke" tests="4" failures="0" skipped="4" time="0" errors="0">
<testcase name="Schedules month ARIA smoke › shows guidance when no events exist" classname="schedule-month.aria.smoke.spec.ts" time="0">
<skipped>
</skipped>
</testcase>
<testcase name="Schedules month ARIA smoke › exposes heading, navigation, and org indicator" classname="schedule-month.aria.smoke.spec.ts" time="0">
<skipped>
</skipped>
</testcase>
<testcase name="Schedules month ARIA smoke › month navigation updates the heading label" classname="schedule-month.aria.smoke.spec.ts" time="0">
<skipped>
</skipped>
</testcase>
<testcase name="Schedules month ARIA smoke › navigates to day view when a calendar card is clicked" classname="schedule-month.aria.smoke.spec.ts" time="0">
<skipped>
</skipped>
</testcase>
</testsuite>
<testsuite name="schedule-nav.smoke.spec.ts" timestamp="2025-12-19T15:18:25.122Z" hostname="smoke" tests="4" failures="0" skipped="4" time="0" errors="0">
<testcase name="Schedules global navigation › week view can hop to month and back" classname="schedule-nav.smoke.spec.ts" time="0">
<skipped>
</skipped>
</testcase>
<testcase name="Schedules global navigation › day view exposes shared nav buttons" classname="schedule-nav.smoke.spec.ts" time="0">
<skipped>
</skipped>
</testcase>
<testcase name="Schedules global navigation › list view keeps tab navigation available" classname="schedule-nav.smoke.spec.ts" time="0">
<skipped>
</skipped>
</testcase>
<testcase name="Schedules global navigation › month view opened directly still links back to week" classname="schedule-nav.smoke.spec.ts" time="0">
<skipped>
</skipped>
</testcase>
</testsuite>
<testsuite name="schedule-org-tab.smoke.spec.ts" timestamp="2025-12-19T15:18:25.122Z" hostname="smoke" tests="2" failures="0" skipped="2" time="0" errors="0">
<testcase name="Schedules Org Tab (Smoke) › shows Org tab selector and summary" classname="schedule-org-tab.smoke.spec.ts" time="0">
<skipped>
</skipped>
</testcase>
<testcase name="Schedules Org Tab (Smoke) › restores selection from org URL param" classname="schedule-org-tab.smoke.spec.ts" time="0">
<skipped>
</skipped>
</testcase>
</testsuite>
<testsuite name="schedule-smoke.spec.ts" timestamp="2025-12-19T15:18:25.122Z" hostname="smoke" tests="1" failures="0" skipped="1" time="0" errors="0">
<testcase name="Schedule smoke › shows tabs and demo appointments on week view" classname="schedule-smoke.spec.ts" time="0">
<skipped>
</skipped>
</testcase>
</testsuite>
<testsuite name="schedule-week.aria.smoke.spec.ts" timestamp="2025-12-19T15:18:25.122Z" hostname="smoke" tests="2" failures="0" skipped="2" time="0" errors="0">
<testcase name="Schedule week page – ARIA smoke › exposes main landmark, heading, tabs, and week tabpanel" classname="schedule-week.aria.smoke.spec.ts" time="0">
<skipped>
</skipped>
</testcase>
<testcase name="Schedule week page – ARIA smoke › tab selection toggles when clicking tabs" classname="schedule-week.aria.smoke.spec.ts" time="0">
<skipped>
</skipped>
</testcase>
</testsuite>
<testsuite name="schedule-week.smoke.spec.ts" timestamp="2025-12-19T15:18:25.122Z" hostname="smoke" tests="3" failures="0" skipped="3" time="0" errors="0">
<testcase name="Schedule week smoke › renders week overview and passes Axe" classname="schedule-week.smoke.spec.ts" time="0">
<skipped>
</skipped>
</testcase>
<testcase name="Schedule week smoke › week tab stays active when switching views" classname="schedule-week.smoke.spec.ts" time="0">
<skipped>
</skipped>
</testcase>
<testcase name="Schedule week smoke › period controls shift the visible week headers" classname="schedule-week.smoke.spec.ts" time="0">
<skipped>
</skipped>
</testcase>
</testsuite>
<testsuite name="schedule.status-service.smoke.spec.ts" timestamp="2025-12-19T15:18:25.122Z" hostname="smoke" tests="3" failures="0" skipped="3" time="0" errors="0">
<testcase name="Schedule dialog: status/service end-to-end › edit living care event via quick dialog persists service type" classname="schedule.status-service.smoke.spec.ts" time="0">
<skipped>
</skipped>
</testcase>
<testcase name="Schedule dialog: status/service end-to-end › create new 生活介護休み entry via quick dialog" classname="schedule.status-service.smoke.spec.ts" time="0">
<skipped>
</skipped>
</testcase>
<testcase name="Schedule dialog: status/service end-to-end › legacy 申請中 schedule normalises to その他 in quick dialog" classname="schedule.status-service.smoke.spec.ts" time="0">
<skipped>
</skipped>
</testcase>
</testsuite>
</testsuites>