{"total": {"lines":{"total":857,"covered":600,"skipped":0,"pct":70.01},"statements":{"total":857,"covered":600,"skipped":0,"pct":70.01},"functions":{"total":38,"covered":27,"skipped":0,"pct":71.05},"branches":{"total":201,"covered":152,"skipped":0,"pct":75.62},"branchesTrue":{"total":0,"covered":0,"skipped":0,"pct":100}}
,"/Users/yasutakesougo/audit-management-system-mvp/src/auth/msalConfig.ts": {"lines":{"total":13,"covered":13,"skipped":0,"pct":100},"functions":{"total":0,"covered":0,"skipped":0,"pct":100},"statements":{"total":13,"covered":13,"skipped":0,"pct":100},"branches":{"total":2,"covered":0,"skipped":0,"pct":0}}
,"/Users/yasutakesougo/audit-management-system-mvp/src/auth/useAuth.ts": {"lines":{"total":61,"covered":8,"skipped":0,"pct":13.11},"functions":{"total":2,"covered":0,"skipped":0,"pct":0},"statements":{"total":61,"covered":8,"skipped":0,"pct":13.11},"branches":{"total":0,"covered":0,"skipped":0,"pct":100}}
,"/Users/yasutakesougo/audit-management-system-mvp/src/features/audit/batchParser.spec.ts": {"lines":{"total":84,"covered":84,"skipped":0,"pct":100},"functions":{"total":1,"covered":1,"skipped":0,"pct":100},"statements":{"total":84,"covered":84,"skipped":0,"pct":100},"branches":{"total":11,"covered":10,"skipped":0,"pct":90.9}}
,"/Users/yasutakesougo/audit-management-system-mvp/src/features/audit/batchUtil.spec.ts": {"lines":{"total":28,"covered":28,"skipped":0,"pct":100},"functions":{"total":0,"covered":0,"skipped":0,"pct":100},"statements":{"total":28,"covered":28,"skipped":0,"pct":100},"branches":{"total":3,"covered":3,"skipped":0,"pct":100}}
,"/Users/yasutakesougo/audit-management-system-mvp/src/features/audit/batchUtil.ts": {"lines":{"total":122,"covered":116,"skipped":0,"pct":95.08},"functions":{"total":3,"covered":3,"skipped":0,"pct":100},"statements":{"total":122,"covered":116,"skipped":0,"pct":95.08},"branches":{"total":57,"covered":42,"skipped":0,"pct":73.68}}
,"/Users/yasutakesougo/audit-management-system-mvp/src/features/audit/useAuditSyncBatch.resend.spec.ts": {"lines":{"total":40,"covered":40,"skipped":0,"pct":100},"functions":{"total":0,"covered":0,"skipped":0,"pct":100},"statements":{"total":40,"covered":40,"skipped":0,"pct":100},"branches":{"total":5,"covered":5,"skipped":0,"pct":100}}
,"/Users/yasutakesougo/audit-management-system-mvp/src/features/audit/useAuditSyncBatch.ts": {"lines":{"total":144,"covered":16,"skipped":0,"pct":11.11},"functions":{"total":3,"covered":2,"skipped":0,"pct":66.66},"statements":{"total":144,"covered":16,"skipped":0,"pct":11.11},"branches":{"total":12,"covered":12,"skipped":0,"pct":100}}
,"/Users/yasutakesougo/audit-management-system-mvp/src/lib/audit.ts": {"lines":{"total":56,"covered":38,"skipped":0,"pct":67.85},"functions":{"total":5,"covered":4,"skipped":0,"pct":80},"statements":{"total":56,"covered":38,"skipped":0,"pct":67.85},"branches":{"total":12,"covered":6,"skipped":0,"pct":50}}
,"/Users/yasutakesougo/audit-management-system-mvp/src/lib/debugLogger.ts": {"lines":{"total":12,"covered":8,"skipped":0,"pct":66.66},"functions":{"total":5,"covered":0,"skipped":0,"pct":0},"statements":{"total":12,"covered":8,"skipped":0,"pct":66.66},"branches":{"total":0,"covered":0,"skipped":0,"pct":100}}
,"/Users/yasutakesougo/audit-management-system-mvp/src/lib/hashUtil.spec.ts": {"lines":{"total":50,"covered":50,"skipped":0,"pct":100},"functions":{"total":0,"covered":0,"skipped":0,"pct":100},"statements":{"total":50,"covered":50,"skipped":0,"pct":100},"branches":{"total":7,"covered":7,"skipped":0,"pct":100}}
,"/Users/yasutakesougo/audit-management-system-mvp/src/lib/hashUtil.ts": {"lines":{"total":37,"covered":36,"skipped":0,"pct":97.29},"functions":{"total":4,"covered":4,"skipped":0,"pct":100},"statements":{"total":37,"covered":36,"skipped":0,"pct":97.29},"branches":{"total":16,"covered":11,"skipped":0,"pct":68.75}}
,"/Users/yasutakesougo/audit-management-system-mvp/src/lib/spClient.spec.ts": {"lines":{"total":21,"covered":21,"skipped":0,"pct":100},"functions":{"total":0,"covered":0,"skipped":0,"pct":100},"statements":{"total":21,"covered":21,"skipped":0,"pct":100},"branches":{"total":7,"covered":7,"skipped":0,"pct":100}}
,"/Users/yasutakesougo/audit-management-system-mvp/src/lib/spClient.ts": {"lines":{"total":180,"covered":133,"skipped":0,"pct":73.88},"functions":{"total":14,"covered":12,"skipped":0,"pct":85.71},"statements":{"total":180,"covered":133,"skipped":0,"pct":73.88},"branches":{"total":62,"covered":42,"skipped":0,"pct":67.74}}
,"/Users/yasutakesougo/audit-management-system-mvp/src/lib/uuid.ts": {"lines":{"total":9,"covered":9,"skipped":0,"pct":100},"functions":{"total":1,"covered":1,"skipped":0,"pct":100},"statements":{"total":9,"covered":9,"skipped":0,"pct":100},"branches":{"total":7,"covered":7,"skipped":0,"pct":100}}
}
