{"total": {"lines":{"total":1233,"covered":946,"skipped":0,"pct":76.72},"statements":{"total":1233,"covered":946,"skipped":0,"pct":76.72},"functions":{"total":59,"covered":46,"skipped":0,"pct":77.96},"branches":{"total":301,"covered":230,"skipped":0,"pct":76.41},"branchesTrue":{"total":0,"covered":0,"skipped":0,"pct":100}}
,"/Users/yasutakesougo/audit-management-system-mvp/src/auth/msalConfig.ts": {"lines":{"total":13,"covered":13,"skipped":0,"pct":100},"functions":{"total":0,"covered":0,"skipped":0,"pct":100},"statements":{"total":13,"covered":13,"skipped":0,"pct":100},"branches":{"total":1,"covered":0,"skipped":0,"pct":0}}
,"/Users/yasutakesougo/audit-management-system-mvp/src/auth/useAuth.ts": {"lines":{"total":61,"covered":8,"skipped":0,"pct":13.11},"functions":{"total":2,"covered":0,"skipped":0,"pct":0},"statements":{"total":61,"covered":8,"skipped":0,"pct":13.11},"branches":{"total":0,"covered":0,"skipped":0,"pct":100}}
,"/Users/yasutakesougo/audit-management-system-mvp/src/features/audit/AuditPanel.tsx": {"lines":{"total":201,"covered":197,"skipped":0,"pct":98},"functions":{"total":10,"covered":9,"skipped":0,"pct":90},"statements":{"total":201,"covered":197,"skipped":0,"pct":98},"branches":{"total":69,"covered":55,"skipped":0,"pct":79.71}}
,"/Users/yasutakesougo/audit-management-system-mvp/src/features/audit/batchParser.spec.ts": {"lines":{"total":84,"covered":84,"skipped":0,"pct":100},"functions":{"total":1,"covered":1,"skipped":0,"pct":100},"statements":{"total":84,"covered":84,"skipped":0,"pct":100},"branches":{"total":11,"covered":10,"skipped":0,"pct":90.9}}
,"/Users/yasutakesougo/audit-management-system-mvp/src/features/audit/batchUtil.spec.ts": {"lines":{"total":28,"covered":28,"skipped":0,"pct":100},"functions":{"total":0,"covered":0,"skipped":0,"pct":100},"statements":{"total":28,"covered":28,"skipped":0,"pct":100},"branches":{"total":3,"covered":3,"skipped":0,"pct":100}}
,"/Users/yasutakesougo/audit-management-system-mvp/src/features/audit/batchUtil.ts": {"lines":{"total":122,"covered":120,"skipped":0,"pct":98.36},"functions":{"total":3,"covered":3,"skipped":0,"pct":100},"statements":{"total":122,"covered":120,"skipped":0,"pct":98.36},"branches":{"total":58,"covered":44,"skipped":0,"pct":75.86}}
,"/Users/yasutakesougo/audit-management-system-mvp/src/features/audit/exportCsv.ts": {"lines":{"total":31,"covered":31,"skipped":0,"pct":100},"functions":{"total":3,"covered":3,"skipped":0,"pct":100},"statements":{"total":31,"covered":31,"skipped":0,"pct":100},"branches":{"total":9,"covered":6,"skipped":0,"pct":66.66}}
,"/Users/yasutakesougo/audit-management-system-mvp/src/features/audit/labels.ts": {"lines":{"total":5,"covered":5,"skipped":0,"pct":100},"functions":{"total":0,"covered":0,"skipped":0,"pct":100},"statements":{"total":5,"covered":5,"skipped":0,"pct":100},"branches":{"total":0,"covered":0,"skipped":0,"pct":100}}
,"/Users/yasutakesougo/audit-management-system-mvp/src/features/audit/useAuditSync.ts": {"lines":{"total":46,"covered":43,"skipped":0,"pct":93.47},"functions":{"total":1,"covered":1,"skipped":0,"pct":100},"statements":{"total":46,"covered":43,"skipped":0,"pct":93.47},"branches":{"total":8,"covered":2,"skipped":0,"pct":25}}
,"/Users/yasutakesougo/audit-management-system-mvp/src/features/audit/useAuditSyncBatch.resend.spec.ts": {"lines":{"total":40,"covered":40,"skipped":0,"pct":100},"functions":{"total":0,"covered":0,"skipped":0,"pct":100},"statements":{"total":40,"covered":40,"skipped":0,"pct":100},"branches":{"total":5,"covered":5,"skipped":0,"pct":100}}
,"/Users/yasutakesougo/audit-management-system-mvp/src/features/audit/useAuditSyncBatch.ts": {"lines":{"total":175,"covered":19,"skipped":0,"pct":10.85},"functions":{"total":4,"covered":2,"skipped":0,"pct":50},"statements":{"total":175,"covered":19,"skipped":0,"pct":10.85},"branches":{"total":12,"covered":12,"skipped":0,"pct":100}}
,"/Users/yasutakesougo/audit-management-system-mvp/src/features/compliance-checklist/api.ts": {"lines":{"total":20,"covered":20,"skipped":0,"pct":100},"functions":{"total":3,"covered":3,"skipped":0,"pct":100},"statements":{"total":20,"covered":20,"skipped":0,"pct":100},"branches":{"total":3,"covered":3,"skipped":0,"pct":100}}
,"/Users/yasutakesougo/audit-management-system-mvp/src/features/records/api.ts": {"lines":{"total":19,"covered":19,"skipped":0,"pct":100},"functions":{"total":3,"covered":3,"skipped":0,"pct":100},"statements":{"total":19,"covered":19,"skipped":0,"pct":100},"branches":{"total":3,"covered":3,"skipped":0,"pct":100}}
,"/Users/yasutakesougo/audit-management-system-mvp/src/lib/audit.ts": {"lines":{"total":56,"covered":38,"skipped":0,"pct":67.85},"functions":{"total":5,"covered":4,"skipped":0,"pct":80},"statements":{"total":56,"covered":38,"skipped":0,"pct":67.85},"branches":{"total":12,"covered":6,"skipped":0,"pct":50}}
,"/Users/yasutakesougo/audit-management-system-mvp/src/lib/debugLogger.ts": {"lines":{"total":12,"covered":8,"skipped":0,"pct":66.66},"functions":{"total":5,"covered":0,"skipped":0,"pct":0},"statements":{"total":12,"covered":8,"skipped":0,"pct":66.66},"branches":{"total":0,"covered":0,"skipped":0,"pct":100}}
,"/Users/yasutakesougo/audit-management-system-mvp/src/lib/hashUtil.spec.ts": {"lines":{"total":50,"covered":50,"skipped":0,"pct":100},"functions":{"total":0,"covered":0,"skipped":0,"pct":100},"statements":{"total":50,"covered":50,"skipped":0,"pct":100},"branches":{"total":7,"covered":7,"skipped":0,"pct":100}}
,"/Users/yasutakesougo/audit-management-system-mvp/src/lib/hashUtil.ts": {"lines":{"total":37,"covered":36,"skipped":0,"pct":97.29},"functions":{"total":4,"covered":4,"skipped":0,"pct":100},"statements":{"total":37,"covered":36,"skipped":0,"pct":97.29},"branches":{"total":16,"covered":13,"skipped":0,"pct":81.25}}
,"/Users/yasutakesougo/audit-management-system-mvp/src/lib/spClient.spec.ts": {"lines":{"total":21,"covered":21,"skipped":0,"pct":100},"functions":{"total":0,"covered":0,"skipped":0,"pct":100},"statements":{"total":21,"covered":21,"skipped":0,"pct":100},"branches":{"total":7,"covered":7,"skipped":0,"pct":100}}
,"/Users/yasutakesougo/audit-management-system-mvp/src/lib/spClient.ts": {"lines":{"total":188,"covered":161,"skipped":0,"pct":85.63},"functions":{"total":14,"covered":12,"skipped":0,"pct":85.71},"statements":{"total":188,"covered":161,"skipped":0,"pct":85.63},"branches":{"total":70,"covered":49,"skipped":0,"pct":70}}
,"/Users/yasutakesougo/audit-management-system-mvp/src/lib/uuid.ts": {"lines":{"total":24,"covered":5,"skipped":0,"pct":20.83},"functions":{"total":1,"covered":1,"skipped":0,"pct":100},"statements":{"total":24,"covered":5,"skipped":0,"pct":20.83},"branches":{"total":7,"covered":5,"skipped":0,"pct":71.42}}
}
