TN:
SF:src/auth/msalConfig.ts
FNF:0
FNH:0
DA:1,1
DA:3,1
DA:4,1
DA:5,1
DA:6,1
DA:7,1
DA:8,1
DA:9,1
DA:10,1
DA:11,1
DA:12,1
DA:13,1
DA:14,1
LF:13
LH:13
BRDA:3,0,0,0
BRF:1
BRH:0
end_of_record
TN:
SF:src/auth/useAuth.ts
FN:12,debugLog
FN:16,useAuth
FNF:2
FNH:0
FNDA:0,debugLog
FNDA:0,useAuth
DA:1,1
DA:5,1
DA:6,1
DA:7,1
DA:8,1
DA:9,1
DA:11,1
DA:12,0
DA:13,0
DA:14,0
DA:16,1
DA:17,0
DA:18,0
DA:20,0
DA:21,0
DA:22,0
DA:24,0
DA:25,0
DA:26,0
DA:27,0
DA:28,0
DA:29,0
DA:30,0
DA:31,0
DA:32,0
DA:33,0
DA:34,0
DA:35,0
DA:36,0
DA:37,0
DA:38,0
DA:40,0
DA:41,0
DA:42,0
DA:43,0
DA:44,0
DA:45,0
DA:46,0
DA:47,0
DA:48,0
DA:49,0
DA:50,0
DA:52,0
DA:53,0
DA:54,0
DA:55,0
DA:56,0
DA:57,0
DA:59,0
DA:60,0
DA:61,0
DA:62,0
DA:63,0
DA:65,0
DA:66,0
DA:67,0
DA:68,0
DA:69,0
DA:70,0
DA:71,0
DA:72,0
LF:61
LH:8
BRF:0
BRH:0
end_of_record
TN:
SF:src/features/audit/AuditPanel.tsx
FN:9,AuditPanel
FN:25,handleExport
FN:78,onClick
FN:82,onClick
FN:83,onClick
FN:92,onClick
FN:100,onChange
FN:106,onClick
FN:128,onClick
FN:160,onClick
FNF:10
FNH:9
FNDA:30,AuditPanel
FNDA:1,handleExport
FNDA:1,onClick
FNDA:0,onClick
FNDA:1,onClick
FNDA:1,onClick
FNDA:1,onChange
FNDA:2,onClick
FNDA:5,onClick
FNDA:1,onClick
DA:1,1
DA:2,1
DA:3,1
DA:4,1
DA:5,1
DA:7,1
DA:9,1
DA:10,30
DA:11,30
DA:12,30
DA:13,30
DA:15,30
DA:16,30
DA:17,30
DA:18,30
DA:19,30
DA:20,30
DA:21,30
DA:22,30
DA:23,30
DA:25,30
DA:26,1
DA:27,2
DA:28,2
DA:29,2
DA:30,2
DA:31,2
DA:32,2
DA:33,1
DA:34,1
DA:35,1
DA:36,1
DA:38,30
DA:39,30
DA:40,30
DA:41,30
DA:42,30
DA:43,6
DA:44,6
DA:45,6
DA:46,6
DA:47,6
DA:48,6
DA:49,6
DA:50,6
DA:51,6
DA:52,6
DA:55,6
DA:56,6
DA:57,6
DA:58,6
DA:59,6
DA:60,6
DA:61,6
DA:62,6
DA:63,6
DA:64,6
DA:66,30
DA:67,30
DA:68,30
DA:69,30
DA:70,30
DA:71,30
DA:72,30
DA:73,30
DA:74,30
DA:75,30
DA:76,30
DA:77,30
DA:78,30
DA:80,30
DA:81,30
DA:82,1
DA:83,1
DA:84,1
DA:85,1
DA:86,1
DA:87,1
DA:88,1
DA:89,1
DA:90,1
DA:91,1
DA:92,1
DA:93,1
DA:94,1
DA:96,30
DA:97,30
DA:98,30
DA:99,30
DA:100,30
DA:101,30
DA:102,30
DA:103,30
DA:104,30
DA:105,30
DA:106,30
DA:107,2
DA:108,2
DA:109,2
DA:110,2
DA:111,1
DA:112,1
DA:114,1
DA:115,1
DA:116,2
DA:117,1
DA:118,2
DA:119,2
DA:120,2
DA:121,2
DA:122,30
DA:123,30
DA:125,30
DA:126,30
DA:127,30
DA:128,30
DA:129,5
DA:130,5
DA:131,5
DA:132,5
DA:133,5
DA:134,5
DA:135,5
DA:136,5
DA:137,5
DA:138,5
DA:139,5
DA:140,5
DA:141,5
DA:142,5
DA:143,5
DA:144,5
DA:145,5
DA:146,1
DA:147,5
DA:148,5
DA:149,5
DA:150,5
DA:151,30
DA:152,30
DA:154,30
DA:155,30
DA:156,30
DA:157,4
DA:158,4
DA:159,4
DA:160,4
DA:162,1
DA:163,1
DA:164,1
DA:165,1
DA:166,1
DA:167,1
DA:168,1
DA:169,1
DA:170,1
DA:171,1
DA:172,1
DA:173,1
DA:174,0
DA:175,1
DA:176,1
DA:177,1
DA:178,1
DA:179,4
DA:181,30
DA:182,30
DA:183,30
DA:184,30
DA:185,0
DA:186,0
DA:187,0
DA:189,30
DA:190,30
DA:191,30
DA:192,30
DA:193,30
DA:194,30
DA:195,30
DA:196,30
DA:197,30
DA:198,30
DA:199,30
DA:200,30
DA:201,30
DA:202,30
DA:203,71
DA:204,71
DA:205,71
DA:206,71
DA:207,71
DA:208,71
DA:209,71
DA:210,71
DA:211,71
DA:212,30
DA:213,30
DA:214,30
DA:215,30
DA:217,30
DA:219,1
LF:201
LH:197
BRDA:9,0,0,30
BRDA:42,1,0,6
BRDA:45,2,0,2
BRDA:45,3,0,0
BRDA:46,4,0,2
BRDA:47,5,0,2
BRDA:48,6,0,1
BRDA:49,7,0,1
BRDA:50,8,0,0
BRDA:51,9,0,2
BRDA:51,10,0,2
BRDA:51,11,0,0
BRDA:56,12,0,2
BRDA:56,13,0,0
BRDA:59,14,0,2
BRDA:61,15,0,4
BRDA:61,16,0,4
BRDA:61,17,0,2
BRDA:62,18,0,2
BRDA:81,19,0,1
BRDA:81,20,0,1
BRDA:90,21,0,0
BRDA:123,22,0,26
BRDA:125,23,0,8
BRDA:125,24,0,22
BRDA:152,25,0,26
BRDA:154,26,0,8
BRDA:154,27,0,22
BRDA:156,28,0,4
BRDA:156,29,0,4
BRDA:181,30,0,9
BRDA:184,31,0,0
BRDA:25,32,0,1
BRDA:26,33,0,2
BRDA:78,34,0,1
BRDA:83,35,0,1
BRDA:92,36,0,1
BRDA:100,37,0,1
BRDA:102,38,0,72
BRDA:102,39,0,28
BRDA:106,40,0,2
BRDA:110,41,0,1
BRDA:116,42,0,1
BRDA:117,43,0,0
BRDA:128,44,0,5
BRDA:132,45,0,4
BRDA:133,46,0,3
BRDA:133,47,0,3
BRDA:133,48,0,1
BRDA:134,49,0,3
BRDA:134,50,0,1
BRDA:135,51,0,3
BRDA:135,52,0,1
BRDA:136,53,0,3
BRDA:136,54,0,1
BRDA:137,55,0,2
BRDA:137,56,0,2
BRDA:145,57,0,1
BRDA:146,58,0,0
BRDA:160,59,0,1
BRDA:166,60,0,0
BRDA:166,61,0,0
BRDA:167,62,0,0
BRDA:167,63,0,0
BRDA:167,64,0,0
BRDA:173,65,0,0
BRDA:202,66,0,72
BRDA:202,67,0,2
BRDA:202,68,0,71
BRF:69
BRH:55
end_of_record
TN:
SF:src/features/audit/batchParser.spec.ts
FN:5,buildMockBatchResponse
FNF:1
FNH:1
FNDA:4,buildMockBatchResponse
DA:1,1
DA:2,1
DA:5,4
DA:6,4
DA:7,4
DA:8,4
DA:9,10
DA:10,10
DA:11,10
DA:12,10
DA:13,10
DA:14,10
DA:15,10
DA:16,10
DA:17,10
DA:18,10
DA:19,4
DA:21,4
DA:22,4
DA:23,4
DA:24,4
DA:25,4
DA:26,4
DA:27,4
DA:28,4
DA:29,4
DA:30,4
DA:31,4
DA:33,1
DA:34,1
DA:35,1
DA:36,1
DA:37,1
DA:38,1
DA:39,1
DA:40,1
DA:41,1
DA:42,1
DA:43,1
DA:44,1
DA:45,1
DA:47,1
DA:48,1
DA:49,1
DA:50,1
DA:51,1
DA:52,1
DA:53,1
DA:54,1
DA:55,1
DA:56,1
DA:57,1
DA:58,1
DA:59,1
DA:60,1
DA:62,1
DA:63,1
DA:64,1
DA:65,1
DA:66,1
DA:67,1
DA:68,1
DA:69,1
DA:71,1
DA:72,1
DA:73,1
DA:74,1
DA:75,1
DA:77,1
DA:78,1
DA:79,1
DA:80,1
DA:81,1
DA:82,1
DA:83,1
DA:84,1
DA:85,1
DA:86,1
DA:87,1
DA:88,1
DA:89,1
DA:90,1
DA:91,1
DA:92,1
LF:84
LH:84
BRDA:5,0,0,4
BRDA:8,1,0,10
BRDA:14,2,0,5
BRDA:14,3,0,0
BRDA:17,4,0,5
BRDA:17,5,0,5
BRDA:33,6,0,1
BRDA:34,7,0,1
BRDA:47,8,0,1
BRDA:62,9,0,1
BRDA:77,10,0,1
BRF:11
BRH:10
end_of_record
TN:
SF:src/features/audit/batchUtil.spec.ts
FNF:0
FNH:0
DA:1,1
DA:2,1
DA:4,1
DA:5,1
DA:6,1
DA:7,1
DA:8,1
DA:9,1
DA:10,1
DA:11,1
DA:12,1
DA:13,1
DA:14,1
DA:15,1
DA:16,1
DA:17,1
DA:18,1
DA:20,1
DA:22,1
DA:23,1
DA:24,1
DA:26,1
DA:27,2
DA:28,1
DA:30,1
DA:31,1
DA:32,1
DA:33,1
LF:28
LH:28
BRDA:4,0,0,1
BRDA:5,1,0,1
BRDA:26,2,0,2
BRF:3
BRH:3
end_of_record
TN:
SF:src/features/audit/batchUtil.ts
FN:3,buildBatchInsertBody
FN:62,parseBatchFallbackRaw
FN:95,parseBatchInsertResponse
FNF:3
FNH:3
FNDA:2,buildBatchInsertBody
FNDA:4,parseBatchFallbackRaw
FNDA:9,parseBatchInsertResponse
DA:1,1
DA:3,1
DA:4,2
DA:5,2
DA:7,2
DA:9,2
DA:10,2
DA:11,5
DA:12,5
DA:13,5
DA:14,5
DA:15,5
DA:16,5
DA:17,5
DA:18,5
DA:19,5
DA:20,5
DA:21,5
DA:22,5
DA:23,5
DA:24,5
DA:25,2
DA:27,2
DA:28,2
DA:29,2
DA:30,2
DA:31,2
DA:32,2
DA:33,2
DA:34,2
DA:35,2
DA:37,2
DA:38,2
DA:62,4
DA:63,4
DA:64,4
DA:65,4
DA:66,4
DA:67,25
DA:68,25
DA:69,11
DA:70,25
DA:71,25
DA:72,25
DA:73,45
DA:74,45
DA:75,45
DA:76,11
DA:77,25
DA:78,11
DA:79,25
DA:80,25
DA:81,25
DA:82,4
DA:83,4
DA:84,4
DA:85,4
DA:86,4
DA:87,4
DA:88,4
DA:95,9
DA:96,9
DA:98,9
DA:99,9
DA:101,0
DA:102,0
DA:106,9
DA:107,9
DA:108,9
DA:109,9
DA:110,9
DA:111,9
DA:113,9
DA:114,15
DA:115,15
DA:116,15
DA:117,15
DA:119,15
DA:120,15
DA:121,15
DA:122,15
DA:123,8
DA:124,9
DA:125,2
DA:126,2
DA:127,7
DA:129,5
DA:130,5
DA:131,5
DA:132,1
DA:133,1
DA:134,5
DA:136,5
DA:137,5
DA:138,3
DA:139,3
DA:140,3
DA:141,3
DA:142,5
DA:143,5
DA:144,15
DA:146,9
DA:147,9
DA:149,4
DA:150,4
DA:151,4
DA:152,4
DA:153,11
DA:154,11
DA:155,6
DA:156,3
DA:157,3
DA:158,3
DA:159,3
DA:160,3
DA:161,3
DA:162,11
DA:163,4
DA:164,4
DA:165,4
DA:166,9
DA:167,9
LF:122
LH:120
BRDA:3,0,0,2
BRDA:7,1,0,0
BRDA:10,2,0,5
BRDA:62,3,0,4
BRDA:66,4,0,25
BRDA:68,5,0,14
BRDA:68,6,0,11
BRDA:70,7,0,0
BRDA:72,8,0,49
BRDA:72,9,0,45
BRDA:74,10,0,5
BRDA:75,11,0,11
BRDA:77,12,0,33
BRDA:77,13,0,26
BRDA:77,14,0,18
BRDA:77,15,0,11
BRDA:79,16,0,6
BRDA:84,17,0,2
BRDA:85,18,0,2
BRDA:95,19,0,9
BRDA:99,20,0,0
BRDA:113,21,0,15
BRDA:115,22,0,0
BRDA:120,23,0,13
BRDA:120,24,0,2
BRDA:122,25,0,9
BRDA:122,26,0,8
BRDA:124,27,0,7
BRDA:124,28,0,2
BRDA:127,29,0,5
BRDA:131,30,0,1
BRDA:137,31,0,3
BRDA:137,32,0,2
BRDA:138,33,0,0
BRDA:139,34,0,0
BRDA:140,35,0,0
BRDA:146,36,0,0
BRDA:147,37,0,5
BRDA:147,38,0,5
BRDA:147,39,0,4
BRDA:152,40,0,11
BRDA:154,41,0,8
BRDA:154,42,0,5
BRDA:154,43,0,6
BRDA:155,44,0,3
BRDA:158,45,0,0
BRDA:158,46,0,0
BRDA:158,47,0,0
BRDA:158,48,0,0
BRDA:160,49,0,0
BRDA:160,50,0,0
BRDA:163,51,0,1
BRDA:163,52,0,3
BRDA:163,53,0,1
BRDA:166,54,0,3
BRDA:166,55,0,3
BRDA:166,56,0,2
BRDA:106,57,0,23
BRF:58
BRH:44
end_of_record
TN:
SF:src/features/audit/exportCsv.ts
FN:11,buildAuditCsv
FN:13,escape
FN:36,downloadCsv
FNF:3
FNH:3
FNDA:3,buildAuditCsv
FNDA:24,escape
FNDA:1,downloadCsv
DA:11,1
DA:12,3
DA:13,3
DA:14,24
DA:15,24
DA:17,24
DA:18,24
DA:19,24
DA:20,24
DA:21,3
DA:22,4
DA:23,4
DA:24,4
DA:25,4
DA:26,4
DA:27,4
DA:28,4
DA:29,4
DA:30,4
DA:31,3
DA:32,3
DA:33,3
DA:36,1
DA:37,1
DA:38,1
DA:39,1
DA:40,1
DA:41,1
DA:42,1
DA:43,1
DA:44,1
LF:31
LH:31
BRDA:11,0,0,3
BRDA:13,1,0,24
BRDA:14,2,0,0
BRDA:19,3,0,8
BRDA:19,4,0,16
BRDA:21,5,0,4
BRDA:27,6,0,0
BRDA:28,7,0,0
BRDA:36,8,0,1
BRF:9
BRH:6
end_of_record
TN:
SF:src/features/audit/labels.ts
FNF:0
FNH:0
DA:2,1
DA:3,1
DA:4,1
DA:5,1
DA:6,1
LF:5
LH:5
BRF:0
BRH:0
end_of_record
TN:
SF:src/features/audit/useAuditSync.ts
FN:12,useAuditSync
FNF:1
FNH:1
FNDA:1,useAuditSync
DA:1,1
DA:8,1
DA:12,1
DA:13,1
DA:15,1
DA:16,1
DA:17,1
DA:19,1
DA:20,1
DA:21,1
DA:22,1
DA:23,1
DA:24,1
DA:25,1
DA:26,1
DA:27,1
DA:28,1
DA:29,1
DA:30,1
DA:31,1
DA:32,1
DA:33,1
DA:34,1
DA:35,1
DA:36,1
DA:37,1
DA:38,1
DA:39,1
DA:40,1
DA:41,1
DA:42,1
DA:43,0
DA:44,1
DA:45,1
DA:47,1
DA:48,1
DA:49,1
DA:50,0
DA:51,0
DA:52,1
DA:53,1
DA:54,1
DA:55,1
DA:56,1
DA:58,1
DA:59,1
LF:46
LH:43
BRDA:12,0,0,1
BRDA:15,1,0,1
BRDA:17,2,0,0
BRDA:21,3,0,0
BRDA:23,4,0,0
BRDA:42,5,0,0
BRDA:45,6,0,0
BRDA:49,7,0,0
BRF:8
BRH:2
end_of_record
TN:
SF:src/features/audit/useAuditSyncBatch.resend.spec.ts
FNF:0
FNH:0
DA:1,1
DA:2,1
DA:4,1
DA:5,1
DA:6,1
DA:7,1
DA:8,1
DA:9,1
DA:10,1
DA:11,1
DA:12,1
DA:13,1
DA:14,1
DA:15,1
DA:16,1
DA:18,1
DA:19,1
DA:20,1
DA:22,1
DA:23,1
DA:24,1
DA:25,1
DA:26,1
DA:27,1
DA:28,1
DA:29,1
DA:31,1
DA:32,1
DA:33,1
DA:34,1
DA:35,1
DA:36,1
DA:37,1
DA:38,1
DA:39,1
DA:40,1
DA:41,1
DA:42,1
DA:43,1
DA:44,1
LF:40
LH:40
BRDA:4,0,0,1
BRDA:5,1,0,1
BRDA:22,2,0,1
BRDA:23,3,0,3
BRDA:31,4,0,1
BRF:5
BRH:5
end_of_record
TN:
SF:src/features/audit/useAuditSyncBatch.ts
FN:38,summarizeBatchStatuses
FN:48,selectForRetry
FN:52,useAuditSyncBatch
FN:223,window.__E2E_INVOKE_SYNC_BATCH__
FNF:4
FNH:2
FNDA:4,summarizeBatchStatuses
FNDA:4,selectForRetry
FNDA:0,useAuditSyncBatch
FNDA:0,window.__E2E_INVOKE_SYNC_BATCH__
DA:1,1
DA:10,1
DA:13,1
DA:38,1
DA:39,4
DA:40,4
DA:41,17
DA:42,9
DA:43,5
DA:44,17
DA:45,4
DA:46,4
DA:48,1
DA:49,4
DA:50,4
DA:52,1
DA:53,0
DA:55,0
DA:56,0
DA:58,0
DA:59,0
DA:60,0
DA:61,0
DA:62,0
DA:63,0
DA:66,0
DA:67,0
DA:68,0
DA:69,0
DA:70,0
DA:71,0
DA:72,0
DA:73,0
DA:74,0
DA:75,0
DA:76,0
DA:77,0
DA:78,0
DA:79,0
DA:80,0
DA:81,0
DA:82,0
DA:83,0
DA:84,0
DA:85,0
DA:86,0
DA:87,0
DA:90,0
DA:91,0
DA:92,0
DA:93,0
DA:95,0
DA:96,0
DA:97,0
DA:98,0
DA:99,0
DA:101,0
DA:102,0
DA:103,0
DA:104,0
DA:105,0
DA:108,0
DA:109,0
DA:110,0
DA:111,0
DA:112,0
DA:114,0
DA:115,0
DA:116,0
DA:117,0
DA:118,0
DA:119,0
DA:121,0
DA:122,0
DA:123,0
DA:124,0
DA:125,0
DA:126,0
DA:127,0
DA:128,0
DA:129,0
DA:130,0
DA:131,0
DA:132,0
DA:133,0
DA:134,0
DA:135,0
DA:136,0
DA:138,0
DA:139,0
DA:141,0
DA:142,0
DA:143,0
DA:144,0
DA:145,0
DA:146,0
DA:148,0
DA:149,0
DA:151,0
DA:152,0
DA:153,0
DA:154,0
DA:155,0
DA:156,0
DA:157,0
DA:158,0
DA:159,0
DA:160,0
DA:161,0
DA:162,0
DA:163,0
DA:164,0
DA:165,0
DA:166,0
DA:167,0
DA:168,0
DA:169,0
DA:170,0
DA:171,0
DA:172,0
DA:173,0
DA:174,0
DA:175,0
DA:176,0
DA:177,0
DA:178,0
DA:179,0
DA:180,0
DA:181,0
DA:182,0
DA:183,0
DA:184,0
DA:185,0
DA:186,0
DA:189,0
DA:190,0
DA:191,0
DA:193,0
DA:194,0
DA:195,0
DA:196,0
DA:197,0
DA:198,0
DA:199,0
DA:201,0
DA:202,0
DA:203,0
DA:204,0
DA:205,0
DA:206,0
DA:207,0
DA:208,0
DA:209,0
DA:210,0
DA:211,0
DA:212,0
DA:213,0
DA:214,0
DA:215,0
DA:216,0
DA:218,0
DA:219,0
DA:222,1
DA:223,1
DA:224,0
DA:225,0
DA:227,0
DA:228,0
DA:229,0
DA:230,0
DA:231,0
DA:232,0
DA:233,0
DA:234,0
DA:235,1
LF:175
LH:19
BRDA:38,0,0,4
BRDA:40,1,0,17
BRDA:41,2,0,14
BRDA:41,3,0,8
BRDA:41,4,0,9
BRDA:42,5,0,6
BRDA:42,6,0,4
BRDA:42,7,0,5
BRDA:48,8,0,4
BRDA:49,9,0,17
BRDA:49,10,0,9
BRDA:49,11,0,5
BRF:12
BRH:12
end_of_record
TN:
SF:src/features/compliance-checklist/api.ts
FN:7,useChecklistApi
FN:10,list
FN:21,add
FNF:3
FNH:3
FNDA:2,useChecklistApi
FNDA:1,list
FNDA:1,add
DA:1,1
DA:5,1
DA:7,1
DA:8,2
DA:10,2
DA:11,1
DA:12,1
DA:13,1
DA:14,1
DA:15,1
DA:16,1
DA:17,1
DA:18,1
DA:19,1
DA:21,2
DA:22,1
DA:23,1
DA:24,1
DA:26,2
DA:27,2
LF:20
LH:20
BRDA:7,0,0,2
BRDA:10,1,0,1
BRDA:21,2,0,1
BRF:3
BRH:3
end_of_record
TN:
SF:src/features/records/api.ts
FN:6,useRecordsApi
FN:9,list
FN:19,add
FNF:3
FNH:3
FNDA:2,useRecordsApi
FNDA:1,list
FNDA:1,add
DA:1,1
DA:4,1
DA:6,1
DA:7,2
DA:9,2
DA:10,1
DA:11,1
DA:12,1
DA:13,1
DA:14,1
DA:15,1
DA:16,1
DA:17,1
DA:19,2
DA:20,1
DA:21,1
DA:22,1
DA:24,2
DA:25,2
LF:19
LH:19
BRDA:6,0,0,2
BRDA:9,1,0,1
BRDA:19,2,0,1
BRF:3
BRH:3
end_of_record
TN:
SF:src/lib/audit.ts
FN:15,readAudit
FN:29,pushAudit
FN:41,clearAudit
FN:50,retainAuditWhere
FN:67,addAuditLog
FNF:5
FNH:4
FNDA:8,readAudit
FNDA:4,pushAudit
FNDA:1,clearAudit
FNDA:1,retainAuditWhere
FNDA:0,addAuditLog
DA:12,1
DA:13,1
DA:15,1
DA:16,8
DA:17,8
DA:18,8
DA:19,4
DA:20,4
DA:21,4
DA:22,8
DA:23,0
DA:24,0
DA:25,0
DA:26,4
DA:27,4
DA:29,1
DA:30,4
DA:31,4
DA:32,4
DA:33,4
DA:34,4
DA:35,4
DA:36,4
DA:37,0
DA:38,0
DA:39,4
DA:41,1
DA:42,1
DA:43,1
DA:44,1
DA:45,0
DA:46,0
DA:47,1
DA:50,1
DA:51,1
DA:52,1
DA:53,1
DA:54,1
DA:55,0
DA:56,1
DA:57,1
DA:58,1
DA:59,1
DA:60,0
DA:61,0
DA:62,1
DA:66,1
DA:67,1
DA:68,0
DA:69,0
DA:70,0
DA:71,0
DA:72,0
DA:73,0
DA:74,0
DA:75,0
LF:56
LH:38
BRDA:15,0,0,8
BRDA:18,1,0,4
BRDA:22,2,0,0
BRDA:25,3,0,4
BRDA:29,4,0,4
BRDA:34,5,0,0
BRDA:36,6,0,0
BRDA:41,7,0,1
BRDA:44,8,0,0
BRDA:50,9,0,1
BRDA:54,10,0,0
BRDA:59,11,0,0
BRF:12
BRH:6
end_of_record
TN:
SF:src/lib/debugLogger.ts
FN:5,log
FN:12,debug
FN:13,info
FN:14,warn
FN:15,error
FNF:5
FNH:0
FNDA:0,log
FNDA:0,debug
FNDA:0,info
FNDA:0,warn
FNDA:0,error
DA:1,1
DA:5,0
DA:6,0
DA:8,0
DA:9,0
DA:11,1
DA:12,1
DA:13,1
DA:14,1
DA:15,1
DA:16,1
DA:17,1
LF:12
LH:8
BRF:0
BRH:0
end_of_record
TN:
SF:src/lib/hashUtil.spec.ts
FNF:0
FNH:0
DA:1,1
DA:2,1
DA:4,1
DA:5,1
DA:6,1
DA:7,1
DA:8,1
DA:9,1
DA:10,1
DA:11,1
DA:12,1
DA:13,1
DA:14,1
DA:15,1
DA:16,1
DA:17,1
DA:18,1
DA:19,1
DA:20,1
DA:22,1
DA:23,1
DA:24,1
DA:25,1
DA:26,1
DA:27,1
DA:28,1
DA:29,1
DA:30,1
DA:31,1
DA:32,1
DA:33,1
DA:34,1
DA:35,1
DA:36,1
DA:37,1
DA:38,1
DA:39,1
DA:40,1
DA:41,1
DA:42,1
DA:43,1
DA:44,1
DA:45,1
DA:46,1
DA:47,1
DA:48,1
DA:49,1
DA:50,1
DA:51,1
DA:52,1
LF:50
LH:50
BRDA:4,0,0,1
BRDA:5,1,0,1
BRDA:10,2,0,1
BRDA:15,3,0,1
BRDA:22,4,0,1
BRDA:23,5,0,1
BRDA:43,6,0,1
BRF:7
BRH:7
end_of_record
TN:
SF:src/lib/hashUtil.ts
FN:6,canonicalJSONStringify
FN:8,norm
FN:24,sha256Hex
FN:35,computeEntryHash
FNF:4
FNH:4
FNDA:29,canonicalJSONStringify
FNDA:186,norm
FNDA:12,sha256Hex
FNDA:12,computeEntryHash
DA:6,1
DA:7,29
DA:8,29
DA:9,186
DA:10,59
DA:11,59
DA:12,59
DA:13,51
DA:14,59
DA:15,141
DA:16,141
DA:17,51
DA:18,51
DA:19,127
DA:20,186
DA:21,29
DA:22,29
DA:24,12
DA:25,12
DA:27,12
DA:28,0
DA:29,12
DA:30,12
DA:31,12
DA:32,12
DA:35,12
DA:42,12
DA:43,12
DA:44,12
DA:45,12
DA:46,12
DA:47,12
DA:48,12
DA:49,12
DA:50,12
DA:51,12
DA:52,12
LF:37
LH:36
BRDA:6,0,0,29
BRDA:8,1,0,186
BRDA:9,2,0,185
BRDA:9,3,0,59
BRDA:10,4,0,0
BRDA:12,5,0,8
BRDA:12,6,0,51
BRDA:14,7,0,141
BRDA:16,8,0,51
BRDA:18,9,0,127
BRDA:24,10,0,12
BRDA:27,11,0,0
BRDA:31,12,0,384
BRDA:35,13,0,12
BRDA:48,14,0,1
BRDA:49,15,0,0
BRF:16
BRH:13
end_of_record
TN:
SF:src/lib/spClient.spec.ts
FNF:0
FNH:0
DA:1,1
DA:2,1
DA:4,1
DA:5,1
DA:6,1
DA:7,1
DA:8,1
DA:9,1
DA:10,1
DA:12,1
DA:13,1
DA:14,1
DA:15,1
DA:16,1
DA:18,1
DA:19,1
DA:20,1
DA:22,1
DA:23,1
DA:24,1
DA:25,1
LF:21
LH:21
BRDA:4,0,0,1
BRDA:5,1,0,1
BRDA:12,2,0,1
BRDA:18,3,0,1
BRDA:19,4,0,1
BRDA:22,5,0,1
BRDA:23,6,0,1
BRF:7
BRH:7
end_of_record
TN:
SF:src/lib/spClient.ts
FN:5,ensureConfig
FN:9,isPlaceholder
FN:33,createSpClient
FN:35,dbg
FN:36,spFetch
FN:52,doFetch
FN:70,sleep
FN:71,computeBackoff
FN:119,getListItemsByTitle
FN:137,addListItemByTitle
FN:147,postBatch
FN:152,sleep
FN:153,computeBackoff
FN:203,useSP
FNF:14
FNH:12
FNDA:8,ensureConfig
FNDA:14,isPlaceholder
FNDA:12,createSpClient
FNDA:0,dbg
FNDA:9,spFetch
FNDA:17,doFetch
FNDA:6,sleep
FNDA:5,computeBackoff
FNDA:1,getListItemsByTitle
FNDA:2,addListItemByTitle
FNDA:3,postBatch
FNDA:2,sleep
FNDA:1,computeBackoff
FNDA:0,useSP
DA:1,1
DA:2,1
DA:5,1
DA:7,8
DA:8,8
DA:9,8
DA:10,8
DA:11,3
DA:12,3
DA:13,3
DA:14,3
DA:15,3
DA:16,3
DA:17,3
DA:18,5
DA:19,8
DA:20,2
DA:21,2
DA:22,3
DA:23,8
DA:24,8
DA:25,8
DA:26,8
DA:33,1
DA:34,12
DA:35,12
DA:36,12
DA:37,9
DA:38,9
DA:39,0
DA:40,0
DA:41,0
DA:42,9
DA:43,0
DA:44,0
DA:45,0
DA:46,0
DA:47,0
DA:48,0
DA:49,0
DA:50,0
DA:52,9
DA:53,17
DA:54,17
DA:55,17
DA:56,17
DA:57,17
DA:58,2
DA:59,2
DA:60,17
DA:61,17
DA:62,17
DA:64,9
DA:67,9
DA:68,9
DA:69,9
DA:70,9
DA:71,9
DA:72,5
DA:73,5
DA:74,5
DA:75,5
DA:76,9
DA:77,9
DA:78,6
DA:79,6
DA:80,6
DA:81,1
DA:82,1
DA:83,0
DA:84,1
DA:85,1
DA:86,1
DA:87,1
DA:88,1
DA:89,6
DA:90,6
DA:91,0
DA:92,0
DA:93,6
DA:94,6
DA:95,6
DA:96,6
DA:98,9
DA:99,2
DA:100,2
DA:101,2
DA:102,2
DA:103,2
DA:105,9
DA:106,2
DA:107,2
DA:108,2
DA:109,2
DA:110,2
DA:111,0
DA:112,0
DA:113,2
DA:114,2
DA:115,2
DA:116,7
DA:117,9
DA:119,12
DA:120,1
DA:121,1
DA:122,1
DA:123,1
DA:124,1
DA:125,1
DA:126,1
DA:127,1
DA:128,1
DA:129,1
DA:130,1
DA:131,1
DA:132,1
DA:133,1
DA:134,1
DA:135,1
DA:137,12
DA:138,2
DA:139,2
DA:140,2
DA:141,2
DA:142,2
DA:143,1
DA:144,2
DA:147,12
DA:148,3
DA:149,3
DA:150,3
DA:151,3
DA:152,3
DA:153,3
DA:154,1
DA:155,1
DA:156,1
DA:157,1
DA:158,3
DA:159,3
DA:160,5
DA:161,5
DA:162,5
DA:163,5
DA:164,5
DA:165,5
DA:166,5
DA:167,5
DA:169,5
DA:170,5
DA:171,5
DA:172,5
DA:173,5
DA:174,5
DA:175,5
DA:176,5
DA:177,2
DA:178,2
DA:179,2
DA:180,1
DA:181,1
DA:182,1
DA:183,1
DA:184,1
DA:185,2
DA:186,2
DA:187,2
DA:188,2
DA:189,2
DA:190,2
DA:191,0
DA:192,0
DA:193,5
DA:194,0
DA:195,5
DA:196,0
DA:197,0
DA:198,3
DA:200,12
DA:201,12
DA:203,1
DA:204,0
DA:205,0
DA:206,0
DA:207,0
DA:208,0
DA:209,0
DA:212,1
LF:188
LH:161
BRDA:5,0,0,8
BRDA:7,1,0,0
BRDA:7,2,0,0
BRDA:8,3,0,0
BRDA:8,4,0,0
BRDA:10,5,0,6
BRDA:10,6,0,6
BRDA:10,7,0,3
BRDA:17,8,0,5
BRDA:19,9,0,5
BRDA:19,10,0,2
BRDA:21,11,0,3
BRDA:23,12,0,1
BRDA:23,13,0,2
BRDA:9,14,0,14
BRDA:9,15,0,12
BRDA:33,16,0,12
BRDA:36,17,0,9
BRDA:38,18,0,0
BRDA:38,19,0,0
BRDA:42,20,0,0
BRDA:77,21,0,10
BRDA:77,22,0,7
BRDA:77,23,0,6
BRDA:80,24,0,1
BRDA:82,25,0,0
BRDA:82,26,0,0
BRDA:89,27,0,5
BRDA:90,28,0,0
BRDA:98,29,0,4
BRDA:98,30,0,2
BRDA:98,31,0,2
BRDA:105,32,0,2
BRDA:109,33,0,1
BRDA:109,34,0,1
BRDA:110,35,0,0
BRDA:113,36,0,0
BRDA:115,37,0,7
BRDA:52,38,0,17
BRDA:57,39,0,15
BRDA:57,40,0,15
BRDA:57,41,0,15
BRDA:57,42,0,2
BRDA:70,43,0,6
BRDA:70,44,0,6
BRDA:71,45,0,5
BRDA:119,46,0,1
BRDA:134,47,0,0
BRDA:137,48,0,2
BRDA:142,49,0,1
BRDA:147,50,0,3
BRDA:159,51,0,5
BRDA:161,52,0,0
BRDA:172,53,0,2
BRDA:173,54,0,0
BRDA:175,55,0,4
BRDA:175,56,0,3
BRDA:175,57,0,2
BRDA:176,58,0,2
BRDA:179,59,0,1
BRDA:181,60,0,0
BRDA:185,61,0,1
BRDA:186,62,0,0
BRDA:190,63,0,0
BRDA:193,64,0,0
BRDA:193,65,0,0
BRDA:195,66,0,0
BRDA:152,67,0,2
BRDA:152,68,0,2
BRDA:153,69,0,1
BRF:70
BRH:49
end_of_record
TN:
SF:src/lib/uuid.ts
FN:12,safeRandomUUID
FNF:1
FNH:1
FNDA:50007,safeRandomUUID
DA:12,1
DA:13,50007
DA:14,50006
DA:15,50007
DA:16,50007
DA:17,0
DA:18,0
DA:20,0
DA:21,0
DA:22,0
DA:23,0
DA:24,0
DA:25,0
DA:26,0
DA:27,0
DA:28,0
DA:29,0
DA:31,0
DA:33,0
DA:34,0
DA:35,0
DA:36,0
DA:37,0
DA:38,0
LF:24
LH:5
BRDA:12,0,0,50007
BRDA:13,1,0,1
BRDA:13,2,0,1
BRDA:13,3,0,50006
BRDA:15,4,0,50006
BRDA:15,5,0,0
BRDA:16,6,0,0
BRF:7
BRH:5
end_of_record
