TN:
SF:src/auth/msalConfig.ts
FNF:0
FNH:0
DA:1,1
DA:3,1
DA:4,1
DA:5,1
DA:6,1
DA:7,1
DA:8,1
DA:9,1
DA:10,1
DA:11,1
DA:12,1
DA:13,1
DA:14,1
LF:13
LH:13
BRDA:3,0,0,0
BRDA:3,1,0,0
BRF:2
BRH:0
end_of_record
TN:
SF:src/auth/useAuth.ts
FN:12,debugLog
FN:16,useAuth
FNF:2
FNH:0
FNDA:0,debugLog
FNDA:0,useAuth
DA:1,1
DA:5,1
DA:6,1
DA:7,1
DA:8,1
DA:9,1
DA:11,1
DA:12,0
DA:13,0
DA:14,0
DA:16,1
DA:17,0
DA:18,0
DA:20,0
DA:21,0
DA:22,0
DA:24,0
DA:25,0
DA:26,0
DA:27,0
DA:28,0
DA:29,0
DA:30,0
DA:31,0
DA:32,0
DA:33,0
DA:34,0
DA:35,0
DA:36,0
DA:37,0
DA:38,0
DA:40,0
DA:41,0
DA:42,0
DA:43,0
DA:44,0
DA:45,0
DA:46,0
DA:47,0
DA:48,0
DA:49,0
DA:50,0
DA:52,0
DA:53,0
DA:54,0
DA:55,0
DA:56,0
DA:57,0
DA:59,0
DA:60,0
DA:61,0
DA:62,0
DA:63,0
DA:65,0
DA:66,0
DA:67,0
DA:68,0
DA:69,0
DA:70,0
DA:71,0
DA:72,0
LF:61
LH:8
BRF:0
BRH:0
end_of_record
TN:
SF:src/features/audit/batchParser.spec.ts
FN:5,buildMockBatchResponse
FNF:1
FNH:1
FNDA:4,buildMockBatchResponse
DA:1,1
DA:2,1
DA:5,4
DA:6,4
DA:7,4
DA:8,4
DA:9,10
DA:10,10
DA:11,10
DA:12,10
DA:13,10
DA:14,10
DA:15,10
DA:16,10
DA:17,10
DA:18,10
DA:19,4
DA:21,4
DA:22,4
DA:23,4
DA:24,4
DA:25,4
DA:26,4
DA:27,4
DA:28,4
DA:29,4
DA:30,4
DA:31,4
DA:33,1
DA:34,1
DA:35,1
DA:36,1
DA:37,1
DA:38,1
DA:39,1
DA:40,1
DA:41,1
DA:42,1
DA:43,1
DA:44,1
DA:45,1
DA:47,1
DA:48,1
DA:49,1
DA:50,1
DA:51,1
DA:52,1
DA:53,1
DA:54,1
DA:55,1
DA:56,1
DA:57,1
DA:58,1
DA:59,1
DA:60,1
DA:62,1
DA:63,1
DA:64,1
DA:65,1
DA:66,1
DA:67,1
DA:68,1
DA:69,1
DA:71,1
DA:72,1
DA:73,1
DA:74,1
DA:75,1
DA:77,1
DA:78,1
DA:79,1
DA:80,1
DA:81,1
DA:82,1
DA:83,1
DA:84,1
DA:85,1
DA:86,1
DA:87,1
DA:88,1
DA:89,1
DA:90,1
DA:91,1
DA:92,1
LF:84
LH:84
BRDA:5,0,0,4
BRDA:8,1,0,10
BRDA:14,2,0,5
BRDA:14,3,0,0
BRDA:17,4,0,5
BRDA:17,5,0,5
BRDA:33,6,0,1
BRDA:34,7,0,1
BRDA:47,8,0,1
BRDA:62,9,0,1
BRDA:77,10,0,1
BRF:11
BRH:10
end_of_record
TN:
SF:src/features/audit/batchUtil.spec.ts
FNF:0
FNH:0
DA:1,1
DA:2,1
DA:4,1
DA:5,1
DA:6,1
DA:7,1
DA:8,1
DA:9,1
DA:10,1
DA:11,1
DA:12,1
DA:13,1
DA:14,1
DA:15,1
DA:16,1
DA:17,1
DA:18,1
DA:20,1
DA:22,1
DA:23,1
DA:24,1
DA:26,1
DA:27,2
DA:28,1
DA:30,1
DA:31,1
DA:32,1
DA:33,1
LF:28
LH:28
BRDA:4,0,0,1
BRDA:5,1,0,1
BRDA:26,2,0,2
BRF:3
BRH:3
end_of_record
TN:
SF:src/features/audit/batchUtil.ts
FN:3,buildBatchInsertBody
FN:62,parseBatchFallbackRaw
FN:95,parseBatchInsertResponse
FNF:3
FNH:3
FNDA:2,buildBatchInsertBody
FNDA:4,parseBatchFallbackRaw
FNDA:9,parseBatchInsertResponse
DA:1,1
DA:3,1
DA:4,2
DA:5,2
DA:7,2
DA:9,2
DA:10,2
DA:11,5
DA:12,5
DA:13,5
DA:14,5
DA:15,5
DA:16,5
DA:17,5
DA:18,5
DA:19,5
DA:20,5
DA:21,5
DA:22,5
DA:23,5
DA:24,5
DA:25,2
DA:27,2
DA:28,2
DA:29,2
DA:30,2
DA:31,2
DA:32,2
DA:33,2
DA:34,2
DA:35,2
DA:37,2
DA:38,2
DA:62,4
DA:63,4
DA:64,4
DA:65,4
DA:66,4
DA:67,25
DA:68,25
DA:69,11
DA:70,25
DA:71,25
DA:72,25
DA:73,45
DA:74,45
DA:75,45
DA:76,11
DA:77,25
DA:78,11
DA:79,25
DA:80,25
DA:81,25
DA:82,4
DA:83,0
DA:84,0
DA:85,0
DA:86,0
DA:87,4
DA:88,4
DA:95,9
DA:96,9
DA:98,9
DA:99,9
DA:101,0
DA:102,0
DA:106,9
DA:107,9
DA:108,9
DA:109,9
DA:110,9
DA:111,9
DA:113,9
DA:114,15
DA:115,15
DA:116,15
DA:117,15
DA:119,15
DA:120,15
DA:121,15
DA:122,15
DA:123,8
DA:124,9
DA:125,2
DA:126,2
DA:127,7
DA:129,5
DA:130,5
DA:131,5
DA:132,1
DA:133,1
DA:134,5
DA:136,5
DA:137,5
DA:138,3
DA:139,3
DA:140,3
DA:141,3
DA:142,5
DA:143,5
DA:144,15
DA:146,9
DA:147,9
DA:149,4
DA:150,4
DA:151,4
DA:152,4
DA:153,11
DA:154,11
DA:155,6
DA:156,3
DA:157,3
DA:158,3
DA:159,3
DA:160,3
DA:161,3
DA:162,11
DA:163,4
DA:164,4
DA:165,4
DA:166,9
DA:167,9
LF:122
LH:116
BRDA:3,0,0,2
BRDA:7,1,0,0
BRDA:10,2,0,5
BRDA:62,3,0,4
BRDA:66,4,0,25
BRDA:68,5,0,14
BRDA:68,6,0,11
BRDA:70,7,0,0
BRDA:72,8,0,49
BRDA:72,9,0,45
BRDA:74,10,0,5
BRDA:75,11,0,11
BRDA:77,12,0,33
BRDA:77,13,0,26
BRDA:77,14,0,18
BRDA:77,15,0,11
BRDA:79,16,0,6
BRDA:82,17,0,0
BRDA:95,18,0,9
BRDA:99,19,0,0
BRDA:113,20,0,15
BRDA:115,21,0,0
BRDA:120,22,0,13
BRDA:120,23,0,2
BRDA:122,24,0,9
BRDA:122,25,0,8
BRDA:124,26,0,7
BRDA:124,27,0,2
BRDA:127,28,0,5
BRDA:131,29,0,1
BRDA:137,30,0,3
BRDA:137,31,0,2
BRDA:138,32,0,0
BRDA:139,33,0,0
BRDA:140,34,0,0
BRDA:146,35,0,0
BRDA:147,36,0,5
BRDA:147,37,0,5
BRDA:147,38,0,4
BRDA:152,39,0,11
BRDA:154,40,0,8
BRDA:154,41,0,5
BRDA:154,42,0,6
BRDA:155,43,0,3
BRDA:158,44,0,0
BRDA:158,45,0,0
BRDA:158,46,0,0
BRDA:158,47,0,0
BRDA:160,48,0,0
BRDA:160,49,0,0
BRDA:163,50,0,1
BRDA:163,51,0,3
BRDA:163,52,0,1
BRDA:166,53,0,3
BRDA:166,54,0,3
BRDA:166,55,0,2
BRDA:106,56,0,23
BRF:57
BRH:42
end_of_record
TN:
SF:src/features/audit/useAuditSyncBatch.resend.spec.ts
FNF:0
FNH:0
DA:1,1
DA:2,1
DA:4,1
DA:5,1
DA:6,1
DA:7,1
DA:8,1
DA:9,1
DA:10,1
DA:11,1
DA:12,1
DA:13,1
DA:14,1
DA:15,1
DA:16,1
DA:18,1
DA:19,1
DA:20,1
DA:22,1
DA:23,1
DA:24,1
DA:25,1
DA:26,1
DA:27,1
DA:28,1
DA:29,1
DA:31,1
DA:32,1
DA:33,1
DA:34,1
DA:35,1
DA:36,1
DA:37,1
DA:38,1
DA:39,1
DA:40,1
DA:41,1
DA:42,1
DA:43,1
DA:44,1
LF:40
LH:40
BRDA:4,0,0,1
BRDA:5,1,0,1
BRDA:22,2,0,1
BRDA:23,3,0,3
BRDA:31,4,0,1
BRF:5
BRH:5
end_of_record
TN:
SF:src/features/audit/useAuditSyncBatch.ts
FN:38,summarizeBatchStatuses
FN:48,selectForRetry
FN:52,useAuditSyncBatch
FNF:3
FNH:2
FNDA:4,summarizeBatchStatuses
FNDA:4,selectForRetry
FNDA:0,useAuditSyncBatch
DA:1,1
DA:10,1
DA:13,1
DA:38,1
DA:39,4
DA:40,4
DA:41,17
DA:42,9
DA:43,5
DA:44,17
DA:45,4
DA:46,4
DA:48,1
DA:49,4
DA:50,4
DA:52,1
DA:53,0
DA:55,0
DA:56,0
DA:58,0
DA:59,0
DA:60,0
DA:61,0
DA:62,0
DA:63,0
DA:66,0
DA:67,0
DA:68,0
DA:69,0
DA:70,0
DA:71,0
DA:72,0
DA:73,0
DA:74,0
DA:75,0
DA:76,0
DA:77,0
DA:78,0
DA:79,0
DA:80,0
DA:81,0
DA:82,0
DA:83,0
DA:84,0
DA:85,0
DA:86,0
DA:87,0
DA:90,0
DA:91,0
DA:92,0
DA:93,0
DA:95,0
DA:96,0
DA:97,0
DA:98,0
DA:99,0
DA:101,0
DA:102,0
DA:103,0
DA:104,0
DA:105,0
DA:108,0
DA:109,0
DA:110,0
DA:111,0
DA:112,0
DA:114,0
DA:115,0
DA:116,0
DA:117,0
DA:118,0
DA:119,0
DA:120,0
DA:122,0
DA:123,0
DA:125,0
DA:126,0
DA:127,0
DA:128,0
DA:129,0
DA:130,0
DA:132,0
DA:133,0
DA:135,0
DA:136,0
DA:137,0
DA:138,0
DA:139,0
DA:140,0
DA:141,0
DA:142,0
DA:143,0
DA:144,0
DA:145,0
DA:146,0
DA:147,0
DA:148,0
DA:149,0
DA:150,0
DA:151,0
DA:152,0
DA:153,0
DA:154,0
DA:155,0
DA:156,0
DA:157,0
DA:158,0
DA:159,0
DA:160,0
DA:161,0
DA:162,0
DA:163,0
DA:164,0
DA:165,0
DA:166,0
DA:167,0
DA:168,0
DA:169,0
DA:170,0
DA:172,0
DA:173,0
DA:174,0
DA:175,0
DA:176,0
DA:177,0
DA:178,0
DA:180,0
DA:181,0
DA:182,0
DA:183,0
DA:184,0
DA:185,0
DA:186,0
DA:187,0
DA:188,0
DA:189,0
DA:190,0
DA:191,0
DA:192,0
DA:193,0
DA:194,0
DA:195,0
DA:197,0
DA:198,0
LF:144
LH:16
BRDA:38,0,0,4
BRDA:40,1,0,17
BRDA:41,2,0,14
BRDA:41,3,0,8
BRDA:41,4,0,9
BRDA:42,5,0,6
BRDA:42,6,0,4
BRDA:42,7,0,5
BRDA:48,8,0,4
BRDA:49,9,0,17
BRDA:49,10,0,9
BRDA:49,11,0,5
BRF:12
BRH:12
end_of_record
TN:
SF:src/lib/audit.ts
FN:15,readAudit
FN:29,pushAudit
FN:41,clearAudit
FN:50,retainAuditWhere
FN:67,addAuditLog
FNF:5
FNH:4
FNDA:8,readAudit
FNDA:4,pushAudit
FNDA:1,clearAudit
FNDA:1,retainAuditWhere
FNDA:0,addAuditLog
DA:12,1
DA:13,1
DA:15,1
DA:16,8
DA:17,8
DA:18,8
DA:19,4
DA:20,4
DA:21,4
DA:22,8
DA:23,0
DA:24,0
DA:25,0
DA:26,4
DA:27,4
DA:29,1
DA:30,4
DA:31,4
DA:32,4
DA:33,4
DA:34,4
DA:35,4
DA:36,4
DA:37,0
DA:38,0
DA:39,4
DA:41,1
DA:42,1
DA:43,1
DA:44,1
DA:45,0
DA:46,0
DA:47,1
DA:50,1
DA:51,1
DA:52,1
DA:53,1
DA:54,1
DA:55,0
DA:56,1
DA:57,1
DA:58,1
DA:59,1
DA:60,0
DA:61,0
DA:62,1
DA:66,1
DA:67,1
DA:68,0
DA:69,0
DA:70,0
DA:71,0
DA:72,0
DA:73,0
DA:74,0
DA:75,0
LF:56
LH:38
BRDA:15,0,0,8
BRDA:18,1,0,4
BRDA:22,2,0,0
BRDA:25,3,0,4
BRDA:29,4,0,4
BRDA:34,5,0,0
BRDA:36,6,0,0
BRDA:41,7,0,1
BRDA:44,8,0,0
BRDA:50,9,0,1
BRDA:54,10,0,0
BRDA:59,11,0,0
BRF:12
BRH:6
end_of_record
TN:
SF:src/lib/debugLogger.ts
FN:5,log
FN:12,debug
FN:13,info
FN:14,warn
FN:15,error
FNF:5
FNH:0
FNDA:0,log
FNDA:0,debug
FNDA:0,info
FNDA:0,warn
FNDA:0,error
DA:1,1
DA:5,0
DA:6,0
DA:8,0
DA:9,0
DA:11,1
DA:12,1
DA:13,1
DA:14,1
DA:15,1
DA:16,1
DA:17,1
LF:12
LH:8
BRF:0
BRH:0
end_of_record
TN:
SF:src/lib/hashUtil.spec.ts
FNF:0
FNH:0
DA:1,1
DA:2,1
DA:4,1
DA:5,1
DA:6,1
DA:7,1
DA:8,1
DA:9,1
DA:10,1
DA:11,1
DA:12,1
DA:13,1
DA:14,1
DA:15,1
DA:16,1
DA:17,1
DA:18,1
DA:19,1
DA:20,1
DA:22,1
DA:23,1
DA:24,1
DA:25,1
DA:26,1
DA:27,1
DA:28,1
DA:29,1
DA:30,1
DA:31,1
DA:32,1
DA:33,1
DA:34,1
DA:35,1
DA:36,1
DA:37,1
DA:38,1
DA:39,1
DA:40,1
DA:41,1
DA:42,1
DA:43,1
DA:44,1
DA:45,1
DA:46,1
DA:47,1
DA:48,1
DA:49,1
DA:50,1
DA:51,1
DA:52,1
LF:50
LH:50
BRDA:4,0,0,1
BRDA:5,1,0,1
BRDA:10,2,0,1
BRDA:15,3,0,1
BRDA:22,4,0,1
BRDA:23,5,0,1
BRDA:43,6,0,1
BRF:7
BRH:7
end_of_record
TN:
SF:src/lib/hashUtil.ts
FN:6,canonicalJSONStringify
FN:8,norm
FN:24,sha256Hex
FN:35,computeEntryHash
FNF:4
FNH:4
FNDA:27,canonicalJSONStringify
FNDA:177,norm
FNDA:11,sha256Hex
FNDA:11,computeEntryHash
DA:6,1
DA:7,27
DA:8,27
DA:9,177
DA:10,57
DA:11,57
DA:12,57
DA:13,49
DA:14,57
DA:15,134
DA:16,134
DA:17,49
DA:18,49
DA:19,120
DA:20,177
DA:21,27
DA:22,27
DA:24,11
DA:25,11
DA:27,11
DA:28,0
DA:29,11
DA:30,11
DA:31,11
DA:32,11
DA:35,11
DA:42,11
DA:43,11
DA:44,11
DA:45,11
DA:46,11
DA:47,11
DA:48,11
DA:49,11
DA:50,11
DA:51,11
DA:52,11
LF:37
LH:36
BRDA:6,0,0,27
BRDA:8,1,0,177
BRDA:9,2,0,57
BRDA:10,3,0,0
BRDA:12,4,0,8
BRDA:12,5,0,49
BRDA:14,6,0,134
BRDA:16,7,0,49
BRDA:18,8,0,120
BRDA:24,9,0,11
BRDA:27,10,0,0
BRDA:27,11,0,0
BRDA:31,12,0,352
BRDA:35,13,0,11
BRDA:48,14,0,0
BRDA:49,15,0,0
BRF:16
BRH:11
end_of_record
TN:
SF:src/lib/spClient.spec.ts
FNF:0
FNH:0
DA:1,1
DA:2,1
DA:4,1
DA:5,1
DA:6,1
DA:7,1
DA:8,1
DA:9,1
DA:10,1
DA:12,1
DA:13,1
DA:14,1
DA:15,1
DA:16,1
DA:18,1
DA:19,1
DA:20,1
DA:22,1
DA:23,1
DA:24,1
DA:25,1
LF:21
LH:21
BRDA:4,0,0,1
BRDA:5,1,0,1
BRDA:12,2,0,1
BRDA:18,3,0,1
BRDA:19,4,0,1
BRDA:22,5,0,1
BRDA:23,6,0,1
BRF:7
BRH:7
end_of_record
TN:
SF:src/lib/spClient.ts
FN:5,ensureConfig
FN:9,isPlaceholder
FN:33,createSpClient
FN:35,dbg
FN:36,spFetch
FN:52,doFetch
FN:70,sleep
FN:71,computeBackoff
FN:117,getListItemsByTitle
FN:135,addListItemByTitle
FN:145,postBatch
FN:150,sleep
FN:151,computeBackoff
FN:194,useSP
FNF:14
FNH:12
FNDA:4,ensureConfig
FNDA:7,isPlaceholder
FNDA:8,createSpClient
FNDA:6,dbg
FNDA:7,spFetch
FNDA:15,doFetch
FNDA:6,sleep
FNDA:5,computeBackoff
FNDA:0,getListItemsByTitle
FNDA:1,addListItemByTitle
FNDA:1,postBatch
FNDA:1,sleep
FNDA:1,computeBackoff
FNDA:0,useSP
DA:1,1
DA:2,1
DA:5,1
DA:7,4
DA:8,4
DA:9,4
DA:10,4
DA:11,1
DA:12,1
DA:13,1
DA:14,1
DA:15,1
DA:16,1
DA:17,1
DA:18,3
DA:19,4
DA:20,1
DA:21,1
DA:22,2
DA:23,4
DA:24,4
DA:25,4
DA:26,4
DA:33,1
DA:34,8
DA:35,8
DA:36,8
DA:37,7
DA:38,7
DA:39,0
DA:40,0
DA:41,0
DA:42,7
DA:43,0
DA:44,0
DA:45,0
DA:46,0
DA:47,0
DA:48,0
DA:49,0
DA:50,0
DA:52,7
DA:53,15
DA:54,15
DA:55,15
DA:56,15
DA:57,15
DA:58,1
DA:59,1
DA:60,15
DA:61,15
DA:62,15
DA:64,7
DA:67,7
DA:68,7
DA:69,7
DA:70,7
DA:71,7
DA:72,5
DA:73,5
DA:74,5
DA:75,5
DA:76,7
DA:77,7
DA:78,6
DA:79,6
DA:80,6
DA:81,1
DA:82,1
DA:83,0
DA:84,1
DA:85,1
DA:86,1
DA:87,1
DA:88,1
DA:89,6
DA:90,6
DA:91,6
DA:92,6
DA:93,6
DA:94,6
DA:96,7
DA:97,2
DA:98,2
DA:99,2
DA:100,2
DA:101,2
DA:103,7
DA:104,2
DA:105,2
DA:106,2
DA:107,2
DA:108,2
DA:109,0
DA:110,0
DA:111,2
DA:112,2
DA:113,2
DA:114,5
DA:115,7
DA:117,8
DA:118,0
DA:119,0
DA:120,0
DA:121,0
DA:122,0
DA:123,0
DA:124,0
DA:125,0
DA:126,0
DA:127,0
DA:128,0
DA:129,0
DA:130,0
DA:131,0
DA:132,0
DA:133,0
DA:135,8
DA:136,1
DA:137,1
DA:138,1
DA:139,1
DA:140,1
DA:141,0
DA:142,1
DA:145,8
DA:146,1
DA:147,1
DA:148,1
DA:149,1
DA:150,1
DA:151,1
DA:152,1
DA:153,1
DA:154,1
DA:155,1
DA:156,1
DA:157,1
DA:158,2
DA:159,2
DA:160,2
DA:161,2
DA:162,2
DA:163,2
DA:164,2
DA:165,2
DA:166,2
DA:167,2
DA:168,1
DA:169,1
DA:170,1
DA:171,0
DA:172,0
DA:173,0
DA:174,0
DA:175,0
DA:176,1
DA:177,1
DA:178,1
DA:179,1
DA:180,1
DA:181,1
DA:182,0
DA:183,0
DA:184,2
DA:185,0
DA:186,2
DA:187,0
DA:188,0
DA:189,1
DA:191,8
DA:192,8
DA:194,1
DA:195,0
DA:196,0
DA:197,0
DA:198,0
DA:199,0
DA:200,0
DA:203,1
LF:180
LH:133
BRDA:5,0,0,4
BRDA:7,1,0,0
BRDA:7,2,0,0
BRDA:8,3,0,0
BRDA:8,4,0,0
BRDA:10,5,0,3
BRDA:10,6,0,1
BRDA:17,7,0,3
BRDA:19,8,0,1
BRDA:21,9,0,2
BRDA:23,10,0,1
BRDA:23,11,0,1
BRDA:9,12,0,7
BRDA:9,13,0,6
BRDA:33,14,0,8
BRDA:35,15,0,6
BRDA:35,16,0,0
BRDA:36,17,0,7
BRDA:38,18,0,0
BRDA:38,19,0,0
BRDA:42,20,0,0
BRDA:77,21,0,10
BRDA:77,22,0,7
BRDA:77,23,0,6
BRDA:80,24,0,1
BRDA:82,25,0,0
BRDA:82,26,0,0
BRDA:89,27,0,5
BRDA:96,28,0,4
BRDA:96,29,0,2
BRDA:96,30,0,2
BRDA:103,31,0,6
BRDA:103,32,0,2
BRDA:107,33,0,1
BRDA:107,34,0,1
BRDA:108,35,0,0
BRDA:111,36,0,0
BRDA:113,37,0,5
BRDA:52,38,0,15
BRDA:57,39,0,14
BRDA:57,40,0,14
BRDA:57,41,0,14
BRDA:57,42,0,1
BRDA:70,43,0,6
BRDA:70,44,0,6
BRDA:71,45,0,5
BRDA:135,46,0,1
BRDA:140,47,0,0
BRDA:145,48,0,1
BRDA:157,49,0,2
BRDA:159,50,0,0
BRDA:166,51,0,1
BRDA:167,52,0,1
BRDA:170,53,0,0
BRDA:177,54,0,0
BRDA:181,55,0,0
BRDA:184,56,0,0
BRDA:184,57,0,0
BRDA:186,58,0,0
BRDA:150,59,0,1
BRDA:150,60,0,1
BRDA:151,61,0,1
BRF:62
BRH:42
end_of_record
TN:
SF:src/lib/uuid.ts
FN:3,safeRandomUUID
FNF:1
FNH:1
FNDA:6,safeRandomUUID
DA:3,1
DA:4,6
DA:5,6
DA:6,5
DA:7,155
DA:8,155
DA:9,155
DA:10,5
DA:11,5
LF:9
LH:9
BRDA:3,0,0,6
BRDA:5,1,0,1
BRDA:5,2,0,5
BRDA:5,3,0,1
BRDA:6,4,0,155
BRDA:8,5,0,150
BRDA:8,6,0,5
BRF:7
BRH:7
end_of_record
